INFO:tt_main:********************************************************************************************************************
INFO:tt_main:*                                           TIMETABLE GENERATOR                                                    *
INFO:tt_main:*                                                                                                                  *
INFO:tt_main:*                                                   BY:                                                            *
INFO:tt_main:*                                               BISHAL BUDHATHOKI                                                  *
INFO:tt_main:*                                               BIPLOVE SHAKYA                                                     *
INFO:tt_main:*                                               SHEKHAR PALIT                                                      *
INFO:tt_main:*                              Department of Computer Science & Engineering                                        *
INFO:tt_main:*                                                                                                                  *
INFO:tt_main:*                                                  FOR:                                                            *
INFO:tt_main:*                                    SJC Institute of Technology, Nitte                                            *
INFO:tt_main:********************************************************************************************************************
INFO:tt_main:Current Directory: D:\Projects\timetable-master\timetable-master
INFO:tt_main:Current screen resolution: 1366 768
INFO:tt_main:Resize ratio: 0.7
DEBUG:tt_main:Initializing and setting up year window
DEBUG:tt_main:Initializing and setting up first window
DEBUG:tt_main:Initializing and setting up elective window
DEBUG:tt_main:Initializing and setting up about window
DEBUG:tt_main:Initializing and setting up license window
DEBUG:tt_main:Initializing and setting up second window
DEBUG:tt_main:Initializing and setting up third window
DEBUG:tt_main:Initializing and setting up fourth window
DEBUG:tt_main:Initializing and setting up fifth window
DEBUG:tt_main:Year Window
INFO:tt_main:Academic year: January 2018 January 2018 Department: Civil Engineering
DEBUG:tt_main:First Window
DEBUG:tt_main:Second Window
DEBUG:tt_main:Resetting/Populating Second Window
INFO:tt_main:Assigned Subjects: OrderedDict([('III', {}), ('IV', {}), ('V', {}), ('VI', {}), ('VII', {}), ('VIII', {})])
DEBUG:tt_main:Third Window
INFO:tt_main:Semester: III
INFO:tt_main:Subject constraints: {}
INFO:tt_main:Slot type: -
DEBUG:tt_main:Fourth Window
DEBUG:tt_main:Third Window
INFO:tt_main:Assigning subject constraints
INFO:tt_main:1 3
INFO:tt_main:Subject constraints: {'III': {'': {1: {3: '-'}}}}
INFO:tt_main:Assigning subject constraints
INFO:tt_main:2 2
INFO:tt_main:Subject constraints: {'III': {'': {1: {3: '-'}, 2: {2: '-'}}}}
INFO:tt_main:Assigning subject constraints
INFO:tt_main:5 3
INFO:tt_main:Subject constraints: {'III': {'': {1: {3: '-'}, 2: {2: '-'}, 5: {3: '-'}}}}
INFO:tt_main:Assigning subject constraints
INFO:tt_main:5 4
INFO:tt_main:Subject constraints: {'III': {'': {1: {3: '-'}, 2: {2: '-'}, 5: {3: '-', 4: '-'}}}}
INFO:tt_main:Assigning subject constraints
INFO:tt_main:5 5
INFO:tt_main:Subject constraints: {'III': {'': {1: {3: '-'}, 2: {2: '-'}, 5: {3: '-', 4: '-', 5: '-'}}}}
INFO:tt_main:Assigning subject constraints
INFO:tt_main:4 6
INFO:tt_main:Subject constraints: {'III': {'': {1: {3: '-'}, 2: {2: '-'}, 5: {3: '-', 4: '-', 5: '-'}, 4: {6: '-'}}}}
INFO:tt_main:Assigning subject constraints
INFO:tt_main:2 6
INFO:tt_main:Subject constraints: {'III': {'': {1: {3: '-'}, 2: {2: '-', 6: '-'}, 5: {3: '-', 4: '-', 5: '-'}, 4: {6: '-'}}}}
INFO:tt_main:Assigning subject constraints
INFO:tt_main:1 4
INFO:tt_main:Subject constraints: {'III': {'': {1: {3: '-', 4: '-'}, 2: {2: '-', 6: '-'}, 5: {3: '-', 4: '-', 5: '-'}, 4: {6: '-'}}}}
INFO:tt_main:Assigning subject constraints
INFO:tt_main:3 4
INFO:tt_main:Subject constraints: {'III': {'': {1: {3: '-', 4: '-'}, 2: {2: '-', 6: '-'}, 5: {3: '-', 4: '-', 5: '-'}, 4: {6: '-'}, 3: {4: '-'}}}}
INFO:tt_main:Assigning subject constraints
INFO:tt_main:4 1
INFO:tt_main:Subject constraints: {'III': {'': {1: {3: '-', 4: '-'}, 2: {2: '-', 6: '-'}, 5: {3: '-', 4: '-', 5: '-'}, 4: {6: '-', 1: '-'}, 3: {4: '-'}}}}
DEBUG:tt_main:Fourth Window
INFO:tt_main:Assigning faculty constraints
INFO:tt_main:2 4
INFO:tt_main:Faculty constraints: {'': {2: {4: '-'}}}
INFO:tt_main:Assigning faculty constraints
INFO:tt_main:3 4
INFO:tt_main:Faculty constraints: {'': {2: {4: '-'}, 3: {4: '-'}}}
INFO:tt_main:Assigning faculty constraints
INFO:tt_main:4 3
INFO:tt_main:Faculty constraints: {'': {2: {4: '-'}, 3: {4: '-'}, 4: {3: '-'}}}
INFO:tt_main:Assigning faculty constraints
INFO:tt_main:4 5
INFO:tt_main:Faculty constraints: {'': {2: {4: '-'}, 3: {4: '-'}, 4: {3: '-', 5: '-'}}}
INFO:tt_main:Assigning faculty constraints
INFO:tt_main:1 5
INFO:tt_main:Faculty constraints: {'': {2: {4: '-'}, 3: {4: '-'}, 4: {3: '-', 5: '-'}, 1: {5: '-'}}}
INFO:tt_main:Assigning faculty constraints
INFO:tt_main:1 2
INFO:tt_main:Faculty constraints: {'': {2: {4: '-'}, 3: {4: '-'}, 4: {3: '-', 5: '-'}, 1: {5: '-', 2: '-'}}}
INFO:tt_main:Assigning faculty constraints
INFO:tt_main:0 2
INFO:tt_main:Faculty constraints: {'': {2: {4: '-'}, 3: {4: '-'}, 4: {3: '-', 5: '-'}, 1: {5: '-', 2: '-'}, 0: {2: '-'}}}
INFO:tt_main:Assigning faculty constraints
INFO:tt_main:2 0
INFO:tt_main:Faculty constraints: {'': {2: {4: '-', 0: '-'}, 3: {4: '-'}, 4: {3: '-', 5: '-'}, 1: {5: '-', 2: '-'}, 0: {2: '-'}}}
INFO:tt_main:Assigning faculty constraints
INFO:tt_main:4 7
INFO:tt_main:Faculty constraints: {'': {2: {4: '-', 0: '-'}, 3: {4: '-'}, 4: {3: '-', 5: '-', 7: '-'}, 1: {5: '-', 2: '-'}, 0: {2: '-'}}}
DEBUG:tt_main:Resetting Fifth Window
DEBUG:tt_main:Fifth Window
DEBUG:tt_main:Generating timetable...
Scheduling slots...
Alotting subjects to slots...
ERROR:tt_main:Logging an uncaught exception
Traceback (most recent call last):
  File "D:/Projects/timetable-master/timetable-master/ui_controller.py", line 1435, in generate_event
    self.timetables, self.faculty_timetables, dayclash = tt.produce_timetable(self, loc)
  File "D:\Projects\timetable-master\timetable-master\tt.py", line 304, in produce_timetable
    timetables[sem][section].final[day][hour] = True
KeyError: 'III'
