INFO:tt_main:********************************************************************************************************************
INFO:tt_main:*                                           TIMETABLE GENERATOR                                                    *
INFO:tt_main:*                                                                                                                  *
INFO:tt_main:*                                                   BY:                                                            *
INFO:tt_main:*                                               Nihal Rao I                                                        *
INFO:tt_main:*                                             Sanjan S Poojari                                                     *
INFO:tt_main:*                                             Shishir Upadhya                                                      *
INFO:tt_main:*                              Department of Computer Science & Engineering                                        *
INFO:tt_main:*                                                                                                                  *
INFO:tt_main:*                                                  FOR:                                                            *
INFO:tt_main:*                                   NMAM Institute of Technology, Nitte                                            *
INFO:tt_main:********************************************************************************************************************
INFO:tt_main:Current Directory: D:\Projects\timetable-master\timetable-master
INFO:tt_main:Current screen resolution: 1366 768
INFO:tt_main:Resize ratio: 0.7
DEBUG:tt_main:Initializing and setting up year window
DEBUG:tt_main:Initializing and setting up first window
DEBUG:tt_main:Initializing and setting up elective window
DEBUG:tt_main:Initializing and setting up about window
DEBUG:tt_main:Initializing and setting up license window
DEBUG:tt_main:Initializing and setting up second window
DEBUG:tt_main:Initializing and setting up third window
DEBUG:tt_main:Initializing and setting up fourth window
DEBUG:tt_main:Initializing and setting up fifth window
DEBUG:tt_main:Year Window
INFO:tt_main:Academic year: January 2018 January 2018 Department: Biotechnology
DEBUG:tt_main:First Window
INFO:tt_main:Input type: Faculty
INFO:tt_main:Selected row in list: []
INFO:tt_main:File Menu option clicked: Load
DEBUG:tt_main:Load confirmed
INFO:tt_main:File name: D:/Projects/timetable-master/timetable-master/Sample Inputs/current.json
INFO:tt_main:Loading from json file
DEBUG:tt_main:Success. Loaded all saved data from D:/Projects/timetable-master/timetable-master/Sample Inputs/current.json
DEBUG:tt_main:Reset all windows and displaying 1st window
DEBUG:tt_main:Resetting First Window
DEBUG:tt_main:Resetting/Populating Second Window
INFO:tt_main:Assigned Subjects: OrderedDict([('IV', OrderedDict()), ('VII', OrderedDict([('E', ['Mobile Application Development - MAD - Rajashree']), ('A', ['Object Oriented Modeling and Design - OOMD - Ranjan Kumar H S', 'Advanced Computer Architecture - ACA - Sandeep Hegde', 'Software Architecture - SA - Sandeep Hegde', 'Python Programming - PP - Pawan Hegde', 'Advanced Web Techniques - AWT - Roshan Fernandes', 'Machine Learning - ML - Sarika Hegde', 'Mobile Application Development - MAD - Shabari Shedthi B', 'Image Processing - IP - Mohammed Javed', 'Python Programming Lab - PP Lab - Pawan Hegde']), ('B', ['Object Oriented Modeling and Design - OOMD - Keerthana B C', 'Advanced Computer Architecture - ACA - Rajalaxmi Hegde', 'Software Architecture - SA - Shilpa M K', 'Python Programming - PP - Vijay Murari T', 'Advanced Web Techniques - AWT - Shashank Shetty', 'Machine Learning - ML - Minu P Abraham', 'Mobile Application Development - MAD - Ravi B', 'Python Programming Lab - PP Lab - Vijay Murari T']), ('D', ['Object Oriented Modeling and Design - OOMD - Puneeth R P', 'Advanced Computer Architecture - ACA - Shabari Shedthi B', 'Software Architecture - SA - Rajalaxmi Hegde', 'Python Programming - PP - Venugopala P S', 'Mobile Application Development - MAD - Ankitha A Nayak', 'Python Programming Lab - PP Lab - Venugopala P S']), ('C', ['Object Oriented Modeling and Design - OOMD - Sunil Kumar Aithal', 'Advanced Computer Architecture - ACA - Mohammed Javed', 'Software Architecture - SA - Sampath Kini', 'Python Programming - PP - Ranjan Kumar H S', 'Mobile Application Development - MAD - Venugopala P S', 'Python Programming Lab - PP Lab - Ranjan Kumar H S'])])), ('VIII', OrderedDict()), ('VI', OrderedDict()), ('V', OrderedDict([('A', ['Compiler Design - CD - Chandra Naik', 'Relational Database Management System - RDBMS - Radhakrishna Dodmane', 'Microprocessors and Peripherals - MP - Roshan Fernandes', 'Software Engineering - SE - Sudeepa K B', 'Operating Systems - OS - Jyothi Shetty', "Advanced Unix Programming - AUP - Divya Jennifer D'Souza", 'Operations Research - OR - Vijay Murari T', 'Employability Skill Development - ESD - -', 'Microprocessors and Peripherals Lab - MP Lab - Roshan Fernandes', 'Compiler Design | Relational Database Management System Lab - CD | RDBMS Lab - Chandra Naik, Radhakrishna Dodmane']), ('B', ['Compiler Design - CD - Jyothi Shetty', 'Relational Database Management System - RDBMS - Swathi Pai M', 'Microprocessors and Peripherals - MP - Anisha P Rodrigues', 'Software Engineering - SE - Sunil Kumar Aithal', 'Operating Systems - OS - Sampath Kini', 'Operations Research - OR - Asmitha Poojari', 'Employability Skill Development - ESD - -', 'Microprocessors and Peripherals Lab - MP Lab - Anisha P Rodrigues', 'Compiler Design | Relational Database Management System Lab - CD | RDBMS Lab - Jyothi Shetty, Swathi Pai M']), ('D', ['Compiler Design - CD - Shashank Shetty', 'Relational Database Management System - RDBMS - Sudeepa K B', 'Microprocessors and Peripherals - MP - Shilpa M K', 'Software Engineering - SE - Naveen Chandavarkar', 'Operating Systems - OS - Sharada Uday Shenoy', 'Employability Skill Development - ESD - -', 'Microprocessors and Peripherals Lab - MP Lab - Shilpa M K', 'Compiler Design | Relational Database Management System Lab - CD | RDBMS Lab - Shashank Shetty, Sudeepa K B']), ('C', ['Compiler Design - CD - Pallavi K N', 'Relational Database Management System - RDBMS - Rajashree', 'Microprocessors and Peripherals - MP - Krishna Prasad Rao', 'Software Engineering - SE - D K Sreekantha', 'Operating Systems - OS - Ramesha Shettigar', 'Operations Research - OR - Pawan Hegde', 'Employability Skill Development - ESD - -', 'Microprocessors and Peripherals Lab - MP Lab - Krishna Prasad Rao', 'Compiler Design | Relational Database Management System Lab - CD | RDBMS Lab - Pallavi K N, Rajashree'])])), ('III', OrderedDict([('A', ['Generating Functions and Transform Techniques Combinatorics - Maths - Maths Faculty', 'Digital System Design - DSD - Raghunandan K R', 'Discrete Mathematical Stuctures & Graph Theory - DMS - Uday Kumar Reddy', 'Computer Organization and Design - CO - Pradeep Nazareth', 'Data Structures - DS - Sannidhan M S', 'Data Communication - DC - Uday Kumar Shenoy', 'Data Structures | Digital System Design Lab - DS | DSD Lab - Sannidhan M S, Raghunandan K R']), ('B', ['Generating Functions and Transform Techniques Combinatorics - Maths - Maths Faculty', 'Digital System Design - DSD - Sannidhan M S', 'Discrete Mathematical Stuctures & Graph Theory - DMS - Minu P Abraham', 'Computer Organization and Design - CO - Raghunandan K R', 'Data Structures - DS - Asmitha Poojari', 'Data Communication - DC - Radhakrishna Dodmane', 'Data Structures | Digital System Design Lab - DS | DSD Lab - Asmitha Poojari, Sannidhan M S']), ('D', ['Generating Functions and Transform Techniques Combinatorics - Maths - Maths Faculty', 'Digital System Design - DSD - Pradeep Nazareth', 'Discrete Mathematical Stuctures & Graph Theory - DMS - Chandra Naik', 'Computer Organization and Design - CO - Uday Kumar Shenoy', 'Data Structures - DS - Shruthi', 'Data Communication - DC - Krishna Prasad Rao', 'Data Structures | Digital System Design Lab - DS | DSD Lab - Shruthi, Pradeep Nazareth']), ('C', ['Generating Functions and Transform Techniques Combinatorics - Maths - Maths Faculty', 'Digital System Design - DSD - Keerthana B C', 'Discrete Mathematical Stuctures & Graph Theory - DMS - Ravi B', 'Computer Organization and Design - CO - Anisha P Rodrigues', 'Data Structures - DS - Ramesha Shettigar', 'Data Communication - DC - Puneeth R P', 'Data Structures | Digital System Design Lab - DS | DSD Lab - Ramesha Shettigar, Keerthana B C'])]))])
DEBUG:tt_main:Resetting Third Window
DEBUG:tt_main:Resetting Fourth Window
DEBUG:tt_main:Resetting Fifth Window
DEBUG:tt_main:Resetting Elective Window
DEBUG:tt_main:Resetting Year Window
INFO:tt_main:Input type: Faculty
INFO:tt_main:Selected row in list: []
DEBUG:tt_main:Second Window
DEBUG:tt_main:Resetting/Populating Second Window
INFO:tt_main:Assigned Subjects: OrderedDict([('IV', OrderedDict()), ('VII', OrderedDict([('E', ['Mobile Application Development - MAD - Rajashree']), ('A', ['Object Oriented Modeling and Design - OOMD - Ranjan Kumar H S', 'Advanced Computer Architecture - ACA - Sandeep Hegde', 'Software Architecture - SA - Sandeep Hegde', 'Python Programming - PP - Pawan Hegde', 'Advanced Web Techniques - AWT - Roshan Fernandes', 'Machine Learning - ML - Sarika Hegde', 'Mobile Application Development - MAD - Shabari Shedthi B', 'Image Processing - IP - Mohammed Javed', 'Python Programming Lab - PP Lab - Pawan Hegde']), ('B', ['Object Oriented Modeling and Design - OOMD - Keerthana B C', 'Advanced Computer Architecture - ACA - Rajalaxmi Hegde', 'Software Architecture - SA - Shilpa M K', 'Python Programming - PP - Vijay Murari T', 'Advanced Web Techniques - AWT - Shashank Shetty', 'Machine Learning - ML - Minu P Abraham', 'Mobile Application Development - MAD - Ravi B', 'Python Programming Lab - PP Lab - Vijay Murari T']), ('D', ['Object Oriented Modeling and Design - OOMD - Puneeth R P', 'Advanced Computer Architecture - ACA - Shabari Shedthi B', 'Software Architecture - SA - Rajalaxmi Hegde', 'Python Programming - PP - Venugopala P S', 'Mobile Application Development - MAD - Ankitha A Nayak', 'Python Programming Lab - PP Lab - Venugopala P S']), ('C', ['Object Oriented Modeling and Design - OOMD - Sunil Kumar Aithal', 'Advanced Computer Architecture - ACA - Mohammed Javed', 'Software Architecture - SA - Sampath Kini', 'Python Programming - PP - Ranjan Kumar H S', 'Mobile Application Development - MAD - Venugopala P S', 'Python Programming Lab - PP Lab - Ranjan Kumar H S'])])), ('VIII', OrderedDict()), ('VI', OrderedDict()), ('V', OrderedDict([('A', ['Compiler Design - CD - Chandra Naik', 'Relational Database Management System - RDBMS - Radhakrishna Dodmane', 'Microprocessors and Peripherals - MP - Roshan Fernandes', 'Software Engineering - SE - Sudeepa K B', 'Operating Systems - OS - Jyothi Shetty', "Advanced Unix Programming - AUP - Divya Jennifer D'Souza", 'Operations Research - OR - Vijay Murari T', 'Employability Skill Development - ESD - -', 'Microprocessors and Peripherals Lab - MP Lab - Roshan Fernandes', 'Compiler Design | Relational Database Management System Lab - CD | RDBMS Lab - Chandra Naik, Radhakrishna Dodmane']), ('B', ['Compiler Design - CD - Jyothi Shetty', 'Relational Database Management System - RDBMS - Swathi Pai M', 'Microprocessors and Peripherals - MP - Anisha P Rodrigues', 'Software Engineering - SE - Sunil Kumar Aithal', 'Operating Systems - OS - Sampath Kini', 'Operations Research - OR - Asmitha Poojari', 'Employability Skill Development - ESD - -', 'Microprocessors and Peripherals Lab - MP Lab - Anisha P Rodrigues', 'Compiler Design | Relational Database Management System Lab - CD | RDBMS Lab - Jyothi Shetty, Swathi Pai M']), ('D', ['Compiler Design - CD - Shashank Shetty', 'Relational Database Management System - RDBMS - Sudeepa K B', 'Microprocessors and Peripherals - MP - Shilpa M K', 'Software Engineering - SE - Naveen Chandavarkar', 'Operating Systems - OS - Sharada Uday Shenoy', 'Employability Skill Development - ESD - -', 'Microprocessors and Peripherals Lab - MP Lab - Shilpa M K', 'Compiler Design | Relational Database Management System Lab - CD | RDBMS Lab - Shashank Shetty, Sudeepa K B']), ('C', ['Compiler Design - CD - Pallavi K N', 'Relational Database Management System - RDBMS - Rajashree', 'Microprocessors and Peripherals - MP - Krishna Prasad Rao', 'Software Engineering - SE - D K Sreekantha', 'Operating Systems - OS - Ramesha Shettigar', 'Operations Research - OR - Pawan Hegde', 'Employability Skill Development - ESD - -', 'Microprocessors and Peripherals Lab - MP Lab - Krishna Prasad Rao', 'Compiler Design | Relational Database Management System Lab - CD | RDBMS Lab - Pallavi K N, Rajashree'])])), ('III', OrderedDict([('A', ['Generating Functions and Transform Techniques Combinatorics - Maths - Maths Faculty', 'Digital System Design - DSD - Raghunandan K R', 'Discrete Mathematical Stuctures & Graph Theory - DMS - Uday Kumar Reddy', 'Computer Organization and Design - CO - Pradeep Nazareth', 'Data Structures - DS - Sannidhan M S', 'Data Communication - DC - Uday Kumar Shenoy', 'Data Structures | Digital System Design Lab - DS | DSD Lab - Sannidhan M S, Raghunandan K R']), ('B', ['Generating Functions and Transform Techniques Combinatorics - Maths - Maths Faculty', 'Digital System Design - DSD - Sannidhan M S', 'Discrete Mathematical Stuctures & Graph Theory - DMS - Minu P Abraham', 'Computer Organization and Design - CO - Raghunandan K R', 'Data Structures - DS - Asmitha Poojari', 'Data Communication - DC - Radhakrishna Dodmane', 'Data Structures | Digital System Design Lab - DS | DSD Lab - Asmitha Poojari, Sannidhan M S']), ('D', ['Generating Functions and Transform Techniques Combinatorics - Maths - Maths Faculty', 'Digital System Design - DSD - Pradeep Nazareth', 'Discrete Mathematical Stuctures & Graph Theory - DMS - Chandra Naik', 'Computer Organization and Design - CO - Uday Kumar Shenoy', 'Data Structures - DS - Shruthi', 'Data Communication - DC - Krishna Prasad Rao', 'Data Structures | Digital System Design Lab - DS | DSD Lab - Shruthi, Pradeep Nazareth']), ('C', ['Generating Functions and Transform Techniques Combinatorics - Maths - Maths Faculty', 'Digital System Design - DSD - Keerthana B C', 'Discrete Mathematical Stuctures & Graph Theory - DMS - Ravi B', 'Computer Organization and Design - CO - Anisha P Rodrigues', 'Data Structures - DS - Ramesha Shettigar', 'Data Communication - DC - Puneeth R P', 'Data Structures | Digital System Design Lab - DS | DSD Lab - Ramesha Shettigar, Keerthana B C'])]))])
DEBUG:tt_main:User has clicked on Exit/Finish/'X'
DEBUG:tt_main:User clicked Yes
DEBUG:tt_main:Quitting Program by user's choice, no errors
