INFO:tt_main:********************************************************************************************************************
INFO:tt_main:*                                           TIMETABLE GENERATOR                                                    *
INFO:tt_main:*                                                                                                                  *
INFO:tt_main:*                                                   BY:                                                            *
INFO:tt_main:*                                               Nihal Rao I                                                        *
INFO:tt_main:*                                             Sanjan S Poojari                                                     *
INFO:tt_main:*                                             Shishir Upadhya                                                      *
INFO:tt_main:*                              Department of Computer Science & Engineering                                        *
INFO:tt_main:*                                                                                                                  *
INFO:tt_main:*                                                  FOR:                                                            *
INFO:tt_main:*                                   NMAM Institute of Technology, Nitte                                            *
INFO:tt_main:********************************************************************************************************************
INFO:tt_main:Current Directory: D:\Projects\timetable-master\timetable-master
INFO:tt_main:Current screen resolution: 1366 768
INFO:tt_main:Resize ratio: 0.7
DEBUG:tt_main:Initializing and setting up year window
DEBUG:tt_main:Initializing and setting up first window
DEBUG:tt_main:Initializing and setting up elective window
DEBUG:tt_main:Initializing and setting up about window
DEBUG:tt_main:Initializing and setting up license window
DEBUG:tt_main:Initializing and setting up second window
DEBUG:tt_main:Initializing and setting up third window
DEBUG:tt_main:Initializing and setting up fourth window
DEBUG:tt_main:Initializing and setting up fifth window
DEBUG:tt_main:Year Window
INFO:tt_main:Academic year: January 2018 January 2018 Department: Computer Science & Engineering
DEBUG:tt_main:First Window
INFO:tt_main:Input type: Faculty
INFO:tt_main:Selected row in list: []
INFO:tt_main:File Menu option clicked: Load
DEBUG:tt_main:Load confirmed
INFO:tt_main:File name: D:/Projects/timetable-master/timetable-master/Sample Inputs/current.json
INFO:tt_main:Loading from json file
DEBUG:tt_main:Success. Loaded all saved data from D:/Projects/timetable-master/timetable-master/Sample Inputs/current.json
DEBUG:tt_main:Reset all windows and displaying 1st window
DEBUG:tt_main:Resetting First Window
DEBUG:tt_main:Resetting/Populating Second Window
INFO:tt_main:Assigned Subjects: OrderedDict([('IV', OrderedDict()), ('VII', OrderedDict([('E', ['Mobile Application Development - MAD - Rajashree']), ('A', ['Object Oriented Modeling and Design - OOMD - Ranjan Kumar H S', 'Advanced Computer Architecture - ACA - Sandeep Hegde', 'Software Architecture - SA - Sandeep Hegde', 'Python Programming - PP - Pawan Hegde', 'Advanced Web Techniques - AWT - Roshan Fernandes', 'Machine Learning - ML - Sarika Hegde', 'Mobile Application Development - MAD - Shabari Shedthi B', 'Image Processing - IP - Mohammed Javed', 'Python Programming Lab - PP Lab - Pawan Hegde']), ('B', ['Object Oriented Modeling and Design - OOMD - Keerthana B C', 'Advanced Computer Architecture - ACA - Rajalaxmi Hegde', 'Software Architecture - SA - Shilpa M K', 'Python Programming - PP - Vijay Murari T', 'Advanced Web Techniques - AWT - Shashank Shetty', 'Machine Learning - ML - Minu P Abraham', 'Mobile Application Development - MAD - Ravi B', 'Python Programming Lab - PP Lab - Vijay Murari T']), ('D', ['Object Oriented Modeling and Design - OOMD - Puneeth R P', 'Advanced Computer Architecture - ACA - Shabari Shedthi B', 'Software Architecture - SA - Rajalaxmi Hegde', 'Python Programming - PP - Venugopala P S', 'Mobile Application Development - MAD - Ankitha A Nayak', 'Python Programming Lab - PP Lab - Venugopala P S']), ('C', ['Object Oriented Modeling and Design - OOMD - Sunil Kumar Aithal', 'Advanced Computer Architecture - ACA - Mohammed Javed', 'Software Architecture - SA - Sampath Kini', 'Python Programming - PP - Ranjan Kumar H S', 'Mobile Application Development - MAD - Venugopala P S', 'Python Programming Lab - PP Lab - Ranjan Kumar H S'])])), ('VIII', OrderedDict()), ('VI', OrderedDict()), ('V', OrderedDict([('A', ['Compiler Design - CD - Chandra Naik', 'Relational Database Management System - RDBMS - Radhakrishna Dodmane', 'Microprocessors and Peripherals - MP - Roshan Fernandes', 'Software Engineering - SE - Sudeepa K B', 'Operating Systems - OS - Jyothi Shetty', "Advanced Unix Programming - AUP - Divya Jennifer D'Souza", 'Operations Research - OR - Vijay Murari T', 'Employability Skill Development - ESD - -', 'Microprocessors and Peripherals Lab - MP Lab - Roshan Fernandes', 'Compiler Design | Relational Database Management System Lab - CD | RDBMS Lab - Chandra Naik, Radhakrishna Dodmane']), ('B', ['Compiler Design - CD - Jyothi Shetty', 'Relational Database Management System - RDBMS - Swathi Pai M', 'Microprocessors and Peripherals - MP - Anisha P Rodrigues', 'Software Engineering - SE - Sunil Kumar Aithal', 'Operating Systems - OS - Sampath Kini', 'Operations Research - OR - Asmitha Poojari', 'Employability Skill Development - ESD - -', 'Microprocessors and Peripherals Lab - MP Lab - Anisha P Rodrigues', 'Compiler Design | Relational Database Management System Lab - CD | RDBMS Lab - Jyothi Shetty, Swathi Pai M']), ('D', ['Compiler Design - CD - Shashank Shetty', 'Relational Database Management System - RDBMS - Sudeepa K B', 'Microprocessors and Peripherals - MP - Shilpa M K', 'Software Engineering - SE - Naveen Chandavarkar', 'Operating Systems - OS - Sharada Uday Shenoy', 'Employability Skill Development - ESD - -', 'Microprocessors and Peripherals Lab - MP Lab - Shilpa M K', 'Compiler Design | Relational Database Management System Lab - CD | RDBMS Lab - Shashank Shetty, Sudeepa K B']), ('C', ['Compiler Design - CD - Pallavi K N', 'Relational Database Management System - RDBMS - Rajashree', 'Microprocessors and Peripherals - MP - Krishna Prasad Rao', 'Software Engineering - SE - D K Sreekantha', 'Operating Systems - OS - Ramesha Shettigar', 'Operations Research - OR - Pawan Hegde', 'Employability Skill Development - ESD - -', 'Microprocessors and Peripherals Lab - MP Lab - Krishna Prasad Rao', 'Compiler Design | Relational Database Management System Lab - CD | RDBMS Lab - Pallavi K N, Rajashree'])])), ('III', OrderedDict([('A', ['Generating Functions and Transform Techniques Combinatorics - Maths - Maths Faculty', 'Digital System Design - DSD - Raghunandan K R', 'Discrete Mathematical Stuctures & Graph Theory - DMS - Uday Kumar Reddy', 'Computer Organization and Design - CO - Pradeep Nazareth', 'Data Structures - DS - Sannidhan M S', 'Data Communication - DC - Uday Kumar Shenoy', 'Data Structures | Digital System Design Lab - DS | DSD Lab - Sannidhan M S, Raghunandan K R']), ('B', ['Generating Functions and Transform Techniques Combinatorics - Maths - Maths Faculty', 'Digital System Design - DSD - Sannidhan M S', 'Discrete Mathematical Stuctures & Graph Theory - DMS - Minu P Abraham', 'Computer Organization and Design - CO - Raghunandan K R', 'Data Structures - DS - Asmitha Poojari', 'Data Communication - DC - Radhakrishna Dodmane', 'Data Structures | Digital System Design Lab - DS | DSD Lab - Asmitha Poojari, Sannidhan M S']), ('D', ['Generating Functions and Transform Techniques Combinatorics - Maths - Maths Faculty', 'Digital System Design - DSD - Pradeep Nazareth', 'Discrete Mathematical Stuctures & Graph Theory - DMS - Chandra Naik', 'Computer Organization and Design - CO - Uday Kumar Shenoy', 'Data Structures - DS - Shruthi', 'Data Communication - DC - Krishna Prasad Rao', 'Data Structures | Digital System Design Lab - DS | DSD Lab - Shruthi, Pradeep Nazareth']), ('C', ['Generating Functions and Transform Techniques Combinatorics - Maths - Maths Faculty', 'Digital System Design - DSD - Keerthana B C', 'Discrete Mathematical Stuctures & Graph Theory - DMS - Ravi B', 'Computer Organization and Design - CO - Anisha P Rodrigues', 'Data Structures - DS - Ramesha Shettigar', 'Data Communication - DC - Puneeth R P', 'Data Structures | Digital System Design Lab - DS | DSD Lab - Ramesha Shettigar, Keerthana B C'])]))])
DEBUG:tt_main:Resetting Third Window
DEBUG:tt_main:Resetting Fourth Window
DEBUG:tt_main:Resetting Fifth Window
DEBUG:tt_main:Resetting Elective Window
DEBUG:tt_main:Resetting Year Window
INFO:tt_main:Input type: Faculty
INFO:tt_main:Selected row in list: []
DEBUG:tt_main:Second Window
DEBUG:tt_main:Resetting/Populating Second Window
INFO:tt_main:Assigned Subjects: OrderedDict([('IV', OrderedDict()), ('VII', OrderedDict([('E', ['Mobile Application Development - MAD - Rajashree']), ('A', ['Object Oriented Modeling and Design - OOMD - Ranjan Kumar H S', 'Advanced Computer Architecture - ACA - Sandeep Hegde', 'Software Architecture - SA - Sandeep Hegde', 'Python Programming - PP - Pawan Hegde', 'Advanced Web Techniques - AWT - Roshan Fernandes', 'Machine Learning - ML - Sarika Hegde', 'Mobile Application Development - MAD - Shabari Shedthi B', 'Image Processing - IP - Mohammed Javed', 'Python Programming Lab - PP Lab - Pawan Hegde']), ('B', ['Object Oriented Modeling and Design - OOMD - Keerthana B C', 'Advanced Computer Architecture - ACA - Rajalaxmi Hegde', 'Software Architecture - SA - Shilpa M K', 'Python Programming - PP - Vijay Murari T', 'Advanced Web Techniques - AWT - Shashank Shetty', 'Machine Learning - ML - Minu P Abraham', 'Mobile Application Development - MAD - Ravi B', 'Python Programming Lab - PP Lab - Vijay Murari T']), ('D', ['Object Oriented Modeling and Design - OOMD - Puneeth R P', 'Advanced Computer Architecture - ACA - Shabari Shedthi B', 'Software Architecture - SA - Rajalaxmi Hegde', 'Python Programming - PP - Venugopala P S', 'Mobile Application Development - MAD - Ankitha A Nayak', 'Python Programming Lab - PP Lab - Venugopala P S']), ('C', ['Object Oriented Modeling and Design - OOMD - Sunil Kumar Aithal', 'Advanced Computer Architecture - ACA - Mohammed Javed', 'Software Architecture - SA - Sampath Kini', 'Python Programming - PP - Ranjan Kumar H S', 'Mobile Application Development - MAD - Venugopala P S', 'Python Programming Lab - PP Lab - Ranjan Kumar H S'])])), ('VIII', OrderedDict()), ('VI', OrderedDict()), ('V', OrderedDict([('A', ['Compiler Design - CD - Chandra Naik', 'Relational Database Management System - RDBMS - Radhakrishna Dodmane', 'Microprocessors and Peripherals - MP - Roshan Fernandes', 'Software Engineering - SE - Sudeepa K B', 'Operating Systems - OS - Jyothi Shetty', "Advanced Unix Programming - AUP - Divya Jennifer D'Souza", 'Operations Research - OR - Vijay Murari T', 'Employability Skill Development - ESD - -', 'Microprocessors and Peripherals Lab - MP Lab - Roshan Fernandes', 'Compiler Design | Relational Database Management System Lab - CD | RDBMS Lab - Chandra Naik, Radhakrishna Dodmane']), ('B', ['Compiler Design - CD - Jyothi Shetty', 'Relational Database Management System - RDBMS - Swathi Pai M', 'Microprocessors and Peripherals - MP - Anisha P Rodrigues', 'Software Engineering - SE - Sunil Kumar Aithal', 'Operating Systems - OS - Sampath Kini', 'Operations Research - OR - Asmitha Poojari', 'Employability Skill Development - ESD - -', 'Microprocessors and Peripherals Lab - MP Lab - Anisha P Rodrigues', 'Compiler Design | Relational Database Management System Lab - CD | RDBMS Lab - Jyothi Shetty, Swathi Pai M']), ('D', ['Compiler Design - CD - Shashank Shetty', 'Relational Database Management System - RDBMS - Sudeepa K B', 'Microprocessors and Peripherals - MP - Shilpa M K', 'Software Engineering - SE - Naveen Chandavarkar', 'Operating Systems - OS - Sharada Uday Shenoy', 'Employability Skill Development - ESD - -', 'Microprocessors and Peripherals Lab - MP Lab - Shilpa M K', 'Compiler Design | Relational Database Management System Lab - CD | RDBMS Lab - Shashank Shetty, Sudeepa K B']), ('C', ['Compiler Design - CD - Pallavi K N', 'Relational Database Management System - RDBMS - Rajashree', 'Microprocessors and Peripherals - MP - Krishna Prasad Rao', 'Software Engineering - SE - D K Sreekantha', 'Operating Systems - OS - Ramesha Shettigar', 'Operations Research - OR - Pawan Hegde', 'Employability Skill Development - ESD - -', 'Microprocessors and Peripherals Lab - MP Lab - Krishna Prasad Rao', 'Compiler Design | Relational Database Management System Lab - CD | RDBMS Lab - Pallavi K N, Rajashree'])])), ('III', OrderedDict([('A', ['Generating Functions and Transform Techniques Combinatorics - Maths - Maths Faculty', 'Digital System Design - DSD - Raghunandan K R', 'Discrete Mathematical Stuctures & Graph Theory - DMS - Uday Kumar Reddy', 'Computer Organization and Design - CO - Pradeep Nazareth', 'Data Structures - DS - Sannidhan M S', 'Data Communication - DC - Uday Kumar Shenoy', 'Data Structures | Digital System Design Lab - DS | DSD Lab - Sannidhan M S, Raghunandan K R']), ('B', ['Generating Functions and Transform Techniques Combinatorics - Maths - Maths Faculty', 'Digital System Design - DSD - Sannidhan M S', 'Discrete Mathematical Stuctures & Graph Theory - DMS - Minu P Abraham', 'Computer Organization and Design - CO - Raghunandan K R', 'Data Structures - DS - Asmitha Poojari', 'Data Communication - DC - Radhakrishna Dodmane', 'Data Structures | Digital System Design Lab - DS | DSD Lab - Asmitha Poojari, Sannidhan M S']), ('D', ['Generating Functions and Transform Techniques Combinatorics - Maths - Maths Faculty', 'Digital System Design - DSD - Pradeep Nazareth', 'Discrete Mathematical Stuctures & Graph Theory - DMS - Chandra Naik', 'Computer Organization and Design - CO - Uday Kumar Shenoy', 'Data Structures - DS - Shruthi', 'Data Communication - DC - Krishna Prasad Rao', 'Data Structures | Digital System Design Lab - DS | DSD Lab - Shruthi, Pradeep Nazareth']), ('C', ['Generating Functions and Transform Techniques Combinatorics - Maths - Maths Faculty', 'Digital System Design - DSD - Keerthana B C', 'Discrete Mathematical Stuctures & Graph Theory - DMS - Ravi B', 'Computer Organization and Design - CO - Anisha P Rodrigues', 'Data Structures - DS - Ramesha Shettigar', 'Data Communication - DC - Puneeth R P', 'Data Structures | Digital System Design Lab - DS | DSD Lab - Ramesha Shettigar, Keerthana B C'])]))])
INFO:tt_main:Displaying assigned subjects for  Keerthana B C
INFO:tt_main:Faculty subject allotments: ['Data Structures | Digital System Design Lab - DS | DSD Lab - III C']
INFO:tt_main:Displaying assigned subjects for  Sudeepa K B
INFO:tt_main:Faculty subject allotments: ['Compiler Design | Relational Database Management System Lab - CD | RDBMS Lab - V D']
INFO:tt_main:Displaying assigned subjects for III A
INFO:tt_main:Subject assignments: ['Generating Functions and Transform Techniques Combinatorics - Maths - Maths Faculty', 'Digital System Design - DSD - Raghunandan K R', 'Discrete Mathematical Stuctures & Graph Theory - DMS - Uday Kumar Reddy', 'Computer Organization and Design - CO - Pradeep Nazareth', 'Data Structures - DS - Sannidhan M S', 'Data Communication - DC - Uday Kumar Shenoy', 'Data Structures | Digital System Design Lab - DS | DSD Lab - Sannidhan M S, Raghunandan K R']
DEBUG:tt_main:Third Window
INFO:tt_main:Assigning subject constraints
INFO:tt_main:2 3
INFO:tt_main:Subject constraints: {'VII': {'E': {0: {4: '-'}, 1: {2: 'AWT/ML', 3: 'MAD/IP', 4: '-'}, 2: {3: 'AWT/ML', 4: '-'}, 3: {1: 'AWT/ML', 2: 'MAD/IP', 3: 'MAD/IP', 4: '-', 5: '-', 6: '-', 7: '-'}, 4: {4: '-'}, 5: {3: '-'}}, 'A': {0: {4: '-', 5: 'PP Lab', 6: 'PP Lab', 7: 'PP Lab'}, 1: {2: 'AWT/ML', 3: 'MAD/IP', 4: '-'}, 2: {3: 'AWT/ML', 4: '-'}, 3: {1: 'AWT/ML', 2: 'MAD/IP', 3: 'MAD/IP', 4: '-', 5: '-', 6: '-', 7: '-'}, 4: {0: 'PP Lab', 1: 'PP Lab', 2: 'PP Lab', 4: '-'}, 5: {3: '-'}}, 'B': {0: {4: '-'}, 1: {2: 'AWT/ML', 3: 'MAD/IP', 4: '-', 5: 'PP Lab', 6: 'PP Lab', 7: 'PP Lab'}, 2: {0: 'PP Lab', 1: 'PP Lab', 2: 'PP Lab', 3: 'AWT/ML', 4: '-'}, 3: {1: 'AWT/ML', 2: 'MAD/IP', 3: 'MAD/IP', 4: '-', 5: '-', 6: '-', 7: '-'}, 4: {4: '-'}, 5: {3: '-'}}, 'D': {0: {4: '-'}, 1: {2: 'AWT/ML', 3: 'MAD/IP', 4: '-'}, 2: {0: 'PP Lab', 1: 'PP Lab', 2: 'PP Lab', 3: 'AWT/ML', 4: '-'}, 3: {1: 'AWT/ML', 2: 'MAD/IP', 3: 'MAD/IP', 4: '-', 5: '-', 6: '-', 7: '-'}, 4: {4: '-', 5: 'PP Lab', 6: 'PP Lab', 7: 'PP Lab'}, 5: {3: '-'}}, 'C': {0: {0: 'PP Lab', 1: 'PP Lab', 2: 'PP Lab', 4: '-'}, 1: {2: 'AWT/ML', 3: 'MAD/IP', 4: '-'}, 2: {3: 'AWT/ML', 4: '-', 5: 'PP Lab', 6: 'PP Lab', 7: 'PP Lab'}, 3: {1: 'AWT/ML', 2: 'MAD/IP', 3: 'MAD/IP', 4: '-', 5: '-', 6: '-', 7: '-'}, 4: {4: '-'}, 5: {3: '-'}}}, 'III': {'A': {0: {0: 'Maths', 1: 'DS | DSD Lab', 2: 'DS | DSD Lab', 3: 'DS | DSD Lab', 4: '-'}, 1: {4: '-', 5: 'Maths'}, 2: {4: '-', 5: 'DS | DSD Lab', 6: 'DS | DSD Lab', 7: 'DS | DSD Lab'}, 3: {3: 'Maths', 4: '-', 5: '-', 6: '-', 7: '-'}, 4: {4: '-'}, 5: {2: 'Maths', 3: '-'}}, 'B': {0: {4: '-', 5: 'DS | DSD Lab', 6: 'DS | DSD Lab', 7: 'DS | DSD Lab'}, 1: {3: 'Maths', 4: '-'}, 2: {4: '-', 5: 'Maths'}, 3: {0: 'Maths', 4: '-', 5: '-', 6: '-', 7: '-'}, 4: {1: 'DS | DSD Lab', 2: 'DS | DSD Lab', 3: 'DS | DSD Lab', 4: '-'}, 5: {0: 'Maths', 3: '-'}}, 'D': {0: {1: 'Maths', 4: '-'}, 1: {1: 'DS | DSD Lab', 2: 'DS | DSD Lab', 3: 'DS | DSD Lab', 4: '-', 5: 'Maths'}, 2: {4: '-'}, 3: {2: 'Maths', 4: '-', 5: '-', 6: '-', 7: '-'}, 4: {3: 'Maths', 4: '-', 5: 'DS | DSD Lab', 6: 'DS | DSD Lab', 7: 'DS | DSD Lab'}, 5: {3: '-'}}, 'C': {0: {4: '-', 5: 'Maths'}, 1: {3: 'Maths', 4: '-', 5: 'DS | DSD Lab', 6: 'DS | DSD Lab', 7: 'DS | DSD Lab'}, 2: {1: 'DS | DSD Lab', 2: 'DS | DSD Lab', 3: 'DS | DSD Lab', 4: '-', 5: 'Maths'}, 3: {1: 'Maths', 4: '-', 5: '-', 6: '-', 7: '-'}, 4: {4: '-'}, 5: {3: '-'}}}, 'V': {'A': {0: {4: '-', 5: 'CD | RDBMS Lab', 6: 'CD | RDBMS Lab', 7: 'CD | RDBMS Lab'}, 1: {0: 'MP Lab', 1: 'MP Lab', 2: 'MP Lab', 3: 'AUP/OR', 4: '-'}, 2: {4: '-', 5: 'MP Lab', 6: 'MP Lab', 7: 'MP Lab'}, 3: {2: 'AUP/OR', 4: '-', 5: '-', 6: '-', 7: '-'}, 4: {1: 'CD | RDBMS Lab', 2: 'CD | RDBMS Lab', 3: 'CD | RDBMS Lab', 4: '-'}, 5: {3: 'AUP/OR'}}, 'B': {0: {4: '-', 5: 'MP Lab', 6: 'MP Lab', 7: 'MP Lab'}, 1: {3: 'AUP/OR', 4: '-', 5: 'CD | RDBMS Lab', 6: 'CD | RDBMS Lab', 7: 'CD | RDBMS Lab'}, 2: {0: 'MP Lab', 1: 'MP Lab', 2: 'MP Lab', 4: '-'}, 3: {2: 'AUP/OR', 4: '-', 5: '-', 6: '-', 7: '-'}, 4: {0: 'CD | RDBMS Lab', 1: 'CD | RDBMS Lab', 2: 'CD | RDBMS Lab', 4: '-'}, 5: {3: 'AUP/OR'}}, 'D': {0: {0: 'MP Lab', 1: 'MP Lab', 2: 'MP Lab', 4: '-'}, 1: {0: 'CD | RDBMS Lab', 1: 'CD | RDBMS Lab', 2: 'CD | RDBMS Lab', 3: 'AUP/OR', 4: '-'}, 2: {4: '-', 5: 'MP Lab', 6: 'MP Lab', 7: 'MP Lab'}, 3: {2: 'AUP/OR', 4: '-', 5: '-', 6: '-', 7: '-'}, 4: {4: '-', 5: 'CD | RDBMS Lab', 6: 'CD | RDBMS Lab', 7: 'CD | RDBMS Lab'}, 5: {3: 'AUP/OR'}}, 'C': {0: {4: '-'}, 1: {0: 'CD | RDBMS Lab', 1: 'CD | RDBMS Lab', 2: 'CD | RDBMS Lab', 3: 'AUP/OR', 4: '-'}, 2: {4: '-', 5: 'CD | RDBMS Lab', 6: 'CD | RDBMS Lab', 7: 'CD | RDBMS Lab'}, 3: {2: 'AUP/OR', 4: '-', 5: '-', 6: '-', 7: '-'}, 4: {0: 'MP Lab', 1: 'MP Lab', 2: 'MP Lab', 4: '-'}, 5: {0: 'MP Lab', 1: 'MP Lab', 2: 'MP Lab', 3: 'AUP/OR'}}}, '': {'': {2: {3: ''}}}}
DEBUG:tt_main:Fourth Window
DEBUG:tt_main:Displaying faculty constraints for  Pradeep Nazareth
INFO:tt_main:Assigning faculty constraints
INFO:tt_main:1 4
INFO:tt_main:Faculty constraints: {' Pradeep Nazareth': {1: {4: '-'}}}
DEBUG:tt_main:Resetting Fifth Window
DEBUG:tt_main:Fifth Window
DEBUG:tt_main:Generating timetable...
Scheduling slots...
Alotting subjects to slots...
INFO:tt_algo:VII E                9:00-10:00           10:00-10:50          10:50-11:00          11:00-11:50          11:50-12:40          12:40-1:30           1:30-2:20            2:20-3:10            3:10-4:00            
INFO:tt_algo:monday               -                    -                    -                    -                    -                    -                    -                    -                    -                   
INFO:tt_algo:tuesday              -                    -                    AWT/ML               MAD/IP               -                    -                    -                    -                    -                   
INFO:tt_algo:wednesday            -                    -                    -                    AWT/ML               -                    -                    -                    -                    -                   
INFO:tt_algo:thursday             -                    AWT/ML               MAD/IP               MAD/IP               -                    -                    -                    -                    -                   
INFO:tt_algo:friday               -                    -                    -                    -                    -                    -                    -                    -                    -                   
INFO:tt_algo:saturday             -                    -                    -                    -                   
INFO:tt_algo:

INFO:tt_algo:VII A                9:00-10:00           10:00-10:50          10:50-11:00          11:00-11:50          11:50-12:40          12:40-1:30           1:30-2:20            2:20-3:10            3:10-4:00            
INFO:tt_algo:monday               -                    -                    -                    -                    -                    PP Lab               PP Lab               PP Lab               -                   
INFO:tt_algo:tuesday              -                    -                    AWT/ML               MAD/IP               -                    -                    -                    -                    -                   
INFO:tt_algo:wednesday            -                    -                    -                    AWT/ML               -                    -                    -                    -                    -                   
INFO:tt_algo:thursday             -                    AWT/ML               MAD/IP               MAD/IP               -                    -                    -                    -                    -                   
INFO:tt_algo:friday               PP Lab               PP Lab               PP Lab               -                    -                    -                    -                    -                    -                   
INFO:tt_algo:saturday             -                    -                    -                    -                   
INFO:tt_algo:

INFO:tt_algo:VII B                9:00-10:00           10:00-10:50          10:50-11:00          11:00-11:50          11:50-12:40          12:40-1:30           1:30-2:20            2:20-3:10            3:10-4:00            
INFO:tt_algo:monday               -                    -                    -                    -                    -                    -                    -                    -                    -                   
INFO:tt_algo:tuesday              -                    -                    AWT/ML               MAD/IP               -                    PP Lab               PP Lab               PP Lab               -                   
INFO:tt_algo:wednesday            PP Lab               PP Lab               PP Lab               AWT/ML               -                    -                    -                    -                    -                   
INFO:tt_algo:thursday             -                    AWT/ML               MAD/IP               MAD/IP               -                    -                    -                    -                    -                   
INFO:tt_algo:friday               -                    -                    -                    -                    -                    -                    -                    -                    -                   
INFO:tt_algo:saturday             -                    -                    -                    -                   
INFO:tt_algo:

INFO:tt_algo:VII D                9:00-10:00           10:00-10:50          10:50-11:00          11:00-11:50          11:50-12:40          12:40-1:30           1:30-2:20            2:20-3:10            3:10-4:00            
INFO:tt_algo:monday               -                    -                    -                    -                    -                    -                    -                    -                    -                   
INFO:tt_algo:tuesday              -                    -                    AWT/ML               MAD/IP               -                    -                    -                    -                    -                   
INFO:tt_algo:wednesday            PP Lab               PP Lab               PP Lab               AWT/ML               -                    -                    -                    -                    -                   
INFO:tt_algo:thursday             -                    AWT/ML               MAD/IP               MAD/IP               -                    -                    -                    -                    -                   
INFO:tt_algo:friday               -                    -                    -                    -                    -                    PP Lab               PP Lab               PP Lab               -                   
INFO:tt_algo:saturday             -                    -                    -                    -                   
INFO:tt_algo:

INFO:tt_algo:VII C                9:00-10:00           10:00-10:50          10:50-11:00          11:00-11:50          11:50-12:40          12:40-1:30           1:30-2:20            2:20-3:10            3:10-4:00            
INFO:tt_algo:monday               PP Lab               PP Lab               PP Lab               -                    -                    -                    -                    -                    -                   
INFO:tt_algo:tuesday              -                    -                    AWT/ML               MAD/IP               -                    -                    -                    -                    -                   
INFO:tt_algo:wednesday            -                    -                    -                    AWT/ML               -                    PP Lab               PP Lab               PP Lab               -                   
INFO:tt_algo:thursday             -                    AWT/ML               MAD/IP               MAD/IP               -                    -                    -                    -                    -                   
INFO:tt_algo:friday               -                    -                    -                    -                    -                    -                    -                    -                    -                   
INFO:tt_algo:saturday             -                    -                    -                    -                   
INFO:tt_algo:

INFO:tt_algo:III A                9:00-10:00           10:00-10:50          10:50-11:00          11:00-11:50          11:50-12:40          12:40-1:30           1:30-2:20            2:20-3:10            3:10-4:00            
INFO:tt_algo:monday               Maths                DS | DSD Lab         DS | DSD Lab         DS | DSD Lab         -                    -                    -                    -                    -                   
INFO:tt_algo:tuesday              -                    -                    -                    -                    -                    Maths                -                    -                    -                   
INFO:tt_algo:wednesday            -                    -                    -                    -                    -                    DS | DSD Lab         DS | DSD Lab         DS | DSD Lab         -                   
INFO:tt_algo:thursday             -                    -                    -                    Maths                -                    -                    -                    -                    -                   
INFO:tt_algo:friday               -                    -                    -                    -                    -                    -                    -                    -                    -                   
INFO:tt_algo:saturday             -                    -                    Maths                -                   
INFO:tt_algo:

INFO:tt_algo:III B                9:00-10:00           10:00-10:50          10:50-11:00          11:00-11:50          11:50-12:40          12:40-1:30           1:30-2:20            2:20-3:10            3:10-4:00            
INFO:tt_algo:monday               -                    -                    -                    -                    -                    DS | DSD Lab         DS | DSD Lab         DS | DSD Lab         -                   
INFO:tt_algo:tuesday              -                    -                    -                    Maths                -                    -                    -                    -                    -                   
INFO:tt_algo:wednesday            -                    -                    -                    -                    -                    Maths                -                    -                    -                   
INFO:tt_algo:thursday             Maths                -                    -                    -                    -                    -                    -                    -                    -                   
INFO:tt_algo:friday               -                    DS | DSD Lab         DS | DSD Lab         DS | DSD Lab         -                    -                    -                    -                    -                   
INFO:tt_algo:saturday             Maths                -                    -                    -                   
INFO:tt_algo:

INFO:tt_algo:III D                9:00-10:00           10:00-10:50          10:50-11:00          11:00-11:50          11:50-12:40          12:40-1:30           1:30-2:20            2:20-3:10            3:10-4:00            
INFO:tt_algo:monday               -                    Maths                -                    -                    -                    -                    -                    -                    -                   
INFO:tt_algo:tuesday              -                    DS | DSD Lab         DS | DSD Lab         DS | DSD Lab         -                    Maths                -                    -                    -                   
INFO:tt_algo:wednesday            -                    -                    -                    -                    -                    -                    -                    -                    -                   
INFO:tt_algo:thursday             -                    -                    Maths                -                    -                    -                    -                    -                    -                   
INFO:tt_algo:friday               -                    -                    -                    Maths                -                    DS | DSD Lab         DS | DSD Lab         DS | DSD Lab         -                   
INFO:tt_algo:saturday             -                    -                    -                    -                   
INFO:tt_algo:

INFO:tt_algo:III C                9:00-10:00           10:00-10:50          10:50-11:00          11:00-11:50          11:50-12:40          12:40-1:30           1:30-2:20            2:20-3:10            3:10-4:00            
INFO:tt_algo:monday               -                    -                    -                    -                    -                    Maths                -                    -                    -                   
INFO:tt_algo:tuesday              -                    -                    -                    Maths                -                    DS | DSD Lab         DS | DSD Lab         DS | DSD Lab         -                   
INFO:tt_algo:wednesday            -                    DS | DSD Lab         DS | DSD Lab         DS | DSD Lab         -                    Maths                -                    -                    -                   
INFO:tt_algo:thursday             -                    Maths                -                    -                    -                    -                    -                    -                    -                   
INFO:tt_algo:friday               -                    -                    -                    -                    -                    -                    -                    -                    -                   
INFO:tt_algo:saturday             -                    -                    -                    -                   
INFO:tt_algo:

INFO:tt_algo:V A                  9:00-10:00           10:00-10:50          10:50-11:00          11:00-11:50          11:50-12:40          12:40-1:30           1:30-2:20            2:20-3:10            3:10-4:00            
INFO:tt_algo:monday               -                    -                    -                    -                    -                    CD | RDBMS Lab       CD | RDBMS Lab       CD | RDBMS Lab       -                   
INFO:tt_algo:tuesday              MP Lab               MP Lab               MP Lab               AUP/OR               -                    -                    -                    -                    -                   
INFO:tt_algo:wednesday            -                    -                    -                    -                    -                    MP Lab               MP Lab               MP Lab               -                   
INFO:tt_algo:thursday             -                    -                    AUP/OR               -                    -                    -                    -                    -                    -                   
INFO:tt_algo:friday               -                    CD | RDBMS Lab       CD | RDBMS Lab       CD | RDBMS Lab       -                    -                    -                    -                    -                   
INFO:tt_algo:saturday             -                    -                    -                    AUP/OR              
INFO:tt_algo:

INFO:tt_algo:V B                  9:00-10:00           10:00-10:50          10:50-11:00          11:00-11:50          11:50-12:40          12:40-1:30           1:30-2:20            2:20-3:10            3:10-4:00            
INFO:tt_algo:monday               -                    -                    -                    -                    -                    MP Lab               MP Lab               MP Lab               -                   
INFO:tt_algo:tuesday              -                    -                    -                    AUP/OR               -                    CD | RDBMS Lab       CD | RDBMS Lab       CD | RDBMS Lab       -                   
INFO:tt_algo:wednesday            MP Lab               MP Lab               MP Lab               -                    -                    -                    -                    -                    -                   
INFO:tt_algo:thursday             -                    -                    AUP/OR               -                    -                    -                    -                    -                    -                   
INFO:tt_algo:friday               CD | RDBMS Lab       CD | RDBMS Lab       CD | RDBMS Lab       -                    -                    -                    -                    -                    -                   
INFO:tt_algo:saturday             -                    -                    -                    AUP/OR              
INFO:tt_algo:

INFO:tt_algo:V D                  9:00-10:00           10:00-10:50          10:50-11:00          11:00-11:50          11:50-12:40          12:40-1:30           1:30-2:20            2:20-3:10            3:10-4:00            
INFO:tt_algo:monday               MP Lab               MP Lab               MP Lab               -                    -                    -                    -                    -                    -                   
INFO:tt_algo:tuesday              CD | RDBMS Lab       CD | RDBMS Lab       CD | RDBMS Lab       AUP/OR               -                    -                    -                    -                    -                   
INFO:tt_algo:wednesday            -                    -                    -                    -                    -                    MP Lab               MP Lab               MP Lab               -                   
INFO:tt_algo:thursday             -                    -                    AUP/OR               -                    -                    -                    -                    -                    -                   
INFO:tt_algo:friday               -                    -                    -                    -                    -                    CD | RDBMS Lab       CD | RDBMS Lab       CD | RDBMS Lab       -                   
INFO:tt_algo:saturday             -                    -                    -                    AUP/OR              
INFO:tt_algo:

INFO:tt_algo:V C                  9:00-10:00           10:00-10:50          10:50-11:00          11:00-11:50          11:50-12:40          12:40-1:30           1:30-2:20            2:20-3:10            3:10-4:00            
INFO:tt_algo:monday               -                    -                    -                    -                    -                    -                    -                    -                    -                   
INFO:tt_algo:tuesday              CD | RDBMS Lab       CD | RDBMS Lab       CD | RDBMS Lab       AUP/OR               -                    -                    -                    -                    -                   
INFO:tt_algo:wednesday            -                    -                    -                    -                    -                    CD | RDBMS Lab       CD | RDBMS Lab       CD | RDBMS Lab       -                   
INFO:tt_algo:thursday             -                    -                    AUP/OR               -                    -                    -                    -                    -                    -                   
INFO:tt_algo:friday               MP Lab               MP Lab               MP Lab               -                    -                    -                    -                    -                    -                   
INFO:tt_algo:saturday             MP Lab               MP Lab               MP Lab               AUP/OR              
INFO:tt_algo:

ERROR:tt_main:Logging an uncaught exception
Traceback (most recent call last):
  File "D:/Projects/timetable-master/timetable-master/ui_controller.py", line 1435, in generate_event
    self.timetables, self.faculty_timetables, dayclash = tt.produce_timetable(self, loc)
  File "D:\Projects\timetable-master\timetable-master\tt.py", line 316, in produce_timetable
    sub = subjects_ref[sem][section][short]
KeyError: ''
