INFO:tt_main:********************************************************************************************************************
INFO:tt_main:*                                           TIMETABLE GENERATOR                                                    *
INFO:tt_main:*                                                                                                                  *
INFO:tt_main:*                                                   BY:                                                            *
INFO:tt_main:*                                               BISHAL BUDHATHOKI                                                  *
INFO:tt_main:*                                               BIPLOVE SHAKYA                                                     *
INFO:tt_main:*                                               SHEKHAR PALIT                                                      *
INFO:tt_main:*                              				 HARSHITHA V.L                                                      *
INFO:tt_main:*                              Department of Computer Science & Engineering                                        *
INFO:tt_main:*                                                                                                                  *
INFO:tt_main:*                                                  FOR:                                                            *
INFO:tt_main:*                                    SJC Institute of Technology, SJCIT                                            *
INFO:tt_main:********************************************************************************************************************
INFO:tt_main:Current Directory: D:\Projects\timetable-master\timetable-master
INFO:tt_main:Current screen resolution: 1366 768
INFO:tt_main:Resize ratio: 0.7
DEBUG:tt_main:Initializing and setting up year window
DEBUG:tt_main:Initializing and setting up first window
DEBUG:tt_main:Initializing and setting up elective window
DEBUG:tt_main:Initializing and setting up about window
ERROR:tt_main:Logging an uncaught exception
Traceback (most recent call last):
  File "D:/Projects/timetable-master/timetable-master/ui_controller.py", line 2333, in <module>
    main = ParentWindow()
  File "D:/Projects/timetable-master/timetable-master/ui_controller.py", line 124, in __init__
    self.setup_first_window()
  File "D:/Projects/timetable-master/timetable-master/ui_controller.py", line 253, in setup_first_window
    self.setup_license_window()
AttributeError: 'ParentWindow' object has no attribute 'setup_license_window'
