INFO:tt_main:********************************************************************************************************************
INFO:tt_main:*                                           TIMETABLE GENERATOR                                                    *
INFO:tt_main:*                                                                                                                  *
INFO:tt_main:*                                                   BY:                                                            *
INFO:tt_main:*                                               BISHAL BUDHATHOKI                                                  *
INFO:tt_main:*                                               BIPLOVE SHAKYA                                                     *
INFO:tt_main:*                                               SHEKHAR PALIT                                                      *
INFO:tt_main:*                              				 HARSHITHA V.L                                                      *
INFO:tt_main:*                              Department of Computer Science & Engineering                                        *
INFO:tt_main:*                                                                                                                  *
INFO:tt_main:*                                                  FOR:                                                            *
INFO:tt_main:*                                    SJC Institute of Technology, SJCIT                                            *
INFO:tt_main:********************************************************************************************************************
INFO:tt_main:Current Directory: D:\Projects\timetable-master\timetable-master
INFO:tt_main:Current screen resolution: 1366 768
INFO:tt_main:Resize ratio: 0.7
DEBUG:tt_main:Initializing and setting up year window
DEBUG:tt_main:Initializing and setting up first window
DEBUG:tt_main:Initializing and setting up elective window
DEBUG:tt_main:Initializing and setting up about window
DEBUG:tt_main:Initializing and setting up license window
DEBUG:tt_main:Initializing and setting up second window
DEBUG:tt_main:Initializing and setting up third window
DEBUG:tt_main:Initializing and setting up fourth window
DEBUG:tt_main:Initializing and setting up fifth window
DEBUG:tt_main:Year Window
INFO:tt_main:Academic year: January 2018 January 2018 Department: Civil Engineering
DEBUG:tt_main:First Window
DEBUG:tt_main:User has clicked on Exit/Finish/'X'
DEBUG:tt_main:User clicked Yes
DEBUG:tt_main:Quitting Program by user's choice, no errors
