INFO:tt_main:********************************************************************************************************************
INFO:tt_main:*                                           TIMETABLE GENERATOR                                                    *
INFO:tt_main:*                                                                                                                  *
INFO:tt_main:*                                                   BY:                                                            *
INFO:tt_main:*                                             BISHAL BUDHATHOKI                                                    *
INFO:tt_main:*                                             BIPLOVE SHAKYA                                                       *
INFO:tt_main:*                                             SHEKHAR PALIT                                                        *
INFO:tt_main:*                              Department of Computer Science & Engineering                                        *
INFO:tt_main:*                                                                                                                  *
INFO:tt_main:*                                                  FOR:                                                            *
INFO:tt_main:*                                   S.J.C. Institute of Technology, SJCIT                                          *
INFO:tt_main:********************************************************************************************************************
INFO:tt_main:Current Directory: D:\Projects\timetable-master\timetable-master
INFO:tt_main:Current screen resolution: 1366 768
INFO:tt_main:Resize ratio: 0.7
DEBUG:tt_main:Initializing and setting up year window
DEBUG:tt_main:Initializing and setting up first window
DEBUG:tt_main:Initializing and setting up elective window
DEBUG:tt_main:Initializing and setting up about window
DEBUG:tt_main:Initializing and setting up license window
DEBUG:tt_main:Initializing and setting up second window
DEBUG:tt_main:Initializing and setting up third window
DEBUG:tt_main:Initializing and setting up fourth window
DEBUG:tt_main:Initializing and setting up fifth window
DEBUG:tt_main:Year Window
INFO:tt_main:Academic year: January 2018 January 2018 Department: Computer Science & Engineering
DEBUG:tt_main:First Window
INFO:tt_main:File Menu option clicked: Save As
DEBUG:tt_main:Save file dialog
INFO:tt_main:File Menu option clicked: Load
DEBUG:tt_main:Load confirmed
INFO:tt_main:File name: D:/Projects/timetable-master/timetable-master/Sample Inputs/initial.json
INFO:tt_main:Loading from json file
DEBUG:tt_main:Success. Loaded all saved data from D:/Projects/timetable-master/timetable-master/Sample Inputs/initial.json
DEBUG:tt_main:Reset all windows and displaying 1st window
DEBUG:tt_main:Resetting First Window
DEBUG:tt_main:Resetting/Populating Second Window
INFO:tt_main:Assigned Subjects: OrderedDict([('III', OrderedDict()), ('IV', OrderedDict()), ('V', OrderedDict()), ('VI', OrderedDict([('A', ['SS&CD - SS&CD - Shrihari M R', 'SS&OS - SOL - Shrihari M R', 'PAP - PAP - Shashikanth T S', 'OR - OR - Girish B G', 'MC - MC - Rashmi K A', 'CGV - CGC - Sushmitha M', 'OS - OS - Bhararthi M', 'CNC - CNC - Harshavardhan']), ('B', [])])), ('VII', OrderedDict()), ('VIII', OrderedDict([('A', ['Software Testing - ST - Ajay H C', 'Project  - PS - Ajay N', 'Software Architecture - SA - Apoorva S', 'Simulated Model - SMS - Bhararthi M', 'Information - INS - Harshavardhan', 'Technical  - TS - Srinath G M', 'CLouds - CGC - Vinutha K', 'NMS - NMS - Venkatesh K M']), ('B', ['Software Testing - ST - Ajay H C', 'Project  - PS - Ajay N', 'Information - INS - Rashmi K A', 'Technical  - TS - Srinath G M', 'Simulated Model - SMS - Srinivas Murthy H', 'CLouds - CGC - Sushmitha M', 'NMS - NMS - Venkatesh K M', 'Software Architecture - SA - Jagadish N'])]))])
DEBUG:tt_main:Resetting Third Window
DEBUG:tt_main:Resetting Fourth Window
DEBUG:tt_main:Resetting Fifth Window
DEBUG:tt_main:Resetting Elective Window
DEBUG:tt_main:Resetting Year Window
INFO:tt_main:Input type: Subjects
INFO:tt_main:Selected row in list: []
INFO:tt_main:VI 2
INFO:tt_main:Selected row in list: []
INFO:tt_main:Selected row in list: []
INFO:tt_main:Selected row in list: []
INFO:tt_main:Selected row in list: []
DEBUG:tt_main:Elective button first form
INFO:tt_main:Elective Window
DEBUG:tt_main:Resetting Elective Window
INFO:tt_main:No of elective groups 2
DEBUG:tt_main:Add button elective form
DEBUG:tt_main:Adding NMS elective to VIII in Elective 2
INFO:tt_main:Elective details(name, shortname, credits, lab) :NMS NMS 5 False
INFO:tt_main:Electives list: {'III': {}, 'IV': {}, 'V': {}, 'VI': {'Elective 1': [subject('MC', 'MC', 5, False, '8'), subject('PAP', 'PAP', 5, False, '9')]}, 'VII': {}, 'VIII': {'Elective 1': [subject('CLouds', 'CGC', 4, False, '3'), subject('Information', 'INS', 4, False, '4')], 'Elective 2': [subject('CLouds', 'CGC', 4, False, '3'), subject('Information', 'INS', 4, False, '4'), subject('NMS', 'NMS', 5, False, '21')]}}
DEBUG:tt_main:Add button elective form
DEBUG:tt_main:Adding ST elective to VIII in Elective 2
INFO:tt_main:Elective details(name, shortname, credits, lab) :ST ST 5 False
INFO:tt_main:Electives list: {'III': {}, 'IV': {}, 'V': {}, 'VI': {'Elective 1': [subject('MC', 'MC', 5, False, '8'), subject('PAP', 'PAP', 5, False, '9')]}, 'VII': {}, 'VIII': {'Elective 1': [subject('CLouds', 'CGC', 4, False, '3'), subject('Information', 'INS', 4, False, '4')], 'Elective 2': [subject('CLouds', 'CGC', 4, False, '3'), subject('Information', 'INS', 4, False, '4'), subject('NMS', 'NMS', 5, False, '21'), subject('ST', 'ST', 5, False, '22')]}}
DEBUG:tt_main:Elective button first form
DEBUG:tt_main:Add button first form
DEBUG:tt_main:Adding new item
DEBUG:tt_main:Input type: Subjects
INFO:tt_main:Subject details(name, shortname, credits, lab) :SA SA 5 False
INFO:tt_main:Faculty list: [faculty_class('Ajay H C', 'Prof.', 'Assistant Professor'), faculty_class('Ajay N', 'Prof.', 'Assistant Professor'), faculty_class('Apoorva S', 'Prof.', 'Assistant Professor'), faculty_class('Archana N', 'Prof.', 'Assistant Professor'), faculty_class('Bhararthi M', 'Dr.', 'Associate Professor'), faculty_class('Diwakar K M', 'Prof.', 'Assistant Professor'), faculty_class('Girish B G', 'Prof.', 'Assistant Professor'), faculty_class('Harshavardhan', 'Prof.', 'Assistant Professor'), faculty_class('Jagadish N', 'Prof.', 'Assistant Professor'), faculty_class('M. Seshaiah', 'Prof.', 'Assistant Professor'), faculty_class('Manjunath S', 'Prof.', 'Assistant Professor'), faculty_class('Murthy S V N', 'Dr.', 'Associate Professor'), faculty_class('Narendra Babu C', 'Prof.', 'Professor'), faculty_class('Pampana', 'Prof.', 'Associate Professor'), faculty_class('Pradeep Kumar', 'Prof.', 'Assistant Professor'), faculty_class('Rashmi K A', 'Prof.', 'Assistant Professor'), faculty_class('Shashikanth T S', 'Prof.', 'Assistant Professor'), faculty_class('Shrihari M R', 'Prof.', 'Assistant Professor'), faculty_class('Srinath G M', 'Prof.', 'Assistant Professor'), faculty_class('Srinivas Murthy H', 'Prof.', 'Associate Professor'), faculty_class('Sushmitha M', 'Prof.', 'Assistant Professor'), faculty_class('Swetha T', 'Prof.', 'Assistant Professor'), faculty_class('T.N Anitha', 'Dr.', 'Head of Department'), faculty_class('Venkatesh K M', 'Prof.', 'Assistant Professor'), faculty_class('Vijay G R', 'Prof.', 'Associate Professor'), faculty_class('Vikas Reddy.S', 'Prof.', 'Assistant Professor'), faculty_class('Vinutha K', 'Prof.', 'Assistant Professor')]
INFO:tt_main:Subjects list: OrderedDict([('III', []), ('IV', []), ('V', []), ('VI', [subject('SS&CD', 'SS&CD', 5, False, '5'), subject('SS&OS LAB', 'SS&OS LAB', 3, False, '6'), subject('OS', 'OS', 5, False, '3'), subject('MC', 'MC', 5, False, '8'), subject('CGV', 'CGV', 5, False, '1'), subject('CNC', 'CNC', 5, False, '7'), subject('CG LAB', 'CG LAB', 3, True, '2'), subject('PAP', 'PAP', 5, False, '9'), subject('OR', 'OR', 5, False, '4')]), ('VII', []), ('VIII', [subject('NMS', 'NMS', 5, False, '21'), subject('ST', 'ST', 5, False, '22'), subject('SA', 'SA', 5, False, '11')])])
DEBUG:tt_main:Add button first form
DEBUG:tt_main:Adding new item
DEBUG:tt_main:Input type: Subjects
INFO:tt_main:Subject details(name, shortname, credits, lab) :SMS SMS 5 False
INFO:tt_main:Faculty list: [faculty_class('Ajay H C', 'Prof.', 'Assistant Professor'), faculty_class('Ajay N', 'Prof.', 'Assistant Professor'), faculty_class('Apoorva S', 'Prof.', 'Assistant Professor'), faculty_class('Archana N', 'Prof.', 'Assistant Professor'), faculty_class('Bhararthi M', 'Dr.', 'Associate Professor'), faculty_class('Diwakar K M', 'Prof.', 'Assistant Professor'), faculty_class('Girish B G', 'Prof.', 'Assistant Professor'), faculty_class('Harshavardhan', 'Prof.', 'Assistant Professor'), faculty_class('Jagadish N', 'Prof.', 'Assistant Professor'), faculty_class('M. Seshaiah', 'Prof.', 'Assistant Professor'), faculty_class('Manjunath S', 'Prof.', 'Assistant Professor'), faculty_class('Murthy S V N', 'Dr.', 'Associate Professor'), faculty_class('Narendra Babu C', 'Prof.', 'Professor'), faculty_class('Pampana', 'Prof.', 'Associate Professor'), faculty_class('Pradeep Kumar', 'Prof.', 'Assistant Professor'), faculty_class('Rashmi K A', 'Prof.', 'Assistant Professor'), faculty_class('Shashikanth T S', 'Prof.', 'Assistant Professor'), faculty_class('Shrihari M R', 'Prof.', 'Assistant Professor'), faculty_class('Srinath G M', 'Prof.', 'Assistant Professor'), faculty_class('Srinivas Murthy H', 'Prof.', 'Associate Professor'), faculty_class('Sushmitha M', 'Prof.', 'Assistant Professor'), faculty_class('Swetha T', 'Prof.', 'Assistant Professor'), faculty_class('T.N Anitha', 'Dr.', 'Head of Department'), faculty_class('Venkatesh K M', 'Prof.', 'Assistant Professor'), faculty_class('Vijay G R', 'Prof.', 'Associate Professor'), faculty_class('Vikas Reddy.S', 'Prof.', 'Assistant Professor'), faculty_class('Vinutha K', 'Prof.', 'Assistant Professor')]
INFO:tt_main:Subjects list: OrderedDict([('III', []), ('IV', []), ('V', []), ('VI', [subject('SS&CD', 'SS&CD', 5, False, '5'), subject('SS&OS LAB', 'SS&OS LAB', 3, False, '6'), subject('OS', 'OS', 5, False, '3'), subject('MC', 'MC', 5, False, '8'), subject('CGV', 'CGV', 5, False, '1'), subject('CNC', 'CNC', 5, False, '7'), subject('CG LAB', 'CG LAB', 3, True, '2'), subject('PAP', 'PAP', 5, False, '9'), subject('OR', 'OR', 5, False, '4')]), ('VII', []), ('VIII', [subject('NMS', 'NMS', 5, False, '21'), subject('ST', 'ST', 5, False, '22'), subject('SA', 'SA', 5, False, '11'), subject('SMS', 'SMS', 5, False, '12')])])
INFO:tt_main:Selected row in list: []
INFO:tt_main:Selected row in list: []
DEBUG:tt_main:Remove button first form
DEBUG:tt_main:Subjects-ST - ST removed from the subject list.
INFO:tt_main:Faculty list: [faculty_class('Ajay H C', 'Prof.', 'Assistant Professor'), faculty_class('Ajay N', 'Prof.', 'Assistant Professor'), faculty_class('Apoorva S', 'Prof.', 'Assistant Professor'), faculty_class('Archana N', 'Prof.', 'Assistant Professor'), faculty_class('Bhararthi M', 'Dr.', 'Associate Professor'), faculty_class('Diwakar K M', 'Prof.', 'Assistant Professor'), faculty_class('Girish B G', 'Prof.', 'Assistant Professor'), faculty_class('Harshavardhan', 'Prof.', 'Assistant Professor'), faculty_class('Jagadish N', 'Prof.', 'Assistant Professor'), faculty_class('M. Seshaiah', 'Prof.', 'Assistant Professor'), faculty_class('Manjunath S', 'Prof.', 'Assistant Professor'), faculty_class('Murthy S V N', 'Dr.', 'Associate Professor'), faculty_class('Narendra Babu C', 'Prof.', 'Professor'), faculty_class('Pampana', 'Prof.', 'Associate Professor'), faculty_class('Pradeep Kumar', 'Prof.', 'Assistant Professor'), faculty_class('Rashmi K A', 'Prof.', 'Assistant Professor'), faculty_class('Shashikanth T S', 'Prof.', 'Assistant Professor'), faculty_class('Shrihari M R', 'Prof.', 'Assistant Professor'), faculty_class('Srinath G M', 'Prof.', 'Assistant Professor'), faculty_class('Srinivas Murthy H', 'Prof.', 'Associate Professor'), faculty_class('Sushmitha M', 'Prof.', 'Assistant Professor'), faculty_class('Swetha T', 'Prof.', 'Assistant Professor'), faculty_class('T.N Anitha', 'Dr.', 'Head of Department'), faculty_class('Venkatesh K M', 'Prof.', 'Assistant Professor'), faculty_class('Vijay G R', 'Prof.', 'Associate Professor'), faculty_class('Vikas Reddy.S', 'Prof.', 'Assistant Professor'), faculty_class('Vinutha K', 'Prof.', 'Assistant Professor')]
INFO:tt_main:Subjects list: OrderedDict([('III', []), ('IV', []), ('V', []), ('VI', [subject('SS&CD', 'SS&CD', 5, False, '5'), subject('SS&OS LAB', 'SS&OS LAB', 3, False, '6'), subject('OS', 'OS', 5, False, '3'), subject('MC', 'MC', 5, False, '8'), subject('CGV', 'CGV', 5, False, '1'), subject('CNC', 'CNC', 5, False, '7'), subject('CG LAB', 'CG LAB', 3, True, '2'), subject('PAP', 'PAP', 5, False, '9'), subject('OR', 'OR', 5, False, '4')]), ('VII', []), ('VIII', [subject('NMS', 'NMS', 5, False, '21'), subject('SA', 'SA', 5, False, '11'), subject('SMS', 'SMS', 5, False, '12')])])
DEBUG:tt_main:Elective button first form
INFO:tt_main:Elective Window
DEBUG:tt_main:Resetting Elective Window
INFO:tt_main:No of elective groups 0
INFO:tt_main:No of elective groups 2
DEBUG:tt_main:Add button elective form
DEBUG:tt_main:Adding SD elective to VIII in Elective 2
INFO:tt_main:Elective details(name, shortname, credits, lab) :SD SD 5 False
INFO:tt_main:Electives list: {'III': {}, 'IV': {}, 'V': {}, 'VI': {'Elective 1': [subject('MC', 'MC', 5, False, '8'), subject('PAP', 'PAP', 5, False, '9')]}, 'VII': {}, 'VIII': {'Elective 1': [subject('CLouds', 'CGC', 4, False, '3'), subject('Information', 'INS', 4, False, '4')], 'Elective 2': [subject('CLouds', 'CGC', 4, False, '3'), subject('Information', 'INS', 4, False, '4'), subject('NMS', 'NMS', 5, False, '21'), subject('SD', 'SD', 5, False, '22')]}}
DEBUG:tt_main:Add button elective form
DEBUG:tt_main:Adding AS elective to VIII in Elective 2
INFO:tt_main:Elective details(name, shortname, credits, lab) :AS AS 4 False
ERROR:tt_main:Logging an uncaught exception
Traceback (most recent call last):
  File "D:/Projects/timetable-master/timetable-master/ui_controller.py", line 998, in add_btn_elective_event
    self.update_subject_changes(subj, y)
  File "D:/Projects/timetable-master/timetable-master/ui_controller.py", line 747, in update_subject_changes
    del self.subs[old_sub.short_name]
KeyError: 'INS'
