INFO:tt_main:********************************************************************************************************************
INFO:tt_main:*                                           TIMETABLE GENERATOR                                                    *
INFO:tt_main:*                                                                                                                  *
INFO:tt_main:*                                                   BY:                                                            *
INFO:tt_main:*                                             BISHAL BUDHATHOKI                                                    *
INFO:tt_main:*                                             BIPLOVE SHAKYA                                                       *
INFO:tt_main:*                                             SHEKHAR PALIT                                                        *
INFO:tt_main:*                              Department of Computer Science & Engineering                                        *
INFO:tt_main:*                                                                                                                  *
INFO:tt_main:*                                                  FOR:                                                            *
INFO:tt_main:*                                   S.J.C. Institute of Technology, SJCIT                                          *
INFO:tt_main:********************************************************************************************************************
INFO:tt_main:Current Directory: D:\Projects\timetable-master\timetable-master
INFO:tt_main:Current screen resolution: 1366 768
INFO:tt_main:Resize ratio: 0.7
DEBUG:tt_main:Initializing and setting up year window
DEBUG:tt_main:Initializing and setting up first window
DEBUG:tt_main:Initializing and setting up elective window
DEBUG:tt_main:Initializing and setting up about window
DEBUG:tt_main:Initializing and setting up license window
DEBUG:tt_main:Initializing and setting up second window
DEBUG:tt_main:Initializing and setting up third window
DEBUG:tt_main:Initializing and setting up fourth window
DEBUG:tt_main:Initializing and setting up fifth window
DEBUG:tt_main:Year Window
INFO:tt_main:Academic year: January 2018 January 2018 Department: Computer Science & Engineering
DEBUG:tt_main:First Window
INFO:tt_main:File Menu option clicked: Load
DEBUG:tt_main:Load confirmed
INFO:tt_main:File name: D:/Projects/timetable-master/timetable-master/Sample Inputs/initial.json
INFO:tt_main:Loading from json file
DEBUG:tt_main:Success. Loaded all saved data from D:/Projects/timetable-master/timetable-master/Sample Inputs/initial.json
DEBUG:tt_main:Reset all windows and displaying 1st window
DEBUG:tt_main:Resetting First Window
DEBUG:tt_main:Resetting/Populating Second Window
INFO:tt_main:Assigned Subjects: OrderedDict([('III', OrderedDict()), ('IV', OrderedDict()), ('V', OrderedDict()), ('VI', OrderedDict([('A', ['SS&CD - SS&CD - Shrihari M R', 'SS&OS - SOL - Shrihari M R', 'PAP - PAP - Shashikanth T S', 'OR - OR - Girish B G', 'MC - MC - Rashmi K A', 'CGV - CGC - Sushmitha M', 'OS - OS - Bhararthi M', 'CNC - CNC - Harshavardhan']), ('B', [])])), ('VII', OrderedDict()), ('VIII', OrderedDict([('A', ['Software Testing - ST - Ajay H C', 'Project  - PS - Ajay N', 'Software Architecture - SA - Apoorva S', 'Simulated Model - SMS - Bhararthi M', 'Information - INS - Harshavardhan', 'Technical  - TS - Srinath G M', 'CLouds - CGC - Vinutha K', 'NMS - NMS - Venkatesh K M']), ('B', ['Software Testing - ST - Ajay H C', 'Project  - PS - Ajay N', 'Information - INS - Rashmi K A', 'Technical  - TS - Srinath G M', 'Simulated Model - SMS - Srinivas Murthy H', 'CLouds - CGC - Sushmitha M', 'NMS - NMS - Venkatesh K M', 'Software Architecture - SA - Jagadish N'])]))])
DEBUG:tt_main:Resetting Third Window
DEBUG:tt_main:Resetting Fourth Window
DEBUG:tt_main:Resetting Fifth Window
DEBUG:tt_main:Resetting Elective Window
DEBUG:tt_main:Resetting Year Window
INFO:tt_main:Input type: Subjects
INFO:tt_main:Selected row in list: []
INFO:tt_main:VI 2
INFO:tt_main:Selected row in list: []
INFO:tt_main:VI 3
INFO:tt_main:VI 4
INFO:tt_main:VI 3
INFO:tt_main:VI 2
INFO:tt_main:VI 1
INFO:tt_main:VI 0
INFO:tt_main:VI 1
INFO:tt_main:VI 2
DEBUG:tt_main:Remove button first form
DEBUG:tt_main:Subjects-SS&OS - SOL removed from the subject list.
INFO:tt_main:Faculty list: [faculty_class('Ajay H C', 'Prof.', 'Assistant Professor'), faculty_class('Ajay N', 'Prof.', 'Assistant Professor'), faculty_class('Apoorva S', 'Prof.', 'Assistant Professor'), faculty_class('Archana N', 'Prof.', 'Assistant Professor'), faculty_class('Bhararthi M', 'Dr.', 'Associate Professor'), faculty_class('Diwakar K M', 'Prof.', 'Assistant Professor'), faculty_class('Girish B G', 'Prof.', 'Assistant Professor'), faculty_class('Harshavardhan', 'Prof.', 'Assistant Professor'), faculty_class('Jagadish N', 'Prof.', 'Assistant Professor'), faculty_class('M. Seshaiah', 'Prof.', 'Assistant Professor'), faculty_class('Manjunath S', 'Prof.', 'Assistant Professor'), faculty_class('Murthy S V N', 'Dr.', 'Associate Professor'), faculty_class('Narendra Babu C', 'Prof.', 'Professor'), faculty_class('Pampana', 'Prof.', 'Associate Professor'), faculty_class('Pradeep Kumar', 'Prof.', 'Assistant Professor'), faculty_class('Rashmi K A', 'Prof.', 'Assistant Professor'), faculty_class('Shashikanth T S', 'Prof.', 'Assistant Professor'), faculty_class('Shrihari M R', 'Prof.', 'Assistant Professor'), faculty_class('Srinath G M', 'Prof.', 'Assistant Professor'), faculty_class('Srinivas Murthy H', 'Prof.', 'Associate Professor'), faculty_class('Sushmitha M', 'Prof.', 'Assistant Professor'), faculty_class('Swetha T', 'Prof.', 'Assistant Professor'), faculty_class('T.N Anitha', 'Dr.', 'Head of Department'), faculty_class('Venkatesh K M', 'Prof.', 'Assistant Professor'), faculty_class('Vijay G R', 'Prof.', 'Associate Professor'), faculty_class('Vikas Reddy.S', 'Prof.', 'Assistant Professor'), faculty_class('Vinutha K', 'Prof.', 'Assistant Professor')]
INFO:tt_main:Subjects list: OrderedDict([('III', []), ('IV', []), ('V', []), ('VI', [subject('PAP', 'PAP', 5, False, '15'), subject('OS', 'OS', 5, False, '16'), subject('SS&CD', 'SS&CD', 4, False, '12'), subject('MC', 'MC', 5, False, '17'), subject('CGV', 'CGC', 6, True, '11'), subject('OR', 'OR', 4, False, '14'), subject('CNC', 'CNC', 5, False, '13')]), ('VII', []), ('VIII', [subject('Technical ', 'TS', 5, False, '6'), subject('Information', 'INS', 4, False, '4'), subject('CLouds', 'CGC', 4, False, '3'), subject('NMS', 'NMS', 4, False, '1234'), subject('Software Architecture', 'SA', 4, False, '1'), subject('Simulated Model', 'SMS', 4, False, '2'), subject('Project ', 'PS', 5, False, '5'), subject('Software Testing', 'ST', 4, False, '123')])])
INFO:tt_main:File Menu option clicked: Load
DEBUG:tt_main:Load confirmed
INFO:tt_main:File name: D:/Projects/timetable-master/timetable-master/Sample Inputs/I1.json
INFO:tt_main:Loading from json file
DEBUG:tt_main:Success. Loaded all saved data from D:/Projects/timetable-master/timetable-master/Sample Inputs/I1.json
DEBUG:tt_main:Reset all windows and displaying 1st window
DEBUG:tt_main:Resetting First Window
DEBUG:tt_main:Resetting/Populating Second Window
INFO:tt_main:Assigned Subjects: OrderedDict([('III', OrderedDict()), ('IV', OrderedDict()), ('V', OrderedDict()), ('VI', OrderedDict([('A', ['SS&CD - SS&CD - Shrihari M R', 'PAP - PAP - Shashikanth T S', 'OR - OR - Girish B G', 'MC - MC - Rashmi K A', 'CGV - CGC - Sushmitha M', 'OS - OS - Bhararthi M', 'CNC - CNC - Harshavardhan', 'SS&OS - SOL - Swetha T']), ('B', ['OS - OS - Diwakar K M', 'PAP - PAP - Shashikanth T S', 'SS&OS - SOL - Murthy S V N', 'OR - OR - Vinutha K', 'CNC - CNC - Apoorva S', 'SS&CD - SS&CD - Ajay N', 'CGV - CGC - Srinath G M'])])), ('VII', OrderedDict()), ('VIII', OrderedDict([('A', ['Software Testing - ST - Ajay H C', 'Project  - PS - Ajay N', 'Software Architecture - SA - Apoorva S', 'Simulated Model - SMS - Bhararthi M', 'Information - INS - Harshavardhan', 'Technical  - TS - Srinath G M', 'CLouds - CGC - Vinutha K', 'NMS - NMS - Venkatesh K M']), ('B', ['Software Testing - ST - Ajay H C', 'Project  - PS - Ajay N', 'Information - INS - Rashmi K A', 'Technical  - TS - Srinath G M', 'Simulated Model - SMS - Srinivas Murthy H', 'CLouds - CGC - Sushmitha M', 'NMS - NMS - Venkatesh K M', 'Software Architecture - SA - Jagadish N'])]))])
DEBUG:tt_main:Resetting Third Window
DEBUG:tt_main:Resetting Fourth Window
DEBUG:tt_main:Resetting Fifth Window
DEBUG:tt_main:Resetting Elective Window
DEBUG:tt_main:Resetting Year Window
INFO:tt_main:Input type: Subjects
INFO:tt_main:Selected row in list: []
INFO:tt_main:Selected row in list: []
DEBUG:tt_main:Remove button first form
DEBUG:tt_main:Subjects-SS&OS - SOL removed from the subject list.
INFO:tt_main:Faculty list: [faculty_class('Ajay H C', 'Prof.', 'Assistant Professor'), faculty_class('Ajay N', 'Prof.', 'Assistant Professor'), faculty_class('Apoorva S', 'Prof.', 'Assistant Professor'), faculty_class('Archana N', 'Prof.', 'Assistant Professor'), faculty_class('Bhararthi M', 'Dr.', 'Associate Professor'), faculty_class('Diwakar K M', 'Prof.', 'Assistant Professor'), faculty_class('Girish B G', 'Prof.', 'Assistant Professor'), faculty_class('Harshavardhan', 'Prof.', 'Assistant Professor'), faculty_class('Jagadish N', 'Prof.', 'Assistant Professor'), faculty_class('M. Seshaiah', 'Prof.', 'Assistant Professor'), faculty_class('Manjunath S', 'Prof.', 'Assistant Professor'), faculty_class('Murthy S V N', 'Dr.', 'Associate Professor'), faculty_class('Narendra Babu C', 'Prof.', 'Professor'), faculty_class('Pampana', 'Prof.', 'Associate Professor'), faculty_class('Pradeep Kumar', 'Prof.', 'Assistant Professor'), faculty_class('Rashmi K A', 'Prof.', 'Assistant Professor'), faculty_class('Shashikanth T S', 'Prof.', 'Assistant Professor'), faculty_class('Shrihari M R', 'Prof.', 'Assistant Professor'), faculty_class('Srinath G M', 'Prof.', 'Assistant Professor'), faculty_class('Srinivas Murthy H', 'Prof.', 'Associate Professor'), faculty_class('Sushmitha M', 'Prof.', 'Assistant Professor'), faculty_class('Swetha T', 'Prof.', 'Assistant Professor'), faculty_class('T.N Anitha', 'Dr.', 'Head of Department'), faculty_class('Venkatesh K M', 'Prof.', 'Assistant Professor'), faculty_class('Vijay G R', 'Prof.', 'Associate Professor'), faculty_class('Vikas Reddy.S', 'Prof.', 'Assistant Professor'), faculty_class('Vinutha K', 'Prof.', 'Assistant Professor')]
INFO:tt_main:Subjects list: OrderedDict([('III', []), ('IV', []), ('V', []), ('VI', [subject('PAP', 'PAP', 5, False, '15'), subject('OS', 'OS', 5, False, '16'), subject('SS&CD', 'SS&CD', 4, False, '12'), subject('MC', 'MC', 5, False, '17'), subject('CGV', 'CGC', 6, True, '11'), subject('OR', 'OR', 4, False, '14'), subject('CNC', 'CNC', 5, False, '13')]), ('VII', []), ('VIII', [subject('Technical ', 'TS', 5, False, '6'), subject('Information', 'INS', 4, False, '4'), subject('CLouds', 'CGC', 4, False, '3'), subject('NMS', 'NMS', 4, False, '1234'), subject('Software Architecture', 'SA', 4, False, '1'), subject('Simulated Model', 'SMS', 4, False, '2'), subject('Project ', 'PS', 5, False, '5'), subject('Software Testing', 'ST', 4, False, '123')])])
INFO:tt_main:Selected row in list: []
DEBUG:tt_main:Elective button first form
INFO:tt_main:Elective Window
DEBUG:tt_main:Resetting Elective Window
INFO:tt_main:No of elective groups 4
DEBUG:tt_main:Remove button first form
DEBUG:tt_main:Subjects-Software Testing - ST removed from the subject list.
INFO:tt_main:Faculty list: [faculty_class('Ajay H C', 'Prof.', 'Assistant Professor'), faculty_class('Ajay N', 'Prof.', 'Assistant Professor'), faculty_class('Apoorva S', 'Prof.', 'Assistant Professor'), faculty_class('Archana N', 'Prof.', 'Assistant Professor'), faculty_class('Bhararthi M', 'Dr.', 'Associate Professor'), faculty_class('Diwakar K M', 'Prof.', 'Assistant Professor'), faculty_class('Girish B G', 'Prof.', 'Assistant Professor'), faculty_class('Harshavardhan', 'Prof.', 'Assistant Professor'), faculty_class('Jagadish N', 'Prof.', 'Assistant Professor'), faculty_class('M. Seshaiah', 'Prof.', 'Assistant Professor'), faculty_class('Manjunath S', 'Prof.', 'Assistant Professor'), faculty_class('Murthy S V N', 'Dr.', 'Associate Professor'), faculty_class('Narendra Babu C', 'Prof.', 'Professor'), faculty_class('Pampana', 'Prof.', 'Associate Professor'), faculty_class('Pradeep Kumar', 'Prof.', 'Assistant Professor'), faculty_class('Rashmi K A', 'Prof.', 'Assistant Professor'), faculty_class('Shashikanth T S', 'Prof.', 'Assistant Professor'), faculty_class('Shrihari M R', 'Prof.', 'Assistant Professor'), faculty_class('Srinath G M', 'Prof.', 'Assistant Professor'), faculty_class('Srinivas Murthy H', 'Prof.', 'Associate Professor'), faculty_class('Sushmitha M', 'Prof.', 'Assistant Professor'), faculty_class('Swetha T', 'Prof.', 'Assistant Professor'), faculty_class('T.N Anitha', 'Dr.', 'Head of Department'), faculty_class('Venkatesh K M', 'Prof.', 'Assistant Professor'), faculty_class('Vijay G R', 'Prof.', 'Associate Professor'), faculty_class('Vikas Reddy.S', 'Prof.', 'Assistant Professor'), faculty_class('Vinutha K', 'Prof.', 'Assistant Professor')]
INFO:tt_main:Subjects list: OrderedDict([('III', []), ('IV', []), ('V', []), ('VI', [subject('PAP', 'PAP', 5, False, '15'), subject('OS', 'OS', 5, False, '16'), subject('SS&CD', 'SS&CD', 4, False, '12'), subject('MC', 'MC', 5, False, '17'), subject('CGV', 'CGC', 6, True, '11'), subject('OR', 'OR', 4, False, '14'), subject('CNC', 'CNC', 5, False, '13')]), ('VII', []), ('VIII', [subject('Technical ', 'TS', 5, False, '6'), subject('Information', 'INS', 4, False, '4'), subject('CLouds', 'CGC', 4, False, '3'), subject('NMS', 'NMS', 4, False, '1234'), subject('Software Architecture', 'SA', 4, False, '1'), subject('Simulated Model', 'SMS', 4, False, '2'), subject('Project ', 'PS', 5, False, '5')])])
DEBUG:tt_main:Remove button first form
DEBUG:tt_main:Subjects-NMS - NMS removed from the subject list.
INFO:tt_main:Faculty list: [faculty_class('Ajay H C', 'Prof.', 'Assistant Professor'), faculty_class('Ajay N', 'Prof.', 'Assistant Professor'), faculty_class('Apoorva S', 'Prof.', 'Assistant Professor'), faculty_class('Archana N', 'Prof.', 'Assistant Professor'), faculty_class('Bhararthi M', 'Dr.', 'Associate Professor'), faculty_class('Diwakar K M', 'Prof.', 'Assistant Professor'), faculty_class('Girish B G', 'Prof.', 'Assistant Professor'), faculty_class('Harshavardhan', 'Prof.', 'Assistant Professor'), faculty_class('Jagadish N', 'Prof.', 'Assistant Professor'), faculty_class('M. Seshaiah', 'Prof.', 'Assistant Professor'), faculty_class('Manjunath S', 'Prof.', 'Assistant Professor'), faculty_class('Murthy S V N', 'Dr.', 'Associate Professor'), faculty_class('Narendra Babu C', 'Prof.', 'Professor'), faculty_class('Pampana', 'Prof.', 'Associate Professor'), faculty_class('Pradeep Kumar', 'Prof.', 'Assistant Professor'), faculty_class('Rashmi K A', 'Prof.', 'Assistant Professor'), faculty_class('Shashikanth T S', 'Prof.', 'Assistant Professor'), faculty_class('Shrihari M R', 'Prof.', 'Assistant Professor'), faculty_class('Srinath G M', 'Prof.', 'Assistant Professor'), faculty_class('Srinivas Murthy H', 'Prof.', 'Associate Professor'), faculty_class('Sushmitha M', 'Prof.', 'Assistant Professor'), faculty_class('Swetha T', 'Prof.', 'Assistant Professor'), faculty_class('T.N Anitha', 'Dr.', 'Head of Department'), faculty_class('Venkatesh K M', 'Prof.', 'Assistant Professor'), faculty_class('Vijay G R', 'Prof.', 'Associate Professor'), faculty_class('Vikas Reddy.S', 'Prof.', 'Assistant Professor'), faculty_class('Vinutha K', 'Prof.', 'Assistant Professor')]
INFO:tt_main:Subjects list: OrderedDict([('III', []), ('IV', []), ('V', []), ('VI', [subject('PAP', 'PAP', 5, False, '15'), subject('OS', 'OS', 5, False, '16'), subject('SS&CD', 'SS&CD', 4, False, '12'), subject('MC', 'MC', 5, False, '17'), subject('CGV', 'CGC', 6, True, '11'), subject('OR', 'OR', 4, False, '14'), subject('CNC', 'CNC', 5, False, '13')]), ('VII', []), ('VIII', [subject('Technical ', 'TS', 5, False, '6'), subject('Information', 'INS', 4, False, '4'), subject('CLouds', 'CGC', 4, False, '3'), subject('Software Architecture', 'SA', 4, False, '1'), subject('Simulated Model', 'SMS', 4, False, '2'), subject('Project ', 'PS', 5, False, '5')])])
DEBUG:tt_main:Elective button first form
INFO:tt_main:Elective Window
DEBUG:tt_main:Resetting Elective Window
INFO:tt_main:No of elective groups 0
INFO:tt_main:No of elective groups 4
INFO:tt_main:No of elective groups 5
INFO:tt_main:No of elective groups 4
INFO:tt_main:No of elective groups 3
INFO:tt_main:No of elective groups 2
INFO:tt_main:No of elective groups 1
INFO:tt_main:No of elective groups 2
INFO:tt_main:No of elective groups 3
INFO:tt_main:No of elective groups 4
DEBUG:tt_main:Resetting Elective Window
INFO:tt_main:No of elective groups 0
INFO:tt_main:No of elective groups 4
DEBUG:tt_main:Remove button elective form
INFO:tt_main:Electives list: {'III': {}, 'IV': {}, 'V': {}, 'VI': {}, 'VII': {}, 'VIII': {'Elective 1': [subject('CLouds', 'CGC', 4, False, '3')], 'Elective 2': [subject('CLouds', 'CGC', 4, False, '3'), subject('Information', 'INS', 4, False, '4')], 'Elective 3': [subject('CLouds', 'CGC', 4, False, '3'), subject('Information', 'INS', 4, False, '4')], 'Elective 4': [subject('CLouds', 'CGC', 4, False, '3'), subject('Information', 'INS', 4, False, '4')]}}
DEBUG:tt_main:Remove button elective form
INFO:tt_main:Electives list: {'III': {}, 'IV': {}, 'V': {}, 'VI': {}, 'VII': {}, 'VIII': {'Elective 1': [], 'Elective 2': [subject('CLouds', 'CGC', 4, False, '3'), subject('Information', 'INS', 4, False, '4')], 'Elective 3': [subject('CLouds', 'CGC', 4, False, '3'), subject('Information', 'INS', 4, False, '4')], 'Elective 4': [subject('CLouds', 'CGC', 4, False, '3'), subject('Information', 'INS', 4, False, '4')]}}
DEBUG:tt_main:Add button elective form
DEBUG:tt_main:Adding CLouds elective to VIII in Elective 1
INFO:tt_main:Elective details(name, shortname, credits, lab) :CLouds CGC 4 False
INFO:tt_main:Electives list: {'III': {}, 'IV': {}, 'V': {}, 'VI': {}, 'VII': {}, 'VIII': {'Elective 1': [subject('CLouds', 'CGC', 4, False, '5666')], 'Elective 2': [subject('CLouds', 'CGC', 4, False, '3'), subject('Information', 'INS', 4, False, '4')], 'Elective 3': [subject('CLouds', 'CGC', 4, False, '3'), subject('Information', 'INS', 4, False, '4')], 'Elective 4': [subject('CLouds', 'CGC', 4, False, '3'), subject('Information', 'INS', 4, False, '4')]}}
DEBUG:tt_main:Add button elective form
DEBUG:tt_main:Adding ins elective to VIII in Elective 1
INFO:tt_main:Elective details(name, shortname, credits, lab) :ins ins 4 False
INFO:tt_main:Electives list: {'III': {}, 'IV': {}, 'V': {}, 'VI': {}, 'VII': {}, 'VIII': {'Elective 1': [subject('CLouds', 'CGC', 4, False, '5666'), subject('ins', 'ins', 4, False, '8989')], 'Elective 2': [subject('CLouds', 'CGC', 4, False, '3'), subject('Information', 'INS', 4, False, '4')], 'Elective 3': [subject('CLouds', 'CGC', 4, False, '3'), subject('Information', 'INS', 4, False, '4')], 'Elective 4': [subject('CLouds', 'CGC', 4, False, '3'), subject('Information', 'INS', 4, False, '4')]}}
DEBUG:tt_main:Add button elective form
DEBUG:tt_main:Adding nms elective to VIII in Elective 3
INFO:tt_main:Elective details(name, shortname, credits, lab) :nms nms 4 False
INFO:tt_main:Electives list: {'III': {}, 'IV': {}, 'V': {}, 'VI': {}, 'VII': {}, 'VIII': {'Elective 1': [subject('CLouds', 'CGC', 4, False, '5666'), subject('ins', 'ins', 4, False, '8989')], 'Elective 2': [subject('CLouds', 'CGC', 4, False, '3'), subject('Information', 'INS', 4, False, '4')], 'Elective 3': [subject('CLouds', 'CGC', 4, False, '3'), subject('Information', 'INS', 4, False, '4'), subject('nms', 'nms', 4, False, '1234')], 'Elective 4': [subject('CLouds', 'CGC', 4, False, '3'), subject('Information', 'INS', 4, False, '4')]}}
DEBUG:tt_main:Add button elective form
DEBUG:tt_main:Adding st elective to VIII in Elective 3
INFO:tt_main:Elective details(name, shortname, credits, lab) :st st 4 False
INFO:tt_main:Electives list: {'III': {}, 'IV': {}, 'V': {}, 'VI': {}, 'VII': {}, 'VIII': {'Elective 1': [subject('CLouds', 'CGC', 4, False, '5666'), subject('ins', 'ins', 4, False, '8989')], 'Elective 2': [subject('CLouds', 'CGC', 4, False, '3'), subject('Information', 'INS', 4, False, '4')], 'Elective 3': [subject('CLouds', 'CGC', 4, False, '3'), subject('Information', 'INS', 4, False, '4'), subject('nms', 'nms', 4, False, '1234'), subject('st', 'st', 4, False, '567')], 'Elective 4': [subject('CLouds', 'CGC', 4, False, '3'), subject('Information', 'INS', 4, False, '4')]}}
DEBUG:tt_main:Elective button first form
DEBUG:tt_main:Remove button first form
DEBUG:tt_main:Subjects-CLouds - CGC removed from the subject list.
INFO:tt_main:Faculty list: [faculty_class('Ajay H C', 'Prof.', 'Assistant Professor'), faculty_class('Ajay N', 'Prof.', 'Assistant Professor'), faculty_class('Apoorva S', 'Prof.', 'Assistant Professor'), faculty_class('Archana N', 'Prof.', 'Assistant Professor'), faculty_class('Bhararthi M', 'Dr.', 'Associate Professor'), faculty_class('Diwakar K M', 'Prof.', 'Assistant Professor'), faculty_class('Girish B G', 'Prof.', 'Assistant Professor'), faculty_class('Harshavardhan', 'Prof.', 'Assistant Professor'), faculty_class('Jagadish N', 'Prof.', 'Assistant Professor'), faculty_class('M. Seshaiah', 'Prof.', 'Assistant Professor'), faculty_class('Manjunath S', 'Prof.', 'Assistant Professor'), faculty_class('Murthy S V N', 'Dr.', 'Associate Professor'), faculty_class('Narendra Babu C', 'Prof.', 'Professor'), faculty_class('Pampana', 'Prof.', 'Associate Professor'), faculty_class('Pradeep Kumar', 'Prof.', 'Assistant Professor'), faculty_class('Rashmi K A', 'Prof.', 'Assistant Professor'), faculty_class('Shashikanth T S', 'Prof.', 'Assistant Professor'), faculty_class('Shrihari M R', 'Prof.', 'Assistant Professor'), faculty_class('Srinath G M', 'Prof.', 'Assistant Professor'), faculty_class('Srinivas Murthy H', 'Prof.', 'Associate Professor'), faculty_class('Sushmitha M', 'Prof.', 'Assistant Professor'), faculty_class('Swetha T', 'Prof.', 'Assistant Professor'), faculty_class('T.N Anitha', 'Dr.', 'Head of Department'), faculty_class('Venkatesh K M', 'Prof.', 'Assistant Professor'), faculty_class('Vijay G R', 'Prof.', 'Associate Professor'), faculty_class('Vikas Reddy.S', 'Prof.', 'Assistant Professor'), faculty_class('Vinutha K', 'Prof.', 'Assistant Professor')]
INFO:tt_main:Subjects list: OrderedDict([('III', []), ('IV', []), ('V', []), ('VI', [subject('PAP', 'PAP', 5, False, '15'), subject('OS', 'OS', 5, False, '16'), subject('SS&CD', 'SS&CD', 4, False, '12'), subject('MC', 'MC', 5, False, '17'), subject('CGV', 'CGC', 6, True, '11'), subject('OR', 'OR', 4, False, '14'), subject('CNC', 'CNC', 5, False, '13')]), ('VII', []), ('VIII', [subject('Technical ', 'TS', 5, False, '6'), subject('Software Architecture', 'SA', 4, False, '1'), subject('Simulated Model', 'SMS', 4, False, '2'), subject('Project ', 'PS', 5, False, '5'), subject('ins', 'ins', 4, False, '8989'), subject('nms', 'nms', 4, False, '1234'), subject('st', 'st', 4, False, '567')])])
DEBUG:tt_main:Remove button first form
DEBUG:tt_main:Subjects-Information - INS removed from the subject list.
ERROR:tt_main:Logging an uncaught exception
Traceback (most recent call last):
  File "D:/Projects/timetable-master/timetable-master/ui_controller.py", line 851, in remove_btn_event
    self.subjects[self.sem].remove(subject(x.text()))
ValueError: list.remove(x): x not in list
