INFO:tt_main:********************************************************************************************************************
INFO:tt_main:*                                           TIMETABLE GENERATOR                                                    *
INFO:tt_main:*                                                                                                                  *
INFO:tt_main:*                                                   BY:                                                            *
INFO:tt_main:*                                             BISHAL BUDHATHOKI                                                    *
INFO:tt_main:*                                             BIPLOVE SHAKYA                                                       *
INFO:tt_main:*                                             SHEKHAR PALIT                                                        *
INFO:tt_main:*                              Department of Computer Science & Engineering                                        *
INFO:tt_main:*                                                                                                                  *
INFO:tt_main:*                                                  FOR:                                                            *
INFO:tt_main:*                                   S.J.C. Institute of Technology, SJCIT                                          *
INFO:tt_main:********************************************************************************************************************
INFO:tt_main:Current Directory: D:\Projects\timetable-master\timetable-master
INFO:tt_main:Current screen resolution: 1366 768
INFO:tt_main:Resize ratio: 0.7
DEBUG:tt_main:Initializing and setting up year window
DEBUG:tt_main:Initializing and setting up first window
DEBUG:tt_main:Initializing and setting up elective window
DEBUG:tt_main:Initializing and setting up about window
DEBUG:tt_main:Initializing and setting up license window
DEBUG:tt_main:Initializing and setting up second window
DEBUG:tt_main:Initializing and setting up third window
DEBUG:tt_main:Initializing and setting up fourth window
DEBUG:tt_main:Initializing and setting up fifth window
DEBUG:tt_main:Year Window
INFO:tt_main:Academic year: January 2018 January 2018 Department: Computer Science & Engineering
DEBUG:tt_main:First Window
INFO:tt_main:File Menu option clicked: Load
DEBUG:tt_main:Load confirmed
INFO:tt_main:File name: D:/Projects/timetable-master/timetable-master/Sample Inputs/initial.json
INFO:tt_main:Loading from json file
DEBUG:tt_main:Success. Loaded all saved data from D:/Projects/timetable-master/timetable-master/Sample Inputs/initial.json
DEBUG:tt_main:Reset all windows and displaying 1st window
DEBUG:tt_main:Resetting First Window
DEBUG:tt_main:Resetting/Populating Second Window
INFO:tt_main:Assigned Subjects: OrderedDict([('III', OrderedDict()), ('IV', OrderedDict()), ('V', OrderedDict()), ('VI', OrderedDict([('A', []), ('B', [])])), ('VII', OrderedDict()), ('VIII', OrderedDict([('A', []), ('B', [])]))])
DEBUG:tt_main:Resetting Third Window
DEBUG:tt_main:Resetting Fourth Window
DEBUG:tt_main:Resetting Fifth Window
DEBUG:tt_main:Resetting Elective Window
DEBUG:tt_main:Resetting Year Window
INFO:tt_main:Input type: Faculty
INFO:tt_main:Selected row in list: []
INFO:tt_main:Input type: Subjects
INFO:tt_main:Selected row in list: []
INFO:tt_main:VII 0
INFO:tt_main:Selected row in list: []
INFO:tt_main:VI 2
INFO:tt_main:Selected row in list: []
INFO:tt_main:Selected row in list: []
DEBUG:tt_main:Second Window
DEBUG:tt_main:Resetting/Populating Second Window
INFO:tt_main:Assigned Subjects: OrderedDict([('III', OrderedDict()), ('IV', OrderedDict()), ('V', OrderedDict()), ('VI', OrderedDict([('A', []), ('B', [])])), ('VII', OrderedDict()), ('VIII', OrderedDict([('A', []), ('B', [])]))])
INFO:tt_main:Displaying assigned subjects for Ajay H C
INFO:tt_main:Faculty subject allotments: []
INFO:tt_main:Displaying assigned subjects for VIII A
INFO:tt_main:Subject assignments: []
INFO:tt_main:Displaying assigned subjects for VIII A
INFO:tt_main:Subject assignments: ['Project  - PS - Ajay H C']
INFO:tt_main:Subject assignments
INFO:tt_main:Faculty subject allotments
DEBUG:tt_main:Subject-faculty assignment: [Project  - PS - Ajay H C] removed
INFO:tt_main:Displaying assigned subjects for VIII A
INFO:tt_main:Subject assignments: ['Software Testing - ST - Ajay H C']
INFO:tt_main:Subject assignments
INFO:tt_main:Faculty subject allotments
INFO:tt_main:Displaying assigned subjects for VIII B
INFO:tt_main:Subject assignments: []
INFO:tt_main:Displaying assigned subjects for VIII B
INFO:tt_main:Subject assignments: ['Software Testing - ST - Ajay H C']
INFO:tt_main:Subject assignments
INFO:tt_main:Faculty subject allotments
INFO:tt_main:Displaying assigned subjects for Ajay N
INFO:tt_main:Faculty subject allotments: []
INFO:tt_main:Displaying assigned subjects for VIII B
INFO:tt_main:Subject assignments: ['Software Testing - ST - Ajay H C', 'Project  - PS - Ajay N']
INFO:tt_main:Subject assignments
INFO:tt_main:Faculty subject allotments
INFO:tt_main:Displaying assigned subjects for VIII A
INFO:tt_main:Subject assignments: ['Software Testing - ST - Ajay H C']
INFO:tt_main:Displaying assigned subjects for VIII A
INFO:tt_main:Subject assignments: ['Software Testing - ST - Ajay H C', 'Project  - PS - Ajay N']
INFO:tt_main:Subject assignments
INFO:tt_main:Faculty subject allotments
INFO:tt_main:Displaying assigned subjects for Ajay N
INFO:tt_main:Faculty subject allotments: ['Project  - PS - VIII B', 'Project  - PS - VIII A']
INFO:tt_main:Displaying assigned subjects for Apoorva S
INFO:tt_main:Faculty subject allotments: []
INFO:tt_main:Displaying assigned subjects for VIII A
INFO:tt_main:Subject assignments: ['Software Testing - ST - Ajay H C', 'Project  - PS - Ajay N']
INFO:tt_main:Displaying assigned subjects for VIII A
INFO:tt_main:Subject assignments: ['Software Testing - ST - Ajay H C', 'Project  - PS - Ajay N', 'Software Architecture - SA - Apoorva S']
INFO:tt_main:Subject assignments
INFO:tt_main:Faculty subject allotments
INFO:tt_main:Displaying assigned subjects for Bhararthi M
INFO:tt_main:Faculty subject allotments: []
INFO:tt_main:Displaying assigned subjects for VIII A
INFO:tt_main:Subject assignments: ['Software Testing - ST - Ajay H C', 'Project  - PS - Ajay N', 'Software Architecture - SA - Apoorva S', 'Simulated Model - SMS - Bhararthi M']
INFO:tt_main:Subject assignments
INFO:tt_main:Faculty subject allotments
INFO:tt_main:Displaying assigned subjects for Harshavardhan
INFO:tt_main:Faculty subject allotments: []
INFO:tt_main:Displaying assigned subjects for VIII A
INFO:tt_main:Subject assignments: ['Software Testing - ST - Ajay H C', 'Project  - PS - Ajay N', 'Software Architecture - SA - Apoorva S', 'Simulated Model - SMS - Bhararthi M', 'Information - INS - Harshavardhan']
INFO:tt_main:Subject assignments
INFO:tt_main:Faculty subject allotments
INFO:tt_main:Displaying assigned subjects for Harshavardhan
INFO:tt_main:Faculty subject allotments: ['Information - INS - VIII A']
INFO:tt_main:Displaying assigned subjects for VIII A
INFO:tt_main:Subject assignments: ['Software Testing - ST - Ajay H C', 'Project  - PS - Ajay N', 'Software Architecture - SA - Apoorva S', 'Simulated Model - SMS - Bhararthi M', 'Information - INS - Harshavardhan']
INFO:tt_main:Displaying assigned subjects for VIII B
INFO:tt_main:Subject assignments: ['Software Testing - ST - Ajay H C', 'Project  - PS - Ajay N']
INFO:tt_main:Displaying assigned subjects for VIII B
INFO:tt_main:Subject assignments: ['Software Testing - ST - Ajay H C', 'Project  - PS - Ajay N', 'Software Architecture - SA - Harshavardhan']
INFO:tt_main:Subject assignments
INFO:tt_main:Faculty subject allotments
INFO:tt_main:Displaying assigned subjects for Rashmi K A
INFO:tt_main:Faculty subject allotments: []
INFO:tt_main:Displaying assigned subjects for VIII B
INFO:tt_main:Subject assignments: ['Software Testing - ST - Ajay H C', 'Project  - PS - Ajay N', 'Software Architecture - SA - Harshavardhan', 'Information - INS - Rashmi K A']
INFO:tt_main:Subject assignments
INFO:tt_main:Faculty subject allotments
INFO:tt_main:Displaying assigned subjects for Srinath G M
INFO:tt_main:Faculty subject allotments: []
INFO:tt_main:Displaying assigned subjects for VIII A
INFO:tt_main:Subject assignments: ['Software Testing - ST - Ajay H C', 'Project  - PS - Ajay N', 'Software Architecture - SA - Apoorva S', 'Simulated Model - SMS - Bhararthi M', 'Information - INS - Harshavardhan']
INFO:tt_main:Displaying assigned subjects for VIII A
INFO:tt_main:Subject assignments: ['Software Testing - ST - Ajay H C', 'Project  - PS - Ajay N', 'Software Architecture - SA - Apoorva S', 'Simulated Model - SMS - Bhararthi M', 'Information - INS - Harshavardhan', 'Technical  - TS - Srinath G M']
INFO:tt_main:Subject assignments
INFO:tt_main:Faculty subject allotments
INFO:tt_main:Displaying assigned subjects for VIII B
INFO:tt_main:Subject assignments: ['Software Testing - ST - Ajay H C', 'Project  - PS - Ajay N', 'Software Architecture - SA - Harshavardhan', 'Information - INS - Rashmi K A']
INFO:tt_main:Displaying assigned subjects for VIII B
INFO:tt_main:Subject assignments: ['Software Testing - ST - Ajay H C', 'Project  - PS - Ajay N', 'Software Architecture - SA - Harshavardhan', 'Information - INS - Rashmi K A', 'Technical  - TS - Srinath G M']
INFO:tt_main:Subject assignments
INFO:tt_main:Faculty subject allotments
INFO:tt_main:Displaying assigned subjects for Srinivas Murthy H
INFO:tt_main:Faculty subject allotments: []
INFO:tt_main:Displaying assigned subjects for VIII B
INFO:tt_main:Subject assignments: ['Software Testing - ST - Ajay H C', 'Project  - PS - Ajay N', 'Software Architecture - SA - Harshavardhan', 'Information - INS - Rashmi K A', 'Technical  - TS - Srinath G M', 'Simulated Model - SMS - Srinivas Murthy H']
INFO:tt_main:Subject assignments
INFO:tt_main:Faculty subject allotments
INFO:tt_main:Displaying assigned subjects for Sushmitha M
INFO:tt_main:Faculty subject allotments: []
INFO:tt_main:Displaying assigned subjects for VIII B
INFO:tt_main:Subject assignments: ['Software Testing - ST - Ajay H C', 'Project  - PS - Ajay N', 'Software Architecture - SA - Harshavardhan', 'Information - INS - Rashmi K A', 'Technical  - TS - Srinath G M', 'Simulated Model - SMS - Srinivas Murthy H', 'CLouds - CGC - Sushmitha M']
INFO:tt_main:Subject assignments
INFO:tt_main:Faculty subject allotments
INFO:tt_main:Displaying assigned subjects for Vinutha K
INFO:tt_main:Faculty subject allotments: []
INFO:tt_main:Displaying assigned subjects for VIII A
INFO:tt_main:Subject assignments: ['Software Testing - ST - Ajay H C', 'Project  - PS - Ajay N', 'Software Architecture - SA - Apoorva S', 'Simulated Model - SMS - Bhararthi M', 'Information - INS - Harshavardhan', 'Technical  - TS - Srinath G M']
INFO:tt_main:Displaying assigned subjects for VIII A
INFO:tt_main:Subject assignments: ['Software Testing - ST - Ajay H C', 'Project  - PS - Ajay N', 'Software Architecture - SA - Apoorva S', 'Simulated Model - SMS - Bhararthi M', 'Information - INS - Harshavardhan', 'Technical  - TS - Srinath G M', 'CLouds - CGC - Vinutha K']
INFO:tt_main:Subject assignments
INFO:tt_main:Faculty subject allotments
INFO:tt_main:Displaying assigned subjects for Venkatesh K M
INFO:tt_main:Faculty subject allotments: []
INFO:tt_main:Displaying assigned subjects for VIII A
INFO:tt_main:Subject assignments: ['Software Testing - ST - Ajay H C', 'Project  - PS - Ajay N', 'Software Architecture - SA - Apoorva S', 'Simulated Model - SMS - Bhararthi M', 'Information - INS - Harshavardhan', 'Technical  - TS - Srinath G M', 'CLouds - CGC - Vinutha K', 'NMS - NMS - Venkatesh K M']
INFO:tt_main:Subject assignments
INFO:tt_main:Faculty subject allotments
INFO:tt_main:Displaying assigned subjects for VIII B
INFO:tt_main:Subject assignments: ['Software Testing - ST - Ajay H C', 'Project  - PS - Ajay N', 'Software Architecture - SA - Harshavardhan', 'Information - INS - Rashmi K A', 'Technical  - TS - Srinath G M', 'Simulated Model - SMS - Srinivas Murthy H', 'CLouds - CGC - Sushmitha M']
INFO:tt_main:Displaying assigned subjects for VIII B
INFO:tt_main:Subject assignments: ['Software Testing - ST - Ajay H C', 'Project  - PS - Ajay N', 'Software Architecture - SA - Harshavardhan', 'Information - INS - Rashmi K A', 'Technical  - TS - Srinath G M', 'Simulated Model - SMS - Srinivas Murthy H', 'CLouds - CGC - Sushmitha M', 'NMS - NMS - Venkatesh K M']
INFO:tt_main:Subject assignments
INFO:tt_main:Faculty subject allotments
INFO:tt_main:Displaying assigned subjects for VIII A
INFO:tt_main:Subject assignments: ['Software Testing - ST - Ajay H C', 'Project  - PS - Ajay N', 'Software Architecture - SA - Apoorva S', 'Simulated Model - SMS - Bhararthi M', 'Information - INS - Harshavardhan', 'Technical  - TS - Srinath G M', 'CLouds - CGC - Vinutha K', 'NMS - NMS - Venkatesh K M']
INFO:tt_main:Displaying assigned subjects for VIII B
INFO:tt_main:Subject assignments: ['Software Testing - ST - Ajay H C', 'Project  - PS - Ajay N', 'Software Architecture - SA - Harshavardhan', 'Information - INS - Rashmi K A', 'Technical  - TS - Srinath G M', 'Simulated Model - SMS - Srinivas Murthy H', 'CLouds - CGC - Sushmitha M', 'NMS - NMS - Venkatesh K M']
INFO:tt_main:Displaying assigned subjects for VIII A
INFO:tt_main:Subject assignments: ['Software Testing - ST - Ajay H C', 'Project  - PS - Ajay N', 'Software Architecture - SA - Apoorva S', 'Simulated Model - SMS - Bhararthi M', 'Information - INS - Harshavardhan', 'Technical  - TS - Srinath G M', 'CLouds - CGC - Vinutha K', 'NMS - NMS - Venkatesh K M']
INFO:tt_main:Displaying assigned subjects for VIII B
INFO:tt_main:Subject assignments: ['Software Testing - ST - Ajay H C', 'Project  - PS - Ajay N', 'Software Architecture - SA - Harshavardhan', 'Information - INS - Rashmi K A', 'Technical  - TS - Srinath G M', 'Simulated Model - SMS - Srinivas Murthy H', 'CLouds - CGC - Sushmitha M', 'NMS - NMS - Venkatesh K M']
INFO:tt_main:Displaying assigned subjects for VIII A
INFO:tt_main:Subject assignments: ['Software Testing - ST - Ajay H C', 'Project  - PS - Ajay N', 'Software Architecture - SA - Apoorva S', 'Simulated Model - SMS - Bhararthi M', 'Information - INS - Harshavardhan', 'Technical  - TS - Srinath G M', 'CLouds - CGC - Vinutha K', 'NMS - NMS - Venkatesh K M']
INFO:tt_main:Displaying assigned subjects for VIII B
INFO:tt_main:Subject assignments: ['Software Testing - ST - Ajay H C', 'Project  - PS - Ajay N', 'Software Architecture - SA - Harshavardhan', 'Information - INS - Rashmi K A', 'Technical  - TS - Srinath G M', 'Simulated Model - SMS - Srinivas Murthy H', 'CLouds - CGC - Sushmitha M', 'NMS - NMS - Venkatesh K M']
INFO:tt_main:Displaying assigned subjects for Jagadish N
INFO:tt_main:Faculty subject allotments: []
DEBUG:tt_main:Warning! Duplicate assignment.
INFO:tt_main:Displaying assigned subjects for VIII B
INFO:tt_main:Subject assignments: ['Software Testing - ST - Ajay H C', 'Project  - PS - Ajay N', 'Software Architecture - SA - Harshavardhan', 'Information - INS - Rashmi K A', 'Technical  - TS - Srinath G M', 'Simulated Model - SMS - Srinivas Murthy H', 'CLouds - CGC - Sushmitha M', 'NMS - NMS - Venkatesh K M']
INFO:tt_main:Subject assignments
INFO:tt_main:Faculty subject allotments
DEBUG:tt_main:Subject-faculty assignment: [Software Architecture - SA - Harshavardhan] removed
INFO:tt_main:Displaying assigned subjects for VIII B
INFO:tt_main:Subject assignments: ['Software Testing - ST - Ajay H C', 'Project  - PS - Ajay N', 'Information - INS - Rashmi K A', 'Technical  - TS - Srinath G M', 'Simulated Model - SMS - Srinivas Murthy H', 'CLouds - CGC - Sushmitha M', 'NMS - NMS - Venkatesh K M', 'Software Architecture - SA - Jagadish N']
INFO:tt_main:Subject assignments
INFO:tt_main:Faculty subject allotments
INFO:tt_main:Displaying assigned subjects for VIII A
INFO:tt_main:Subject assignments: ['Software Testing - ST - Ajay H C', 'Project  - PS - Ajay N', 'Software Architecture - SA - Apoorva S', 'Simulated Model - SMS - Bhararthi M', 'Information - INS - Harshavardhan', 'Technical  - TS - Srinath G M', 'CLouds - CGC - Vinutha K', 'NMS - NMS - Venkatesh K M']
INFO:tt_main:Displaying assigned subjects for VIII B
INFO:tt_main:Subject assignments: ['Software Testing - ST - Ajay H C', 'Project  - PS - Ajay N', 'Information - INS - Rashmi K A', 'Technical  - TS - Srinath G M', 'Simulated Model - SMS - Srinivas Murthy H', 'CLouds - CGC - Sushmitha M', 'NMS - NMS - Venkatesh K M', 'Software Architecture - SA - Jagadish N']
INFO:tt_main:Displaying assigned subjects for VIII A
INFO:tt_main:Subject assignments: ['Software Testing - ST - Ajay H C', 'Project  - PS - Ajay N', 'Software Architecture - SA - Apoorva S', 'Simulated Model - SMS - Bhararthi M', 'Information - INS - Harshavardhan', 'Technical  - TS - Srinath G M', 'CLouds - CGC - Vinutha K', 'NMS - NMS - Venkatesh K M']
INFO:tt_main:Displaying assigned subjects for VIII B
INFO:tt_main:Subject assignments: ['Software Testing - ST - Ajay H C', 'Project  - PS - Ajay N', 'Information - INS - Rashmi K A', 'Technical  - TS - Srinath G M', 'Simulated Model - SMS - Srinivas Murthy H', 'CLouds - CGC - Sushmitha M', 'NMS - NMS - Venkatesh K M', 'Software Architecture - SA - Jagadish N']
INFO:tt_main:File Menu option clicked: Save As
DEBUG:tt_main:Save file dialog
INFO:tt_main:File name: D:/Projects/timetable-master/timetable-master/Sample Inputs/initial.json
INFO:tt_main:Saving as json file
DEBUG:tt_main:Success. Saved to D:/Projects/timetable-master/timetable-master/Sample Inputs/initial.json
INFO:tt_main:Displaying assigned subjects for VI A
INFO:tt_main:Subject assignments: []
INFO:tt_main:Displaying assigned subjects for Shrihari M R
INFO:tt_main:Faculty subject allotments: []
INFO:tt_main:Displaying assigned subjects for VI A
INFO:tt_main:Subject assignments: ['SS&CD - SS&CD - Shrihari M R']
INFO:tt_main:Subject assignments
INFO:tt_main:Faculty subject allotments
INFO:tt_main:Displaying assigned subjects for VI A
INFO:tt_main:Subject assignments: ['SS&CD - SS&CD - Shrihari M R', 'SS&OS - SOL - Shrihari M R']
INFO:tt_main:Subject assignments
INFO:tt_main:Faculty subject allotments
INFO:tt_main:Displaying assigned subjects for Shashikanth T S
INFO:tt_main:Faculty subject allotments: []
INFO:tt_main:Displaying assigned subjects for VI A
INFO:tt_main:Subject assignments: ['SS&CD - SS&CD - Shrihari M R', 'SS&OS - SOL - Shrihari M R', 'PAP - PAP - Shashikanth T S']
INFO:tt_main:Subject assignments
INFO:tt_main:Faculty subject allotments
INFO:tt_main:Displaying assigned subjects for Harshavardhan
INFO:tt_main:Faculty subject allotments: ['Information - INS - VIII A']
INFO:tt_main:Displaying assigned subjects for Girish B G
INFO:tt_main:Faculty subject allotments: []
INFO:tt_main:Displaying assigned subjects for VI A
INFO:tt_main:Subject assignments: ['SS&CD - SS&CD - Shrihari M R', 'SS&OS - SOL - Shrihari M R', 'PAP - PAP - Shashikanth T S', 'OR - OR - Girish B G']
INFO:tt_main:Subject assignments
INFO:tt_main:Faculty subject allotments
INFO:tt_main:Displaying assigned subjects for Rashmi K A
INFO:tt_main:Faculty subject allotments: ['Information - INS - VIII B']
INFO:tt_main:Displaying assigned subjects for VI A
INFO:tt_main:Subject assignments: ['SS&CD - SS&CD - Shrihari M R', 'SS&OS - SOL - Shrihari M R', 'PAP - PAP - Shashikanth T S', 'OR - OR - Girish B G', 'MC - MC - Rashmi K A']
INFO:tt_main:Subject assignments
INFO:tt_main:Faculty subject allotments
INFO:tt_main:Displaying assigned subjects for Sushmitha M
INFO:tt_main:Faculty subject allotments: ['CLouds - CGC - VIII B']
INFO:tt_main:Displaying assigned subjects for VI A
INFO:tt_main:Subject assignments: ['SS&CD - SS&CD - Shrihari M R', 'SS&OS - SOL - Shrihari M R', 'PAP - PAP - Shashikanth T S', 'OR - OR - Girish B G', 'MC - MC - Rashmi K A', 'CGV - CGC - Sushmitha M']
INFO:tt_main:Subject assignments
INFO:tt_main:Faculty subject allotments
INFO:tt_main:Displaying assigned subjects for Bhararthi M
INFO:tt_main:Faculty subject allotments: ['Simulated Model - SMS - VIII A']
INFO:tt_main:Displaying assigned subjects for VI A
INFO:tt_main:Subject assignments: ['SS&CD - SS&CD - Shrihari M R', 'SS&OS - SOL - Shrihari M R', 'PAP - PAP - Shashikanth T S', 'OR - OR - Girish B G', 'MC - MC - Rashmi K A', 'CGV - CGC - Sushmitha M', 'OS - OS - Bhararthi M']
INFO:tt_main:Subject assignments
INFO:tt_main:Faculty subject allotments
INFO:tt_main:Displaying assigned subjects for Harshavardhan
INFO:tt_main:Faculty subject allotments: ['Information - INS - VIII A']
INFO:tt_main:Displaying assigned subjects for VI A
INFO:tt_main:Subject assignments: ['SS&CD - SS&CD - Shrihari M R', 'SS&OS - SOL - Shrihari M R', 'PAP - PAP - Shashikanth T S', 'OR - OR - Girish B G', 'MC - MC - Rashmi K A', 'CGV - CGC - Sushmitha M', 'OS - OS - Bhararthi M', 'CNC - CNC - Harshavardhan']
INFO:tt_main:Subject assignments
INFO:tt_main:Faculty subject allotments
INFO:tt_main:File Menu option clicked: Save As
DEBUG:tt_main:Save file dialog
INFO:tt_main:File name: D:/Projects/timetable-master/timetable-master/Sample Inputs/initial.json
INFO:tt_main:Saving as json file
DEBUG:tt_main:Success. Saved to D:/Projects/timetable-master/timetable-master/Sample Inputs/initial.json
INFO:tt_main:File Menu option clicked: Save As
DEBUG:tt_main:Save file dialog
INFO:tt_main:File name: D:/Projects/timetable-master/timetable-master/Sample Inputs/initial.json
INFO:tt_main:Saving as json file
DEBUG:tt_main:Success. Saved to D:/Projects/timetable-master/timetable-master/Sample Inputs/initial.json
INFO:tt_main:Displaying assigned subjects for Swetha T
INFO:tt_main:Faculty subject allotments: []
INFO:tt_main:Displaying assigned subjects for VI A
INFO:tt_main:Subject assignments: ['SS&CD - SS&CD - Shrihari M R', 'SS&OS - SOL - Shrihari M R, Swetha T', 'PAP - PAP - Shashikanth T S', 'OR - OR - Girish B G', 'MC - MC - Rashmi K A', 'CGV - CGC - Sushmitha M', 'OS - OS - Bhararthi M', 'CNC - CNC - Harshavardhan']
INFO:tt_main:Subject assignments
INFO:tt_main:Faculty subject allotments
INFO:tt_main:Displaying assigned subjects for Vinutha K
INFO:tt_main:Faculty subject allotments: ['CLouds - CGC - VIII A']
DEBUG:tt_main:Warning! Duplicate assignment.
INFO:tt_main:Displaying assigned subjects for VI A
INFO:tt_main:Subject assignments: ['SS&CD - SS&CD - Shrihari M R', 'SS&OS - SOL - Shrihari M R, Swetha T', 'PAP - PAP - Shashikanth T S', 'OR - OR - Girish B G', 'MC - MC - Rashmi K A', 'CGV - CGC - Sushmitha M', 'OS - OS - Bhararthi M', 'CNC - CNC - Harshavardhan']
INFO:tt_main:Subject assignments
INFO:tt_main:Faculty subject allotments
INFO:tt_main:Displaying assigned subjects for Ajay H C
INFO:tt_main:Faculty subject allotments: ['Software Testing - ST - VIII A', 'Software Testing - ST - VIII B']
INFO:tt_main:Displaying assigned subjects for VI A
INFO:tt_main:Subject assignments: ['SS&CD - SS&CD - Shrihari M R', 'SS&OS - SOL - Shrihari M R, Swetha T, Ajay H C', 'PAP - PAP - Shashikanth T S', 'OR - OR - Girish B G', 'MC - MC - Rashmi K A', 'CGV - CGC - Sushmitha M', 'OS - OS - Bhararthi M', 'CNC - CNC - Harshavardhan']
INFO:tt_main:Subject assignments
INFO:tt_main:Faculty subject allotments
INFO:tt_main:Displaying assigned subjects for Vinutha K
INFO:tt_main:Faculty subject allotments: ['CLouds - CGC - VIII A']
DEBUG:tt_main:Warning! Duplicate assignment.
INFO:tt_main:Displaying assigned subjects for VI A
INFO:tt_main:Subject assignments: ['SS&CD - SS&CD - Shrihari M R', 'SS&OS - SOL - Shrihari M R, Swetha T, Ajay H C', 'PAP - PAP - Shashikanth T S', 'OR - OR - Girish B G', 'MC - MC - Rashmi K A', 'CGV - CGC - Sushmitha M', 'OS - OS - Bhararthi M', 'CNC - CNC - Harshavardhan']
INFO:tt_main:Subject assignments
INFO:tt_main:Faculty subject allotments
DEBUG:tt_main:Warning! Duplicate assignment.
INFO:tt_main:Displaying assigned subjects for VI A
INFO:tt_main:Subject assignments: ['SS&CD - SS&CD - Shrihari M R', 'SS&OS - SOL - Shrihari M R, Swetha T, Ajay H C', 'PAP - PAP - Shashikanth T S', 'OR - OR - Girish B G', 'MC - MC - Rashmi K A', 'CGV - CGC - Sushmitha M', 'OS - OS - Bhararthi M', 'CNC - CNC - Harshavardhan']
INFO:tt_main:Subject assignments
INFO:tt_main:Faculty subject allotments
INFO:tt_main:Displaying assigned subjects for VI B
INFO:tt_main:Subject assignments: []
INFO:tt_main:Displaying assigned subjects for Ajay N
INFO:tt_main:Faculty subject allotments: ['Project  - PS - VIII B', 'Project  - PS - VIII A']
INFO:tt_main:Displaying assigned subjects for VI B
INFO:tt_main:Subject assignments: ['SS&CD - SS&CD - Ajay N']
INFO:tt_main:Subject assignments
INFO:tt_main:Faculty subject allotments
INFO:tt_main:Displaying assigned subjects for Srinath G M
INFO:tt_main:Faculty subject allotments: ['Technical  - TS - VIII A', 'Technical  - TS - VIII B']
INFO:tt_main:Displaying assigned subjects for VI B
INFO:tt_main:Subject assignments: ['SS&CD - SS&CD - Ajay N', 'SS&OS - SOL - Srinath G M']
INFO:tt_main:Subject assignments
INFO:tt_main:Faculty subject allotments
INFO:tt_main:Displaying assigned subjects for Narendra Babu C
INFO:tt_main:Faculty subject allotments: []
INFO:tt_main:Displaying assigned subjects for VI B
INFO:tt_main:Subject assignments: ['SS&CD - SS&CD - Ajay N', 'SS&OS - SOL - Srinath G M, Narendra Babu C']
INFO:tt_main:Subject assignments
INFO:tt_main:Faculty subject allotments
INFO:tt_main:Displaying assigned subjects for Ajay N
INFO:tt_main:Faculty subject allotments: ['Project  - PS - VIII B', 'Project  - PS - VIII A', 'SS&CD - SS&CD - VI B']
INFO:tt_main:Displaying assigned subjects for VI B
INFO:tt_main:Subject assignments: ['SS&CD - SS&CD - Ajay N', 'SS&OS - SOL - Srinath G M, Narendra Babu C, Ajay N']
INFO:tt_main:Subject assignments
INFO:tt_main:Faculty subject allotments
INFO:tt_main:Displaying assigned subjects for Swetha T
INFO:tt_main:Faculty subject allotments: ['SS&OS - SOL - VI A']
INFO:tt_main:Displaying assigned subjects for VI B
INFO:tt_main:Subject assignments: ['SS&CD - SS&CD - Ajay N', 'SS&OS - SOL - Srinath G M, Narendra Babu C, Ajay N, Swetha T']
INFO:tt_main:Subject assignments
INFO:tt_main:Faculty subject allotments
INFO:tt_main:Displaying assigned subjects for Shashikanth T S
INFO:tt_main:Faculty subject allotments: ['PAP - PAP - VI A']
INFO:tt_main:Displaying assigned subjects for VI B
INFO:tt_main:Subject assignments: ['SS&CD - SS&CD - Ajay N', 'SS&OS - SOL - Srinath G M, Narendra Babu C, Ajay N, Swetha T', 'PAP - PAP - Shashikanth T S']
INFO:tt_main:Subject assignments
INFO:tt_main:Faculty subject allotments
INFO:tt_main:Displaying assigned subjects for Vinutha K
INFO:tt_main:Faculty subject allotments: ['CLouds - CGC - VIII A']
INFO:tt_main:Displaying assigned subjects for VI B
INFO:tt_main:Subject assignments: ['SS&CD - SS&CD - Ajay N', 'SS&OS - SOL - Srinath G M, Narendra Babu C, Ajay N, Swetha T', 'PAP - PAP - Shashikanth T S', 'OR - OR - Vinutha K']
INFO:tt_main:Subject assignments
INFO:tt_main:Faculty subject allotments
INFO:tt_main:Displaying assigned subjects for Srinath G M
INFO:tt_main:Faculty subject allotments: ['Technical  - TS - VIII A', 'Technical  - TS - VIII B', 'SS&OS - SOL - VI B']
INFO:tt_main:Displaying assigned subjects for VI B
INFO:tt_main:Subject assignments: ['SS&CD - SS&CD - Ajay N', 'SS&OS - SOL - Srinath G M, Narendra Babu C, Ajay N, Swetha T', 'PAP - PAP - Shashikanth T S', 'OR - OR - Vinutha K', 'CGV - CGC - Srinath G M']
INFO:tt_main:Subject assignments
INFO:tt_main:Faculty subject allotments
DEBUG:tt_main:Subject-faculty assignment: [SS&OS - SOL - Srinath G M, Narendra Babu C, Ajay N, Swetha T] removed
INFO:tt_main:Displaying assigned subjects for Ajay N
INFO:tt_main:Faculty subject allotments: ['Project  - PS - VIII B', 'Project  - PS - VIII A', 'SS&CD - SS&CD - VI B']
INFO:tt_main:Displaying assigned subjects for VI B
INFO:tt_main:Subject assignments: ['SS&CD - SS&CD - Ajay N', 'PAP - PAP - Shashikanth T S', 'OR - OR - Vinutha K', 'CGV - CGC - Srinath G M', 'SS&OS - SOL - Ajay N']
INFO:tt_main:Subject assignments
INFO:tt_main:Faculty subject allotments
INFO:tt_main:Displaying assigned subjects for Murthy S V N
INFO:tt_main:Faculty subject allotments: []
INFO:tt_main:Displaying assigned subjects for VI B
INFO:tt_main:Subject assignments: ['SS&CD - SS&CD - Ajay N', 'PAP - PAP - Shashikanth T S', 'OR - OR - Vinutha K', 'CGV - CGC - Srinath G M', 'SS&OS - SOL - Ajay N, Murthy S V N']
INFO:tt_main:Subject assignments
INFO:tt_main:Faculty subject allotments
INFO:tt_main:Displaying assigned subjects for Swetha T
INFO:tt_main:Faculty subject allotments: ['SS&OS - SOL - VI A']
INFO:tt_main:Displaying assigned subjects for VI B
INFO:tt_main:Subject assignments: ['SS&CD - SS&CD - Ajay N', 'PAP - PAP - Shashikanth T S', 'OR - OR - Vinutha K', 'CGV - CGC - Srinath G M', 'SS&OS - SOL - Ajay N, Murthy S V N, Swetha T']
INFO:tt_main:Subject assignments
INFO:tt_main:Faculty subject allotments
INFO:tt_main:Displaying assigned subjects for Diwakar K M
INFO:tt_main:Faculty subject allotments: []
INFO:tt_main:Displaying assigned subjects for VI B
INFO:tt_main:Subject assignments: ['SS&CD - SS&CD - Ajay N', 'PAP - PAP - Shashikanth T S', 'OR - OR - Vinutha K', 'CGV - CGC - Srinath G M', 'SS&OS - SOL - Ajay N, Murthy S V N, Swetha T', 'OS - OS - Diwakar K M']
INFO:tt_main:Subject assignments
INFO:tt_main:Faculty subject allotments
INFO:tt_main:Displaying assigned subjects for VI A
INFO:tt_main:Subject assignments: ['SS&CD - SS&CD - Shrihari M R', 'SS&OS - SOL - Shrihari M R, Swetha T, Ajay H C', 'PAP - PAP - Shashikanth T S', 'OR - OR - Girish B G', 'MC - MC - Rashmi K A', 'CGV - CGC - Sushmitha M', 'OS - OS - Bhararthi M', 'CNC - CNC - Harshavardhan']
INFO:tt_main:Displaying assigned subjects for VI B
INFO:tt_main:Subject assignments: ['SS&CD - SS&CD - Ajay N', 'PAP - PAP - Shashikanth T S', 'OR - OR - Vinutha K', 'CGV - CGC - Srinath G M', 'SS&OS - SOL - Ajay N, Murthy S V N, Swetha T', 'OS - OS - Diwakar K M']
INFO:tt_main:Displaying assigned subjects for Apoorva S
INFO:tt_main:Faculty subject allotments: ['Software Architecture - SA - VIII A']
INFO:tt_main:Displaying assigned subjects for VI B
INFO:tt_main:Subject assignments: ['SS&CD - SS&CD - Ajay N', 'PAP - PAP - Shashikanth T S', 'OR - OR - Vinutha K', 'CGV - CGC - Srinath G M', 'SS&OS - SOL - Ajay N, Murthy S V N, Swetha T', 'OS - OS - Diwakar K M', 'CNC - CNC - Apoorva S']
INFO:tt_main:Subject assignments
INFO:tt_main:Faculty subject allotments
INFO:tt_main:Displaying assigned subjects for VI A
INFO:tt_main:Subject assignments: ['SS&CD - SS&CD - Shrihari M R', 'SS&OS - SOL - Shrihari M R, Swetha T, Ajay H C', 'PAP - PAP - Shashikanth T S', 'OR - OR - Girish B G', 'MC - MC - Rashmi K A', 'CGV - CGC - Sushmitha M', 'OS - OS - Bhararthi M', 'CNC - CNC - Harshavardhan']
INFO:tt_main:Displaying assigned subjects for VI B
INFO:tt_main:Subject assignments: ['SS&CD - SS&CD - Ajay N', 'PAP - PAP - Shashikanth T S', 'OR - OR - Vinutha K', 'CGV - CGC - Srinath G M', 'SS&OS - SOL - Ajay N, Murthy S V N, Swetha T', 'OS - OS - Diwakar K M', 'CNC - CNC - Apoorva S']
INFO:tt_main:Displaying assigned subjects for VIII A
INFO:tt_main:Subject assignments: ['Software Testing - ST - Ajay H C', 'Project  - PS - Ajay N', 'Software Architecture - SA - Apoorva S', 'Simulated Model - SMS - Bhararthi M', 'Information - INS - Harshavardhan', 'Technical  - TS - Srinath G M', 'CLouds - CGC - Vinutha K', 'NMS - NMS - Venkatesh K M']
DEBUG:tt_main:Third Window
INFO:tt_main:Semester: VI
INFO:tt_main:Subject constraints: {}
INFO:tt_main:Assigning subject constraints
INFO:tt_main:0 4
INFO:tt_main:Subject constraints: {'VI': {'A': {0: {4: 'SS&CD'}}}}
INFO:tt_main:Assigning subject constraints
INFO:tt_main:1 4
INFO:tt_main:Subject constraints: {'VI': {'A': {0: {4: 'SS&CD'}, 1: {4: 'SS&CD'}}}}
INFO:tt_main:Assigning subject constraints
INFO:tt_main:0 4
INFO:tt_main:SS&CD exists
INFO:tt_main:Subject constraints: {'VI': {'A': {0: {}, 1: {4: 'SS&CD'}}}}
INFO:tt_main:Assigning subject constraints
INFO:tt_main:1 4
INFO:tt_main:SS&CD exists
INFO:tt_main:Subject constraints: {'VI': {'A': {0: {}, 1: {}}}}
INFO:tt_main:Slot type: -
INFO:tt_main:Assigning subject constraints
INFO:tt_main:0 4
INFO:tt_main:Subject constraints: {'VI': {'A': {0: {4: '-'}, 1: {}}}}
INFO:tt_main:Assigning subject constraints
INFO:tt_main:1 4
INFO:tt_main:Subject constraints: {'VI': {'A': {0: {4: '-'}, 1: {4: '-'}}}}
INFO:tt_main:Assigning subject constraints
INFO:tt_main:2 4
INFO:tt_main:Subject constraints: {'VI': {'A': {0: {4: '-'}, 1: {4: '-'}, 2: {4: '-'}}}}
INFO:tt_main:Assigning subject constraints
INFO:tt_main:3 4
INFO:tt_main:Subject constraints: {'VI': {'A': {0: {4: '-'}, 1: {4: '-'}, 2: {4: '-'}, 3: {4: '-'}}}}
INFO:tt_main:Assigning subject constraints
INFO:tt_main:4 4
INFO:tt_main:Subject constraints: {'VI': {'A': {0: {4: '-'}, 1: {4: '-'}, 2: {4: '-'}, 3: {4: '-'}, 4: {4: '-'}}}}
INFO:tt_main:Assigning subject constraints
INFO:tt_main:5 4
INFO:tt_main:Subject constraints: {'VI': {'A': {0: {4: '-'}, 1: {4: '-'}, 2: {4: '-'}, 3: {4: '-'}, 4: {4: '-'}, 5: {4: '-'}}}}
INFO:tt_main:Assigning subject constraints
INFO:tt_main:5 4
INFO:tt_main:- exists
INFO:tt_main:Subject constraints: {'VI': {'A': {0: {4: '-'}, 1: {4: '-'}, 2: {4: '-'}, 3: {4: '-'}, 4: {4: '-'}, 5: {}}}}
INFO:tt_main:Assigning subject constraints
INFO:tt_main:5 4
INFO:tt_main:Subject constraints: {'VI': {'A': {0: {4: '-'}, 1: {4: '-'}, 2: {4: '-'}, 3: {4: '-'}, 4: {4: '-'}, 5: {4: '-'}}}}
INFO:tt_main:Assigning subject constraints
INFO:tt_main:2 3
INFO:tt_main:Subject constraints: {'VI': {'A': {0: {4: '-'}, 1: {4: '-'}, 2: {4: '-', 3: '-'}, 3: {4: '-'}, 4: {4: '-'}, 5: {4: '-'}}}}
INFO:tt_main:Section B
INFO:tt_main:Displaying subject constraints for: VI B
INFO:tt_main:Assigning subject constraints
INFO:tt_main:0 4
INFO:tt_main:Subject constraints: {'VI': {'A': {0: {4: '-'}, 1: {4: '-'}, 2: {4: '-', 3: '-'}, 3: {4: '-'}, 4: {4: '-'}, 5: {4: '-'}}, 'B': {0: {4: '-'}}}}
INFO:tt_main:Assigning subject constraints
INFO:tt_main:1 4
INFO:tt_main:Subject constraints: {'VI': {'A': {0: {4: '-'}, 1: {4: '-'}, 2: {4: '-', 3: '-'}, 3: {4: '-'}, 4: {4: '-'}, 5: {4: '-'}}, 'B': {0: {4: '-'}, 1: {4: '-'}}}}
INFO:tt_main:Assigning subject constraints
INFO:tt_main:2 4
INFO:tt_main:Subject constraints: {'VI': {'A': {0: {4: '-'}, 1: {4: '-'}, 2: {4: '-', 3: '-'}, 3: {4: '-'}, 4: {4: '-'}, 5: {4: '-'}}, 'B': {0: {4: '-'}, 1: {4: '-'}, 2: {4: '-'}}}}
INFO:tt_main:Assigning subject constraints
INFO:tt_main:3 4
INFO:tt_main:Subject constraints: {'VI': {'A': {0: {4: '-'}, 1: {4: '-'}, 2: {4: '-', 3: '-'}, 3: {4: '-'}, 4: {4: '-'}, 5: {4: '-'}}, 'B': {0: {4: '-'}, 1: {4: '-'}, 2: {4: '-'}, 3: {4: '-'}}}}
INFO:tt_main:Assigning subject constraints
INFO:tt_main:5 4
INFO:tt_main:Subject constraints: {'VI': {'A': {0: {4: '-'}, 1: {4: '-'}, 2: {4: '-', 3: '-'}, 3: {4: '-'}, 4: {4: '-'}, 5: {4: '-'}}, 'B': {0: {4: '-'}, 1: {4: '-'}, 2: {4: '-'}, 3: {4: '-'}, 5: {4: '-'}}}}
INFO:tt_main:Assigning subject constraints
INFO:tt_main:4 4
INFO:tt_main:Subject constraints: {'VI': {'A': {0: {4: '-'}, 1: {4: '-'}, 2: {4: '-', 3: '-'}, 3: {4: '-'}, 4: {4: '-'}, 5: {4: '-'}}, 'B': {0: {4: '-'}, 1: {4: '-'}, 2: {4: '-'}, 3: {4: '-'}, 5: {4: '-'}, 4: {4: '-'}}}}
INFO:tt_main:Assigning subject constraints
INFO:tt_main:2 3
INFO:tt_main:Subject constraints: {'VI': {'A': {0: {4: '-'}, 1: {4: '-'}, 2: {4: '-', 3: '-'}, 3: {4: '-'}, 4: {4: '-'}, 5: {4: '-'}}, 'B': {0: {4: '-'}, 1: {4: '-'}, 2: {4: '-', 3: '-'}, 3: {4: '-'}, 5: {4: '-'}, 4: {4: '-'}}}}
INFO:tt_main:Semester: VIII
INFO:tt_main:Subject constraints: {'VI': {'A': {0: {4: '-'}, 1: {4: '-'}, 2: {4: '-', 3: '-'}, 3: {4: '-'}, 4: {4: '-'}, 5: {4: '-'}}, 'B': {0: {4: '-'}, 1: {4: '-'}, 2: {4: '-', 3: '-'}, 3: {4: '-'}, 5: {4: '-'}, 4: {4: '-'}}}}
INFO:tt_main:Slot type: Elective 1
INFO:tt_main:Assigning subject constraints
INFO:tt_main:0 1
INFO:tt_main:Subject constraints: {'VI': {'A': {0: {4: '-'}, 1: {4: '-'}, 2: {4: '-', 3: '-'}, 3: {4: '-'}, 4: {4: '-'}, 5: {4: '-'}}, 'B': {0: {4: '-'}, 1: {4: '-'}, 2: {4: '-', 3: '-'}, 3: {4: '-'}, 5: {4: '-'}, 4: {4: '-'}}}, 'VIII': {'A': {0: {1: 'CGC/INS'}}, 'B': {0: {1: 'CGC/INS'}}}}
INFO:tt_main:Assigning subject constraints
INFO:tt_main:0 1
INFO:tt_main:Elective 1 exists
INFO:tt_main:Subject constraints: {'VI': {'A': {0: {4: '-'}, 1: {4: '-'}, 2: {4: '-', 3: '-'}, 3: {4: '-'}, 4: {4: '-'}, 5: {4: '-'}}, 'B': {0: {4: '-'}, 1: {4: '-'}, 2: {4: '-', 3: '-'}, 3: {4: '-'}, 5: {4: '-'}, 4: {4: '-'}}}, 'VIII': {'A': {0: {}}, 'B': {0: {}}}}
INFO:tt_main:Slot type: -
INFO:tt_main:Assigning subject constraints
INFO:tt_main:0 4
INFO:tt_main:Subject constraints: {'VI': {'A': {0: {4: '-'}, 1: {4: '-'}, 2: {4: '-', 3: '-'}, 3: {4: '-'}, 4: {4: '-'}, 5: {4: '-'}}, 'B': {0: {4: '-'}, 1: {4: '-'}, 2: {4: '-', 3: '-'}, 3: {4: '-'}, 5: {4: '-'}, 4: {4: '-'}}}, 'VIII': {'A': {0: {4: '-'}}, 'B': {0: {}}}}
INFO:tt_main:Assigning subject constraints
INFO:tt_main:1 4
INFO:tt_main:Subject constraints: {'VI': {'A': {0: {4: '-'}, 1: {4: '-'}, 2: {4: '-', 3: '-'}, 3: {4: '-'}, 4: {4: '-'}, 5: {4: '-'}}, 'B': {0: {4: '-'}, 1: {4: '-'}, 2: {4: '-', 3: '-'}, 3: {4: '-'}, 5: {4: '-'}, 4: {4: '-'}}}, 'VIII': {'A': {0: {4: '-'}, 1: {4: '-'}}, 'B': {0: {}}}}
INFO:tt_main:Assigning subject constraints
INFO:tt_main:2 4
INFO:tt_main:Subject constraints: {'VI': {'A': {0: {4: '-'}, 1: {4: '-'}, 2: {4: '-', 3: '-'}, 3: {4: '-'}, 4: {4: '-'}, 5: {4: '-'}}, 'B': {0: {4: '-'}, 1: {4: '-'}, 2: {4: '-', 3: '-'}, 3: {4: '-'}, 5: {4: '-'}, 4: {4: '-'}}}, 'VIII': {'A': {0: {4: '-'}, 1: {4: '-'}, 2: {4: '-'}}, 'B': {0: {}}}}
INFO:tt_main:Assigning subject constraints
INFO:tt_main:3 4
INFO:tt_main:Subject constraints: {'VI': {'A': {0: {4: '-'}, 1: {4: '-'}, 2: {4: '-', 3: '-'}, 3: {4: '-'}, 4: {4: '-'}, 5: {4: '-'}}, 'B': {0: {4: '-'}, 1: {4: '-'}, 2: {4: '-', 3: '-'}, 3: {4: '-'}, 5: {4: '-'}, 4: {4: '-'}}}, 'VIII': {'A': {0: {4: '-'}, 1: {4: '-'}, 2: {4: '-'}, 3: {4: '-'}}, 'B': {0: {}}}}
INFO:tt_main:Assigning subject constraints
INFO:tt_main:4 4
INFO:tt_main:Subject constraints: {'VI': {'A': {0: {4: '-'}, 1: {4: '-'}, 2: {4: '-', 3: '-'}, 3: {4: '-'}, 4: {4: '-'}, 5: {4: '-'}}, 'B': {0: {4: '-'}, 1: {4: '-'}, 2: {4: '-', 3: '-'}, 3: {4: '-'}, 5: {4: '-'}, 4: {4: '-'}}}, 'VIII': {'A': {0: {4: '-'}, 1: {4: '-'}, 2: {4: '-'}, 3: {4: '-'}, 4: {4: '-'}}, 'B': {0: {}}}}
INFO:tt_main:Assigning subject constraints
INFO:tt_main:5 4
INFO:tt_main:Subject constraints: {'VI': {'A': {0: {4: '-'}, 1: {4: '-'}, 2: {4: '-', 3: '-'}, 3: {4: '-'}, 4: {4: '-'}, 5: {4: '-'}}, 'B': {0: {4: '-'}, 1: {4: '-'}, 2: {4: '-', 3: '-'}, 3: {4: '-'}, 5: {4: '-'}, 4: {4: '-'}}}, 'VIII': {'A': {0: {4: '-'}, 1: {4: '-'}, 2: {4: '-'}, 3: {4: '-'}, 4: {4: '-'}, 5: {4: '-'}}, 'B': {0: {}}}}
INFO:tt_main:Assigning subject constraints
INFO:tt_main:2 3
INFO:tt_main:Subject constraints: {'VI': {'A': {0: {4: '-'}, 1: {4: '-'}, 2: {4: '-', 3: '-'}, 3: {4: '-'}, 4: {4: '-'}, 5: {4: '-'}}, 'B': {0: {4: '-'}, 1: {4: '-'}, 2: {4: '-', 3: '-'}, 3: {4: '-'}, 5: {4: '-'}, 4: {4: '-'}}}, 'VIII': {'A': {0: {4: '-'}, 1: {4: '-'}, 2: {4: '-', 3: '-'}, 3: {4: '-'}, 4: {4: '-'}, 5: {4: '-'}}, 'B': {0: {}}}}
INFO:tt_main:Section B
INFO:tt_main:Displaying subject constraints for: VIII B
INFO:tt_main:Subject constraints: {0: {}}
INFO:tt_main:Assigning subject constraints
INFO:tt_main:0 4
INFO:tt_main:Subject constraints: {'VI': {'A': {0: {4: '-'}, 1: {4: '-'}, 2: {4: '-', 3: '-'}, 3: {4: '-'}, 4: {4: '-'}, 5: {4: '-'}}, 'B': {0: {4: '-'}, 1: {4: '-'}, 2: {4: '-', 3: '-'}, 3: {4: '-'}, 5: {4: '-'}, 4: {4: '-'}}}, 'VIII': {'A': {0: {4: '-'}, 1: {4: '-'}, 2: {4: '-', 3: '-'}, 3: {4: '-'}, 4: {4: '-'}, 5: {4: '-'}}, 'B': {0: {4: '-'}}}}
INFO:tt_main:Assigning subject constraints
INFO:tt_main:1 4
INFO:tt_main:Subject constraints: {'VI': {'A': {0: {4: '-'}, 1: {4: '-'}, 2: {4: '-', 3: '-'}, 3: {4: '-'}, 4: {4: '-'}, 5: {4: '-'}}, 'B': {0: {4: '-'}, 1: {4: '-'}, 2: {4: '-', 3: '-'}, 3: {4: '-'}, 5: {4: '-'}, 4: {4: '-'}}}, 'VIII': {'A': {0: {4: '-'}, 1: {4: '-'}, 2: {4: '-', 3: '-'}, 3: {4: '-'}, 4: {4: '-'}, 5: {4: '-'}}, 'B': {0: {4: '-'}, 1: {4: '-'}}}}
INFO:tt_main:Assigning subject constraints
INFO:tt_main:2 4
INFO:tt_main:Subject constraints: {'VI': {'A': {0: {4: '-'}, 1: {4: '-'}, 2: {4: '-', 3: '-'}, 3: {4: '-'}, 4: {4: '-'}, 5: {4: '-'}}, 'B': {0: {4: '-'}, 1: {4: '-'}, 2: {4: '-', 3: '-'}, 3: {4: '-'}, 5: {4: '-'}, 4: {4: '-'}}}, 'VIII': {'A': {0: {4: '-'}, 1: {4: '-'}, 2: {4: '-', 3: '-'}, 3: {4: '-'}, 4: {4: '-'}, 5: {4: '-'}}, 'B': {0: {4: '-'}, 1: {4: '-'}, 2: {4: '-'}}}}
INFO:tt_main:Assigning subject constraints
INFO:tt_main:3 4
INFO:tt_main:Subject constraints: {'VI': {'A': {0: {4: '-'}, 1: {4: '-'}, 2: {4: '-', 3: '-'}, 3: {4: '-'}, 4: {4: '-'}, 5: {4: '-'}}, 'B': {0: {4: '-'}, 1: {4: '-'}, 2: {4: '-', 3: '-'}, 3: {4: '-'}, 5: {4: '-'}, 4: {4: '-'}}}, 'VIII': {'A': {0: {4: '-'}, 1: {4: '-'}, 2: {4: '-', 3: '-'}, 3: {4: '-'}, 4: {4: '-'}, 5: {4: '-'}}, 'B': {0: {4: '-'}, 1: {4: '-'}, 2: {4: '-'}, 3: {4: '-'}}}}
INFO:tt_main:Assigning subject constraints
INFO:tt_main:4 4
INFO:tt_main:Subject constraints: {'VI': {'A': {0: {4: '-'}, 1: {4: '-'}, 2: {4: '-', 3: '-'}, 3: {4: '-'}, 4: {4: '-'}, 5: {4: '-'}}, 'B': {0: {4: '-'}, 1: {4: '-'}, 2: {4: '-', 3: '-'}, 3: {4: '-'}, 5: {4: '-'}, 4: {4: '-'}}}, 'VIII': {'A': {0: {4: '-'}, 1: {4: '-'}, 2: {4: '-', 3: '-'}, 3: {4: '-'}, 4: {4: '-'}, 5: {4: '-'}}, 'B': {0: {4: '-'}, 1: {4: '-'}, 2: {4: '-'}, 3: {4: '-'}, 4: {4: '-'}}}}
INFO:tt_main:Assigning subject constraints
INFO:tt_main:5 4
INFO:tt_main:Subject constraints: {'VI': {'A': {0: {4: '-'}, 1: {4: '-'}, 2: {4: '-', 3: '-'}, 3: {4: '-'}, 4: {4: '-'}, 5: {4: '-'}}, 'B': {0: {4: '-'}, 1: {4: '-'}, 2: {4: '-', 3: '-'}, 3: {4: '-'}, 5: {4: '-'}, 4: {4: '-'}}}, 'VIII': {'A': {0: {4: '-'}, 1: {4: '-'}, 2: {4: '-', 3: '-'}, 3: {4: '-'}, 4: {4: '-'}, 5: {4: '-'}}, 'B': {0: {4: '-'}, 1: {4: '-'}, 2: {4: '-'}, 3: {4: '-'}, 4: {4: '-'}, 5: {4: '-'}}}}
INFO:tt_main:Assigning subject constraints
INFO:tt_main:5 0
INFO:tt_main:Subject constraints: {'VI': {'A': {0: {4: '-'}, 1: {4: '-'}, 2: {4: '-', 3: '-'}, 3: {4: '-'}, 4: {4: '-'}, 5: {4: '-'}}, 'B': {0: {4: '-'}, 1: {4: '-'}, 2: {4: '-', 3: '-'}, 3: {4: '-'}, 5: {4: '-'}, 4: {4: '-'}}}, 'VIII': {'A': {0: {4: '-'}, 1: {4: '-'}, 2: {4: '-', 3: '-'}, 3: {4: '-'}, 4: {4: '-'}, 5: {4: '-'}}, 'B': {0: {4: '-'}, 1: {4: '-'}, 2: {4: '-'}, 3: {4: '-'}, 4: {4: '-'}, 5: {4: '-', 0: '-'}}}}
INFO:tt_main:Assigning subject constraints
INFO:tt_main:5 1
INFO:tt_main:Subject constraints: {'VI': {'A': {0: {4: '-'}, 1: {4: '-'}, 2: {4: '-', 3: '-'}, 3: {4: '-'}, 4: {4: '-'}, 5: {4: '-'}}, 'B': {0: {4: '-'}, 1: {4: '-'}, 2: {4: '-', 3: '-'}, 3: {4: '-'}, 5: {4: '-'}, 4: {4: '-'}}}, 'VIII': {'A': {0: {4: '-'}, 1: {4: '-'}, 2: {4: '-', 3: '-'}, 3: {4: '-'}, 4: {4: '-'}, 5: {4: '-'}}, 'B': {0: {4: '-'}, 1: {4: '-'}, 2: {4: '-'}, 3: {4: '-'}, 4: {4: '-'}, 5: {4: '-', 0: '-', 1: '-'}}}}
INFO:tt_main:Assigning subject constraints
INFO:tt_main:5 2
INFO:tt_main:Subject constraints: {'VI': {'A': {0: {4: '-'}, 1: {4: '-'}, 2: {4: '-', 3: '-'}, 3: {4: '-'}, 4: {4: '-'}, 5: {4: '-'}}, 'B': {0: {4: '-'}, 1: {4: '-'}, 2: {4: '-', 3: '-'}, 3: {4: '-'}, 5: {4: '-'}, 4: {4: '-'}}}, 'VIII': {'A': {0: {4: '-'}, 1: {4: '-'}, 2: {4: '-', 3: '-'}, 3: {4: '-'}, 4: {4: '-'}, 5: {4: '-'}}, 'B': {0: {4: '-'}, 1: {4: '-'}, 2: {4: '-'}, 3: {4: '-'}, 4: {4: '-'}, 5: {4: '-', 0: '-', 1: '-', 2: '-'}}}}
INFO:tt_main:Assigning subject constraints
INFO:tt_main:5 3
INFO:tt_main:Subject constraints: {'VI': {'A': {0: {4: '-'}, 1: {4: '-'}, 2: {4: '-', 3: '-'}, 3: {4: '-'}, 4: {4: '-'}, 5: {4: '-'}}, 'B': {0: {4: '-'}, 1: {4: '-'}, 2: {4: '-', 3: '-'}, 3: {4: '-'}, 5: {4: '-'}, 4: {4: '-'}}}, 'VIII': {'A': {0: {4: '-'}, 1: {4: '-'}, 2: {4: '-', 3: '-'}, 3: {4: '-'}, 4: {4: '-'}, 5: {4: '-'}}, 'B': {0: {4: '-'}, 1: {4: '-'}, 2: {4: '-'}, 3: {4: '-'}, 4: {4: '-'}, 5: {4: '-', 0: '-', 1: '-', 2: '-', 3: '-'}}}}
INFO:tt_main:Section A
INFO:tt_main:Displaying subject constraints for: VIII A
INFO:tt_main:Subject constraints: {0: {4: '-'}, 1: {4: '-'}, 2: {4: '-', 3: '-'}, 3: {4: '-'}, 4: {4: '-'}, 5: {4: '-'}}
INFO:tt_main:VIII A 0 4
INFO:tt_main:VIII A 1 4
INFO:tt_main:VIII A 2 4
INFO:tt_main:VIII A 2 3
INFO:tt_main:VIII A 3 4
INFO:tt_main:VIII A 4 4
INFO:tt_main:VIII A 5 4
INFO:tt_main:Assigning subject constraints
INFO:tt_main:2 3
INFO:tt_main:- exists
INFO:tt_main:Subject constraints: {'VI': {'A': {0: {4: '-'}, 1: {4: '-'}, 2: {4: '-', 3: '-'}, 3: {4: '-'}, 4: {4: '-'}, 5: {4: '-'}}, 'B': {0: {4: '-'}, 1: {4: '-'}, 2: {4: '-', 3: '-'}, 3: {4: '-'}, 5: {4: '-'}, 4: {4: '-'}}}, 'VIII': {'A': {0: {4: '-'}, 1: {4: '-'}, 2: {4: '-'}, 3: {4: '-'}, 4: {4: '-'}, 5: {4: '-'}}, 'B': {0: {4: '-'}, 1: {4: '-'}, 2: {4: '-'}, 3: {4: '-'}, 4: {4: '-'}, 5: {4: '-', 0: '-', 1: '-', 2: '-', 3: '-'}}}}
INFO:tt_main:Assigning subject constraints
INFO:tt_main:5 1
INFO:tt_main:Subject constraints: {'VI': {'A': {0: {4: '-'}, 1: {4: '-'}, 2: {4: '-', 3: '-'}, 3: {4: '-'}, 4: {4: '-'}, 5: {4: '-'}}, 'B': {0: {4: '-'}, 1: {4: '-'}, 2: {4: '-', 3: '-'}, 3: {4: '-'}, 5: {4: '-'}, 4: {4: '-'}}}, 'VIII': {'A': {0: {4: '-'}, 1: {4: '-'}, 2: {4: '-'}, 3: {4: '-'}, 4: {4: '-'}, 5: {4: '-', 1: '-'}}, 'B': {0: {4: '-'}, 1: {4: '-'}, 2: {4: '-'}, 3: {4: '-'}, 4: {4: '-'}, 5: {4: '-', 0: '-', 1: '-', 2: '-', 3: '-'}}}}
INFO:tt_main:Assigning subject constraints
INFO:tt_main:5 0
INFO:tt_main:Subject constraints: {'VI': {'A': {0: {4: '-'}, 1: {4: '-'}, 2: {4: '-', 3: '-'}, 3: {4: '-'}, 4: {4: '-'}, 5: {4: '-'}}, 'B': {0: {4: '-'}, 1: {4: '-'}, 2: {4: '-', 3: '-'}, 3: {4: '-'}, 5: {4: '-'}, 4: {4: '-'}}}, 'VIII': {'A': {0: {4: '-'}, 1: {4: '-'}, 2: {4: '-'}, 3: {4: '-'}, 4: {4: '-'}, 5: {4: '-', 1: '-', 0: '-'}}, 'B': {0: {4: '-'}, 1: {4: '-'}, 2: {4: '-'}, 3: {4: '-'}, 4: {4: '-'}, 5: {4: '-', 0: '-', 1: '-', 2: '-', 3: '-'}}}}
INFO:tt_main:Assigning subject constraints
INFO:tt_main:5 2
INFO:tt_main:Subject constraints: {'VI': {'A': {0: {4: '-'}, 1: {4: '-'}, 2: {4: '-', 3: '-'}, 3: {4: '-'}, 4: {4: '-'}, 5: {4: '-'}}, 'B': {0: {4: '-'}, 1: {4: '-'}, 2: {4: '-', 3: '-'}, 3: {4: '-'}, 5: {4: '-'}, 4: {4: '-'}}}, 'VIII': {'A': {0: {4: '-'}, 1: {4: '-'}, 2: {4: '-'}, 3: {4: '-'}, 4: {4: '-'}, 5: {4: '-', 1: '-', 0: '-', 2: '-'}}, 'B': {0: {4: '-'}, 1: {4: '-'}, 2: {4: '-'}, 3: {4: '-'}, 4: {4: '-'}, 5: {4: '-', 0: '-', 1: '-', 2: '-', 3: '-'}}}}
INFO:tt_main:Assigning subject constraints
INFO:tt_main:5 3
INFO:tt_main:Subject constraints: {'VI': {'A': {0: {4: '-'}, 1: {4: '-'}, 2: {4: '-', 3: '-'}, 3: {4: '-'}, 4: {4: '-'}, 5: {4: '-'}}, 'B': {0: {4: '-'}, 1: {4: '-'}, 2: {4: '-', 3: '-'}, 3: {4: '-'}, 5: {4: '-'}, 4: {4: '-'}}}, 'VIII': {'A': {0: {4: '-'}, 1: {4: '-'}, 2: {4: '-'}, 3: {4: '-'}, 4: {4: '-'}, 5: {4: '-', 1: '-', 0: '-', 2: '-', 3: '-'}}, 'B': {0: {4: '-'}, 1: {4: '-'}, 2: {4: '-'}, 3: {4: '-'}, 4: {4: '-'}, 5: {4: '-', 0: '-', 1: '-', 2: '-', 3: '-'}}}}
INFO:tt_main:Semester: VI
INFO:tt_main:Subject constraints: {'VI': {'A': {0: {4: '-'}, 1: {4: '-'}, 2: {4: '-', 3: '-'}, 3: {4: '-'}, 4: {4: '-'}, 5: {4: '-'}}, 'B': {0: {4: '-'}, 1: {4: '-'}, 2: {4: '-', 3: '-'}, 3: {4: '-'}, 5: {4: '-'}, 4: {4: '-'}}}, 'VIII': {'A': {0: {4: '-'}, 1: {4: '-'}, 2: {4: '-'}, 3: {4: '-'}, 4: {4: '-'}, 5: {4: '-', 1: '-', 0: '-', 2: '-', 3: '-'}}, 'B': {0: {4: '-'}, 1: {4: '-'}, 2: {4: '-'}, 3: {4: '-'}, 4: {4: '-'}, 5: {4: '-', 0: '-', 1: '-', 2: '-', 3: '-'}}}}
INFO:tt_main:VI A 0 4
INFO:tt_main:VI A 1 4
INFO:tt_main:VI A 2 4
INFO:tt_main:VI A 2 3
INFO:tt_main:VI A 3 4
INFO:tt_main:VI A 4 4
INFO:tt_main:VI A 5 4
INFO:tt_main:Section B
INFO:tt_main:Displaying subject constraints for: VI B
INFO:tt_main:Subject constraints: {0: {4: '-'}, 1: {4: '-'}, 2: {4: '-', 3: '-'}, 3: {4: '-'}, 5: {4: '-'}, 4: {4: '-'}}
INFO:tt_main:VI B 0 4
INFO:tt_main:VI B 1 4
INFO:tt_main:VI B 2 4
INFO:tt_main:VI B 2 3
INFO:tt_main:VI B 3 4
INFO:tt_main:VI B 5 4
INFO:tt_main:VI B 4 4
DEBUG:tt_main:Fourth Window
DEBUG:tt_main:Resetting Fifth Window
DEBUG:tt_main:Fifth Window
DEBUG:tt_main:Generating timetable...
Scheduling slots...
Alotting subjects to slots...
INFO:tt_algo:VI A                 9:00-10:00           10:00-10:50          10:50-11:00          11:00-11:50          11:50-12:40          12:40-1:30           1:30-2:20            2:20-3:10            3:10-4:00            
INFO:tt_algo:monday               -                    -                    -                    -                    -                    -                    -                    -                   
INFO:tt_algo:tuesday              -                    -                    -                    -                    -                    -                    -                    -                   
INFO:tt_algo:wednesday            -                    -                    -                    -                    -                    -                    -                    -                   
INFO:tt_algo:thursday             -                    -                    -                    -                    -                    -                    -                    -                   
INFO:tt_algo:friday               -                    -                    -                    -                    -                    -                    -                    -                   
INFO:tt_algo:saturday             -                    -                    -                    -                   
INFO:tt_algo:

INFO:tt_algo:VI B                 9:00-10:00           10:00-10:50          10:50-11:00          11:00-11:50          11:50-12:40          12:40-1:30           1:30-2:20            2:20-3:10            3:10-4:00            
INFO:tt_algo:monday               -                    -                    -                    -                    -                    -                    -                    -                   
INFO:tt_algo:tuesday              -                    -                    -                    -                    -                    -                    -                    -                   
INFO:tt_algo:wednesday            -                    -                    -                    -                    -                    -                    -                    -                   
INFO:tt_algo:thursday             -                    -                    -                    -                    -                    -                    -                    -                   
INFO:tt_algo:friday               -                    -                    -                    -                    -                    -                    -                    -                   
INFO:tt_algo:saturday             -                    -                    -                    -                   
INFO:tt_algo:

INFO:tt_algo:VIII A               9:00-10:00           10:00-10:50          10:50-11:00          11:00-11:50          11:50-12:40          12:40-1:30           1:30-2:20            2:20-3:10            3:10-4:00            
INFO:tt_algo:monday               -                    -                    -                    -                    -                    -                    -                    -                   
INFO:tt_algo:tuesday              -                    -                    -                    -                    -                    -                    -                    -                   
INFO:tt_algo:wednesday            -                    -                    -                    -                    -                    -                    -                    -                   
INFO:tt_algo:thursday             -                    -                    -                    -                    -                    -                    -                    -                   
INFO:tt_algo:friday               -                    -                    -                    -                    -                    -                    -                    -                   
INFO:tt_algo:saturday             -                    -                    -                    -                   
INFO:tt_algo:

INFO:tt_algo:VIII B               9:00-10:00           10:00-10:50          10:50-11:00          11:00-11:50          11:50-12:40          12:40-1:30           1:30-2:20            2:20-3:10            3:10-4:00            
INFO:tt_algo:monday               -                    -                    -                    -                    -                    -                    -                    -                   
INFO:tt_algo:tuesday              -                    -                    -                    -                    -                    -                    -                    -                   
INFO:tt_algo:wednesday            -                    -                    -                    -                    -                    -                    -                    -                   
INFO:tt_algo:thursday             -                    -                    -                    -                    -                    -                    -                    -                   
INFO:tt_algo:friday               -                    -                    -                    -                    -                    -                    -                    -                   
INFO:tt_algo:saturday             -                    -                    -                    -                   
INFO:tt_algo:

INFO:tt_algo:...generating...
INFO:tt_algo:
ERROR:tt_main:Logging an uncaught exception
Traceback (most recent call last):
  File "D:/Projects/timetable-master/timetable-master/ui_controller.py", line 1433, in generate_event
    self.timetables, self.faculty_timetables, dayclash = tt.produce_timetable(self, loc)
  File "D:\Projects\timetable-master\timetable-master\tt.py", line 329, in produce_timetable
    generate(timetables[sem][section], subjects[sem][section], faculty, location)
  File "D:\Projects\timetable-master\timetable-master\tt.py", line 76, in generate
    if faculty[subject[2]].final[day][time] != True and getnumhours(tt, subject, day)[0] < 1: # if teacher slot is not finalized and subject isnt already there that day
TypeError: unhashable type: 'list'
