INFO:tt_main:********************************************************************************************************************
INFO:tt_main:*                                           TIMETABLE GENERATOR                                                    *
INFO:tt_main:*                                                                                                                  *
INFO:tt_main:*                                                   BY:                                                            *
INFO:tt_main:*                                             BISHAL BUDHATHOKI                                                    *
INFO:tt_main:*                                             BIPLOVE SHAKYA                                                       *
INFO:tt_main:*                                             SHEKHAR PALIT                                                        *
INFO:tt_main:*                              Department of Computer Science & Engineering                                        *
INFO:tt_main:*                                                                                                                  *
INFO:tt_main:*                                                  FOR:                                                            *
INFO:tt_main:*                                   S.J.C. Institute of Technology, SJCIT                                          *
INFO:tt_main:********************************************************************************************************************
INFO:tt_main:Current Directory: D:\Projects\timetable-master\timetable-master
INFO:tt_main:Current screen resolution: 1366 768
INFO:tt_main:Resize ratio: 0.7
DEBUG:tt_main:Initializing and setting up year window
DEBUG:tt_main:Initializing and setting up first window
DEBUG:tt_main:Initializing and setting up elective window
DEBUG:tt_main:Initializing and setting up about window
DEBUG:tt_main:Initializing and setting up license window
DEBUG:tt_main:Initializing and setting up second window
DEBUG:tt_main:Initializing and setting up third window
DEBUG:tt_main:Initializing and setting up fourth window
DEBUG:tt_main:Initializing and setting up fifth window
DEBUG:tt_main:Year Window
INFO:tt_main:Academic year: January 2018 January 2018 Department: Computer Science & Engineering
DEBUG:tt_main:First Window
INFO:tt_main:File Menu option clicked: Load
DEBUG:tt_main:Load confirmed
INFO:tt_main:File name: D:/Projects/timetable-master/timetable-master/Sample Inputs/I1.json
INFO:tt_main:Loading from json file
DEBUG:tt_main:Success. Loaded all saved data from D:/Projects/timetable-master/timetable-master/Sample Inputs/I1.json
DEBUG:tt_main:Reset all windows and displaying 1st window
DEBUG:tt_main:Resetting First Window
DEBUG:tt_main:Resetting/Populating Second Window
INFO:tt_main:Assigned Subjects: OrderedDict([('III', OrderedDict()), ('IV', OrderedDict()), ('V', OrderedDict()), ('VI', OrderedDict([('A', ['SS&CD - SS&CD - Shrihari M R', 'PAP - PAP - Shashikanth T S', 'OR - OR - Girish B G', 'MC - MC - Rashmi K A', 'CGV - CGC - Sushmitha M', 'OS - OS - Bhararthi M', 'CNC - CNC - Harshavardhan', 'SS&OS - SOL - Swetha T']), ('B', ['OS - OS - Diwakar K M', 'PAP - PAP - Shashikanth T S', 'SS&OS - SOL - Murthy S V N', 'OR - OR - Vinutha K', 'CNC - CNC - Apoorva S', 'SS&CD - SS&CD - Ajay N', 'CGV - CGC - Srinath G M'])])), ('VII', OrderedDict()), ('VIII', OrderedDict([('A', ['Software Testing - ST - Ajay H C', 'Project  - PS - Ajay N', 'Software Architecture - SA - Apoorva S', 'Simulated Model - SMS - Bhararthi M', 'Information - INS - Harshavardhan', 'Technical  - TS - Srinath G M', 'CLouds - CGC - Vinutha K', 'NMS - NMS - Venkatesh K M']), ('B', ['Software Testing - ST - Ajay H C', 'Project  - PS - Ajay N', 'Information - INS - Rashmi K A', 'Technical  - TS - Srinath G M', 'Simulated Model - SMS - Srinivas Murthy H', 'CLouds - CGC - Sushmitha M', 'NMS - NMS - Venkatesh K M', 'Software Architecture - SA - Jagadish N'])]))])
DEBUG:tt_main:Resetting Third Window
DEBUG:tt_main:Resetting Fourth Window
DEBUG:tt_main:Resetting Fifth Window
DEBUG:tt_main:Resetting Elective Window
DEBUG:tt_main:Resetting Year Window
INFO:tt_main:Input type: Subjects
INFO:tt_main:Selected row in list: []
INFO:tt_main:VIII 2
INFO:tt_main:Selected row in list: []
INFO:tt_main:Selected row in list: []
DEBUG:tt_main:Remove button first form
DEBUG:tt_main:Subjects-SS&OS - SOL removed from the subject list.
INFO:tt_main:Faculty list: [faculty_class('Ajay H C', 'Prof.', 'Assistant Professor'), faculty_class('Ajay N', 'Prof.', 'Assistant Professor'), faculty_class('Apoorva S', 'Prof.', 'Assistant Professor'), faculty_class('Archana N', 'Prof.', 'Assistant Professor'), faculty_class('Bhararthi M', 'Dr.', 'Associate Professor'), faculty_class('Diwakar K M', 'Prof.', 'Assistant Professor'), faculty_class('Girish B G', 'Prof.', 'Assistant Professor'), faculty_class('Harshavardhan', 'Prof.', 'Assistant Professor'), faculty_class('Jagadish N', 'Prof.', 'Assistant Professor'), faculty_class('M. Seshaiah', 'Prof.', 'Assistant Professor'), faculty_class('Manjunath S', 'Prof.', 'Assistant Professor'), faculty_class('Murthy S V N', 'Dr.', 'Associate Professor'), faculty_class('Narendra Babu C', 'Prof.', 'Professor'), faculty_class('Pampana', 'Prof.', 'Associate Professor'), faculty_class('Pradeep Kumar', 'Prof.', 'Assistant Professor'), faculty_class('Rashmi K A', 'Prof.', 'Assistant Professor'), faculty_class('Shashikanth T S', 'Prof.', 'Assistant Professor'), faculty_class('Shrihari M R', 'Prof.', 'Assistant Professor'), faculty_class('Srinath G M', 'Prof.', 'Assistant Professor'), faculty_class('Srinivas Murthy H', 'Prof.', 'Associate Professor'), faculty_class('Sushmitha M', 'Prof.', 'Assistant Professor'), faculty_class('Swetha T', 'Prof.', 'Assistant Professor'), faculty_class('T.N Anitha', 'Dr.', 'Head of Department'), faculty_class('Venkatesh K M', 'Prof.', 'Assistant Professor'), faculty_class('Vijay G R', 'Prof.', 'Associate Professor'), faculty_class('Vikas Reddy.S', 'Prof.', 'Assistant Professor'), faculty_class('Vinutha K', 'Prof.', 'Assistant Professor')]
INFO:tt_main:Subjects list: OrderedDict([('III', []), ('IV', []), ('V', []), ('VI', [subject('OS', 'OS', 5, False, '16'), subject('PAP', 'PAP', 5, False, '15'), subject('OR', 'OR', 4, False, '14'), subject('SS&CD', 'SS&CD', 4, False, '12'), subject('MC', 'MC', 5, False, '17'), subject('CGV', 'CGC', 6, True, '11'), subject('CNC', 'CNC', 5, False, '13')]), ('VII', []), ('VIII', [subject('NMS', 'NMS', 4, False, '1234'), subject('CLouds', 'CGC', 4, False, '3'), subject('Information', 'INS', 4, False, '4'), subject('Software Architecture', 'SA', 4, False, '1'), subject('Technical ', 'TS', 5, False, '6'), subject('Simulated Model', 'SMS', 4, False, '2'), subject('Project ', 'PS', 5, False, '5'), subject('Software Testing', 'ST', 4, False, '123')])])
DEBUG:tt_main:Second Window
DEBUG:tt_main:Resetting/Populating Second Window
INFO:tt_main:Assigned Subjects: OrderedDict([('III', OrderedDict()), ('IV', OrderedDict()), ('V', OrderedDict()), ('VI', OrderedDict([('A', ['SS&CD - SS&CD - Shrihari M R', 'PAP - PAP - Shashikanth T S', 'OR - OR - Girish B G', 'MC - MC - Rashmi K A', 'CGV - CGC - Sushmitha M', 'OS - OS - Bhararthi M', 'CNC - CNC - Harshavardhan', 'SS&OS - SOL - Swetha T']), ('B', ['OS - OS - Diwakar K M', 'PAP - PAP - Shashikanth T S', 'SS&OS - SOL - Murthy S V N', 'OR - OR - Vinutha K', 'CNC - CNC - Apoorva S', 'SS&CD - SS&CD - Ajay N', 'CGV - CGC - Srinath G M'])])), ('VII', OrderedDict()), ('VIII', OrderedDict([('A', ['Software Testing - ST - Ajay H C', 'Project  - PS - Ajay N', 'Software Architecture - SA - Apoorva S', 'Simulated Model - SMS - Bhararthi M', 'Information - INS - Harshavardhan', 'Technical  - TS - Srinath G M', 'CLouds - CGC - Vinutha K', 'NMS - NMS - Venkatesh K M']), ('B', ['Software Testing - ST - Ajay H C', 'Project  - PS - Ajay N', 'Information - INS - Rashmi K A', 'Technical  - TS - Srinath G M', 'Simulated Model - SMS - Srinivas Murthy H', 'CLouds - CGC - Sushmitha M', 'NMS - NMS - Venkatesh K M', 'Software Architecture - SA - Jagadish N'])]))])
INFO:tt_main:Displaying assigned subjects for Ajay H C
INFO:tt_main:Faculty subject allotments: ['Software Testing - ST - VIII A', 'Software Testing - ST - VIII B']
INFO:tt_main:Displaying assigned subjects for Ajay N
INFO:tt_main:Faculty subject allotments: ['Project  - PS - VIII B', 'Project  - PS - VIII A', 'SS&CD - SS&CD - VI B']
INFO:tt_main:Displaying assigned subjects for Apoorva S
INFO:tt_main:Faculty subject allotments: ['Software Architecture - SA - VIII A', 'CNC - CNC - VI B']
INFO:tt_main:Displaying assigned subjects for Bhararthi M
INFO:tt_main:Faculty subject allotments: ['Simulated Model - SMS - VIII A', 'OS - OS - VI A']
INFO:tt_main:Displaying assigned subjects for Diwakar K M
INFO:tt_main:Faculty subject allotments: ['OS - OS - VI B']
INFO:tt_main:Displaying assigned subjects for Girish B G
INFO:tt_main:Faculty subject allotments: ['OR - OR - VI A']
INFO:tt_main:Displaying assigned subjects for Harshavardhan
INFO:tt_main:Faculty subject allotments: ['Information - INS - VIII A', 'CNC - CNC - VI A']
INFO:tt_main:Displaying assigned subjects for Jagadish N
INFO:tt_main:Faculty subject allotments: ['Software Architecture - SA - VIII B']
INFO:tt_main:Displaying assigned subjects for M. Seshaiah
INFO:tt_main:Faculty subject allotments: []
INFO:tt_main:Displaying assigned subjects for Manjunath S
INFO:tt_main:Faculty subject allotments: []
INFO:tt_main:Displaying assigned subjects for Murthy S V N
INFO:tt_main:Faculty subject allotments: ['SS&OS - SOL - VI B']
DEBUG:tt_main:Subject-faculty assignment: [SS&OS - SOL - Murthy S V N] removed
INFO:tt_main:Displaying assigned subjects for Narendra Babu C
INFO:tt_main:Faculty subject allotments: []
INFO:tt_main:Displaying assigned subjects for Pampana
INFO:tt_main:Faculty subject allotments: []
INFO:tt_main:Displaying assigned subjects for Pradeep Kumar
INFO:tt_main:Faculty subject allotments: []
INFO:tt_main:Displaying assigned subjects for Rashmi K A
INFO:tt_main:Faculty subject allotments: ['Information - INS - VIII B', 'MC - MC - VI A']
INFO:tt_main:Displaying assigned subjects for Shashikanth T S
INFO:tt_main:Faculty subject allotments: ['PAP - PAP - VI A', 'PAP - PAP - VI B']
INFO:tt_main:Displaying assigned subjects for Srinath G M
INFO:tt_main:Faculty subject allotments: ['Technical  - TS - VIII A', 'Technical  - TS - VIII B', 'CGV - CGC - VI B']
INFO:tt_main:Displaying assigned subjects for Srinivas Murthy H
INFO:tt_main:Faculty subject allotments: ['Simulated Model - SMS - VIII B']
INFO:tt_main:Displaying assigned subjects for Swetha T
INFO:tt_main:Faculty subject allotments: ['SS&OS - SOL - VI A']
DEBUG:tt_main:Subject-faculty assignment: [SS&OS - SOL - Swetha T] removed
INFO:tt_main:Displaying assigned subjects for Swetha T
INFO:tt_main:Faculty subject allotments: []
INFO:tt_main:Displaying assigned subjects for Venkatesh K M
INFO:tt_main:Faculty subject allotments: ['NMS - NMS - VIII A', 'NMS - NMS - VIII B']
INFO:tt_main:Displaying assigned subjects for T.N Anitha
INFO:tt_main:Faculty subject allotments: []
INFO:tt_main:Displaying assigned subjects for Vijay G R
INFO:tt_main:Faculty subject allotments: []
INFO:tt_main:Displaying assigned subjects for Vikas Reddy.S
INFO:tt_main:Faculty subject allotments: []
INFO:tt_main:Displaying assigned subjects for Vinutha K
INFO:tt_main:Faculty subject allotments: ['CLouds - CGC - VIII A', 'OR - OR - VI B']
DEBUG:tt_main:Third Window
INFO:tt_main:Semester: VI
INFO:tt_main:Subject constraints: {}
INFO:tt_main:Slot type: -
INFO:tt_main:Assigning subject constraints
INFO:tt_main:0 4
INFO:tt_main:Subject constraints: {'VI': {'A': {0: {4: '-'}}}}
INFO:tt_main:Assigning subject constraints
INFO:tt_main:1 4
INFO:tt_main:Subject constraints: {'VI': {'A': {0: {4: '-'}, 1: {4: '-'}}}}
INFO:tt_main:Assigning subject constraints
INFO:tt_main:3 4
INFO:tt_main:Subject constraints: {'VI': {'A': {0: {4: '-'}, 1: {4: '-'}, 3: {4: '-'}}}}
INFO:tt_main:Assigning subject constraints
INFO:tt_main:3 4
INFO:tt_main:- exists
INFO:tt_main:Subject constraints: {'VI': {'A': {0: {4: '-'}, 1: {4: '-'}, 3: {}}}}
INFO:tt_main:Assigning subject constraints
INFO:tt_main:2 4
INFO:tt_main:Subject constraints: {'VI': {'A': {0: {4: '-'}, 1: {4: '-'}, 3: {}, 2: {4: '-'}}}}
INFO:tt_main:Assigning subject constraints
INFO:tt_main:3 4
INFO:tt_main:Subject constraints: {'VI': {'A': {0: {4: '-'}, 1: {4: '-'}, 3: {4: '-'}, 2: {4: '-'}}}}
INFO:tt_main:Assigning subject constraints
INFO:tt_main:4 4
INFO:tt_main:Subject constraints: {'VI': {'A': {0: {4: '-'}, 1: {4: '-'}, 3: {4: '-'}, 2: {4: '-'}, 4: {4: '-'}}}}
INFO:tt_main:Assigning subject constraints
INFO:tt_main:5 4
INFO:tt_main:Subject constraints: {'VI': {'A': {0: {4: '-'}, 1: {4: '-'}, 3: {4: '-'}, 2: {4: '-'}, 4: {4: '-'}, 5: {4: '-'}}}}
INFO:tt_main:Assigning subject constraints
INFO:tt_main:2 3
INFO:tt_main:Subject constraints: {'VI': {'A': {0: {4: '-'}, 1: {4: '-'}, 3: {4: '-'}, 2: {4: '-', 3: '-'}, 4: {4: '-'}, 5: {4: '-'}}}}
DEBUG:tt_main:Fourth Window
DEBUG:tt_main:Third Window
INFO:tt_main:Section B
INFO:tt_main:Displaying subject constraints for: VI B
INFO:tt_main:Assigning subject constraints
INFO:tt_main:0 4
INFO:tt_main:Subject constraints: {'VI': {'A': {0: {4: '-'}, 1: {4: '-'}, 3: {4: '-'}, 2: {4: '-', 3: '-'}, 4: {4: '-'}, 5: {4: '-'}}, 'B': {0: {4: '-'}}}}
INFO:tt_main:Assigning subject constraints
INFO:tt_main:1 4
INFO:tt_main:Subject constraints: {'VI': {'A': {0: {4: '-'}, 1: {4: '-'}, 3: {4: '-'}, 2: {4: '-', 3: '-'}, 4: {4: '-'}, 5: {4: '-'}}, 'B': {0: {4: '-'}, 1: {4: '-'}}}}
INFO:tt_main:Assigning subject constraints
INFO:tt_main:2 4
INFO:tt_main:Subject constraints: {'VI': {'A': {0: {4: '-'}, 1: {4: '-'}, 3: {4: '-'}, 2: {4: '-', 3: '-'}, 4: {4: '-'}, 5: {4: '-'}}, 'B': {0: {4: '-'}, 1: {4: '-'}, 2: {4: '-'}}}}
INFO:tt_main:Assigning subject constraints
INFO:tt_main:3 4
INFO:tt_main:Subject constraints: {'VI': {'A': {0: {4: '-'}, 1: {4: '-'}, 3: {4: '-'}, 2: {4: '-', 3: '-'}, 4: {4: '-'}, 5: {4: '-'}}, 'B': {0: {4: '-'}, 1: {4: '-'}, 2: {4: '-'}, 3: {4: '-'}}}}
INFO:tt_main:Assigning subject constraints
INFO:tt_main:4 4
INFO:tt_main:Subject constraints: {'VI': {'A': {0: {4: '-'}, 1: {4: '-'}, 3: {4: '-'}, 2: {4: '-', 3: '-'}, 4: {4: '-'}, 5: {4: '-'}}, 'B': {0: {4: '-'}, 1: {4: '-'}, 2: {4: '-'}, 3: {4: '-'}, 4: {4: '-'}}}}
INFO:tt_main:Assigning subject constraints
INFO:tt_main:5 4
INFO:tt_main:Subject constraints: {'VI': {'A': {0: {4: '-'}, 1: {4: '-'}, 3: {4: '-'}, 2: {4: '-', 3: '-'}, 4: {4: '-'}, 5: {4: '-'}}, 'B': {0: {4: '-'}, 1: {4: '-'}, 2: {4: '-'}, 3: {4: '-'}, 4: {4: '-'}, 5: {4: '-'}}}}
INFO:tt_main:Assigning subject constraints
INFO:tt_main:2 3
INFO:tt_main:Subject constraints: {'VI': {'A': {0: {4: '-'}, 1: {4: '-'}, 3: {4: '-'}, 2: {4: '-', 3: '-'}, 4: {4: '-'}, 5: {4: '-'}}, 'B': {0: {4: '-'}, 1: {4: '-'}, 2: {4: '-', 3: '-'}, 3: {4: '-'}, 4: {4: '-'}, 5: {4: '-'}}}}
DEBUG:tt_main:Fourth Window
DEBUG:tt_main:Third Window
INFO:tt_main:Semester: VIII
INFO:tt_main:Subject constraints: {'VI': {'A': {0: {4: '-'}, 1: {4: '-'}, 3: {4: '-'}, 2: {4: '-', 3: '-'}, 4: {4: '-'}, 5: {4: '-'}}, 'B': {0: {4: '-'}, 1: {4: '-'}, 2: {4: '-', 3: '-'}, 3: {4: '-'}, 4: {4: '-'}, 5: {4: '-'}}}}
INFO:tt_main:Slot type: Elective 1
INFO:tt_main:Assigning subject constraints
INFO:tt_main:1 1
INFO:tt_main:Subject constraints: {'VI': {'A': {0: {4: '-'}, 1: {4: '-'}, 3: {4: '-'}, 2: {4: '-', 3: '-'}, 4: {4: '-'}, 5: {4: '-'}}, 'B': {0: {4: '-'}, 1: {4: '-'}, 2: {4: '-', 3: '-'}, 3: {4: '-'}, 4: {4: '-'}, 5: {4: '-'}}}, 'VIII': {'A': {1: {1: 'CGC/INS'}}, 'B': {1: {1: 'CGC/INS'}}}}
INFO:tt_main:Assigning subject constraints
INFO:tt_main:1 1
INFO:tt_main:Elective 1 exists
INFO:tt_main:Subject constraints: {'VI': {'A': {0: {4: '-'}, 1: {4: '-'}, 3: {4: '-'}, 2: {4: '-', 3: '-'}, 4: {4: '-'}, 5: {4: '-'}}, 'B': {0: {4: '-'}, 1: {4: '-'}, 2: {4: '-', 3: '-'}, 3: {4: '-'}, 4: {4: '-'}, 5: {4: '-'}}}, 'VIII': {'A': {1: {}}, 'B': {1: {}}}}
INFO:tt_main:Assigning subject constraints
INFO:tt_main:0 1
INFO:tt_main:Subject constraints: {'VI': {'A': {0: {4: '-'}, 1: {4: '-'}, 3: {4: '-'}, 2: {4: '-', 3: '-'}, 4: {4: '-'}, 5: {4: '-'}}, 'B': {0: {4: '-'}, 1: {4: '-'}, 2: {4: '-', 3: '-'}, 3: {4: '-'}, 4: {4: '-'}, 5: {4: '-'}}}, 'VIII': {'A': {1: {}, 0: {1: 'CGC/INS'}}, 'B': {1: {}, 0: {1: 'CGC/INS'}}}}
INFO:tt_main:Assigning subject constraints
INFO:tt_main:1 1
INFO:tt_main:Subject constraints: {'VI': {'A': {0: {4: '-'}, 1: {4: '-'}, 3: {4: '-'}, 2: {4: '-', 3: '-'}, 4: {4: '-'}, 5: {4: '-'}}, 'B': {0: {4: '-'}, 1: {4: '-'}, 2: {4: '-', 3: '-'}, 3: {4: '-'}, 4: {4: '-'}, 5: {4: '-'}}}, 'VIII': {'A': {1: {1: 'CGC/INS'}, 0: {1: 'CGC/INS'}}, 'B': {1: {1: 'CGC/INS'}, 0: {1: 'CGC/INS'}}}}
INFO:tt_main:Assigning subject constraints
INFO:tt_main:2 1
INFO:tt_main:Subject constraints: {'VI': {'A': {0: {4: '-'}, 1: {4: '-'}, 3: {4: '-'}, 2: {4: '-', 3: '-'}, 4: {4: '-'}, 5: {4: '-'}}, 'B': {0: {4: '-'}, 1: {4: '-'}, 2: {4: '-', 3: '-'}, 3: {4: '-'}, 4: {4: '-'}, 5: {4: '-'}}}, 'VIII': {'A': {1: {1: 'CGC/INS'}, 0: {1: 'CGC/INS'}, 2: {1: 'CGC/INS'}}, 'B': {1: {1: 'CGC/INS'}, 0: {1: 'CGC/INS'}, 2: {1: 'CGC/INS'}}}}
INFO:tt_main:Assigning subject constraints
INFO:tt_main:0 1
INFO:tt_main:Elective 1 exists
INFO:tt_main:Subject constraints: {'VI': {'A': {0: {4: '-'}, 1: {4: '-'}, 3: {4: '-'}, 2: {4: '-', 3: '-'}, 4: {4: '-'}, 5: {4: '-'}}, 'B': {0: {4: '-'}, 1: {4: '-'}, 2: {4: '-', 3: '-'}, 3: {4: '-'}, 4: {4: '-'}, 5: {4: '-'}}}, 'VIII': {'A': {1: {1: 'CGC/INS'}, 0: {}, 2: {1: 'CGC/INS'}}, 'B': {1: {1: 'CGC/INS'}, 0: {}, 2: {1: 'CGC/INS'}}}}
INFO:tt_main:Assigning subject constraints
INFO:tt_main:0 1
INFO:tt_main:Subject constraints: {'VI': {'A': {0: {4: '-'}, 1: {4: '-'}, 3: {4: '-'}, 2: {4: '-', 3: '-'}, 4: {4: '-'}, 5: {4: '-'}}, 'B': {0: {4: '-'}, 1: {4: '-'}, 2: {4: '-', 3: '-'}, 3: {4: '-'}, 4: {4: '-'}, 5: {4: '-'}}}, 'VIII': {'A': {1: {1: 'CGC/INS'}, 0: {1: 'CGC/INS'}, 2: {1: 'CGC/INS'}}, 'B': {1: {1: 'CGC/INS'}, 0: {1: 'CGC/INS'}, 2: {1: 'CGC/INS'}}}}
INFO:tt_main:Assigning subject constraints
INFO:tt_main:1 1
INFO:tt_main:Elective 1 exists
INFO:tt_main:Subject constraints: {'VI': {'A': {0: {4: '-'}, 1: {4: '-'}, 3: {4: '-'}, 2: {4: '-', 3: '-'}, 4: {4: '-'}, 5: {4: '-'}}, 'B': {0: {4: '-'}, 1: {4: '-'}, 2: {4: '-', 3: '-'}, 3: {4: '-'}, 4: {4: '-'}, 5: {4: '-'}}}, 'VIII': {'A': {1: {}, 0: {1: 'CGC/INS'}, 2: {1: 'CGC/INS'}}, 'B': {1: {}, 0: {1: 'CGC/INS'}, 2: {1: 'CGC/INS'}}}}
INFO:tt_main:Assigning subject constraints
INFO:tt_main:0 1
INFO:tt_main:Elective 1 exists
INFO:tt_main:Subject constraints: {'VI': {'A': {0: {4: '-'}, 1: {4: '-'}, 3: {4: '-'}, 2: {4: '-', 3: '-'}, 4: {4: '-'}, 5: {4: '-'}}, 'B': {0: {4: '-'}, 1: {4: '-'}, 2: {4: '-', 3: '-'}, 3: {4: '-'}, 4: {4: '-'}, 5: {4: '-'}}}, 'VIII': {'A': {1: {}, 0: {}, 2: {1: 'CGC/INS'}}, 'B': {1: {}, 0: {}, 2: {1: 'CGC/INS'}}}}
INFO:tt_main:Assigning subject constraints
INFO:tt_main:2 1
INFO:tt_main:Elective 1 exists
INFO:tt_main:Subject constraints: {'VI': {'A': {0: {4: '-'}, 1: {4: '-'}, 3: {4: '-'}, 2: {4: '-', 3: '-'}, 4: {4: '-'}, 5: {4: '-'}}, 'B': {0: {4: '-'}, 1: {4: '-'}, 2: {4: '-', 3: '-'}, 3: {4: '-'}, 4: {4: '-'}, 5: {4: '-'}}}, 'VIII': {'A': {1: {}, 0: {}, 2: {}}, 'B': {1: {}, 0: {}, 2: {}}}}
INFO:tt_main:Slot type: Elective 1
INFO:tt_main:Slot type: -
INFO:tt_main:Assigning subject constraints
INFO:tt_main:0 4
INFO:tt_main:Subject constraints: {'VI': {'A': {0: {4: '-'}, 1: {4: '-'}, 3: {4: '-'}, 2: {4: '-', 3: '-'}, 4: {4: '-'}, 5: {4: '-'}}, 'B': {0: {4: '-'}, 1: {4: '-'}, 2: {4: '-', 3: '-'}, 3: {4: '-'}, 4: {4: '-'}, 5: {4: '-'}}}, 'VIII': {'A': {1: {}, 0: {4: '-'}, 2: {}}, 'B': {1: {}, 0: {}, 2: {}}}}
INFO:tt_main:Assigning subject constraints
INFO:tt_main:1 4
INFO:tt_main:Subject constraints: {'VI': {'A': {0: {4: '-'}, 1: {4: '-'}, 3: {4: '-'}, 2: {4: '-', 3: '-'}, 4: {4: '-'}, 5: {4: '-'}}, 'B': {0: {4: '-'}, 1: {4: '-'}, 2: {4: '-', 3: '-'}, 3: {4: '-'}, 4: {4: '-'}, 5: {4: '-'}}}, 'VIII': {'A': {1: {4: '-'}, 0: {4: '-'}, 2: {}}, 'B': {1: {}, 0: {}, 2: {}}}}
INFO:tt_main:Assigning subject constraints
INFO:tt_main:2 4
INFO:tt_main:Subject constraints: {'VI': {'A': {0: {4: '-'}, 1: {4: '-'}, 3: {4: '-'}, 2: {4: '-', 3: '-'}, 4: {4: '-'}, 5: {4: '-'}}, 'B': {0: {4: '-'}, 1: {4: '-'}, 2: {4: '-', 3: '-'}, 3: {4: '-'}, 4: {4: '-'}, 5: {4: '-'}}}, 'VIII': {'A': {1: {4: '-'}, 0: {4: '-'}, 2: {4: '-'}}, 'B': {1: {}, 0: {}, 2: {}}}}
INFO:tt_main:Assigning subject constraints
INFO:tt_main:3 4
INFO:tt_main:Subject constraints: {'VI': {'A': {0: {4: '-'}, 1: {4: '-'}, 3: {4: '-'}, 2: {4: '-', 3: '-'}, 4: {4: '-'}, 5: {4: '-'}}, 'B': {0: {4: '-'}, 1: {4: '-'}, 2: {4: '-', 3: '-'}, 3: {4: '-'}, 4: {4: '-'}, 5: {4: '-'}}}, 'VIII': {'A': {1: {4: '-'}, 0: {4: '-'}, 2: {4: '-'}, 3: {4: '-'}}, 'B': {1: {}, 0: {}, 2: {}}}}
INFO:tt_main:Assigning subject constraints
INFO:tt_main:4 4
INFO:tt_main:Subject constraints: {'VI': {'A': {0: {4: '-'}, 1: {4: '-'}, 3: {4: '-'}, 2: {4: '-', 3: '-'}, 4: {4: '-'}, 5: {4: '-'}}, 'B': {0: {4: '-'}, 1: {4: '-'}, 2: {4: '-', 3: '-'}, 3: {4: '-'}, 4: {4: '-'}, 5: {4: '-'}}}, 'VIII': {'A': {1: {4: '-'}, 0: {4: '-'}, 2: {4: '-'}, 3: {4: '-'}, 4: {4: '-'}}, 'B': {1: {}, 0: {}, 2: {}}}}
INFO:tt_main:Assigning subject constraints
INFO:tt_main:5 4
INFO:tt_main:Subject constraints: {'VI': {'A': {0: {4: '-'}, 1: {4: '-'}, 3: {4: '-'}, 2: {4: '-', 3: '-'}, 4: {4: '-'}, 5: {4: '-'}}, 'B': {0: {4: '-'}, 1: {4: '-'}, 2: {4: '-', 3: '-'}, 3: {4: '-'}, 4: {4: '-'}, 5: {4: '-'}}}, 'VIII': {'A': {1: {4: '-'}, 0: {4: '-'}, 2: {4: '-'}, 3: {4: '-'}, 4: {4: '-'}, 5: {4: '-'}}, 'B': {1: {}, 0: {}, 2: {}}}}
INFO:tt_main:Assigning subject constraints
INFO:tt_main:2 3
INFO:tt_main:Subject constraints: {'VI': {'A': {0: {4: '-'}, 1: {4: '-'}, 3: {4: '-'}, 2: {4: '-', 3: '-'}, 4: {4: '-'}, 5: {4: '-'}}, 'B': {0: {4: '-'}, 1: {4: '-'}, 2: {4: '-', 3: '-'}, 3: {4: '-'}, 4: {4: '-'}, 5: {4: '-'}}}, 'VIII': {'A': {1: {4: '-'}, 0: {4: '-'}, 2: {4: '-', 3: '-'}, 3: {4: '-'}, 4: {4: '-'}, 5: {4: '-'}}, 'B': {1: {}, 0: {}, 2: {}}}}
INFO:tt_main:Assigning subject constraints
INFO:tt_main:0 0
INFO:tt_main:Subject constraints: {'VI': {'A': {0: {4: '-'}, 1: {4: '-'}, 3: {4: '-'}, 2: {4: '-', 3: '-'}, 4: {4: '-'}, 5: {4: '-'}}, 'B': {0: {4: '-'}, 1: {4: '-'}, 2: {4: '-', 3: '-'}, 3: {4: '-'}, 4: {4: '-'}, 5: {4: '-'}}}, 'VIII': {'A': {1: {4: '-'}, 0: {4: '-', 0: '-'}, 2: {4: '-', 3: '-'}, 3: {4: '-'}, 4: {4: '-'}, 5: {4: '-'}}, 'B': {1: {}, 0: {}, 2: {}}}}
INFO:tt_main:Assigning subject constraints
INFO:tt_main:0 0
INFO:tt_main:- exists
INFO:tt_main:Subject constraints: {'VI': {'A': {0: {4: '-'}, 1: {4: '-'}, 3: {4: '-'}, 2: {4: '-', 3: '-'}, 4: {4: '-'}, 5: {4: '-'}}, 'B': {0: {4: '-'}, 1: {4: '-'}, 2: {4: '-', 3: '-'}, 3: {4: '-'}, 4: {4: '-'}, 5: {4: '-'}}}, 'VIII': {'A': {1: {4: '-'}, 0: {4: '-'}, 2: {4: '-', 3: '-'}, 3: {4: '-'}, 4: {4: '-'}, 5: {4: '-'}}, 'B': {1: {}, 0: {}, 2: {}}}}
INFO:tt_main:Section B
INFO:tt_main:Displaying subject constraints for: VIII B
INFO:tt_main:Subject constraints: {1: {}, 0: {}, 2: {}}
INFO:tt_main:Section B
INFO:tt_main:Displaying subject constraints for: VIII B
INFO:tt_main:Subject constraints: {1: {}, 0: {}, 2: {}}
INFO:tt_main:Assigning subject constraints
INFO:tt_main:0 3
INFO:tt_main:Subject constraints: {'VI': {'A': {0: {4: '-'}, 1: {4: '-'}, 3: {4: '-'}, 2: {4: '-', 3: '-'}, 4: {4: '-'}, 5: {4: '-'}}, 'B': {0: {4: '-'}, 1: {4: '-'}, 2: {4: '-', 3: '-'}, 3: {4: '-'}, 4: {4: '-'}, 5: {4: '-'}}}, 'VIII': {'A': {1: {4: '-'}, 0: {4: '-'}, 2: {4: '-', 3: '-'}, 3: {4: '-'}, 4: {4: '-'}, 5: {4: '-'}}, 'B': {1: {}, 0: {3: '-'}, 2: {}}}}
INFO:tt_main:Assigning subject constraints
INFO:tt_main:0 3
INFO:tt_main:- exists
INFO:tt_main:Subject constraints: {'VI': {'A': {0: {4: '-'}, 1: {4: '-'}, 3: {4: '-'}, 2: {4: '-', 3: '-'}, 4: {4: '-'}, 5: {4: '-'}}, 'B': {0: {4: '-'}, 1: {4: '-'}, 2: {4: '-', 3: '-'}, 3: {4: '-'}, 4: {4: '-'}, 5: {4: '-'}}}, 'VIII': {'A': {1: {4: '-'}, 0: {4: '-'}, 2: {4: '-', 3: '-'}, 3: {4: '-'}, 4: {4: '-'}, 5: {4: '-'}}, 'B': {1: {}, 0: {}, 2: {}}}}
INFO:tt_main:Assigning subject constraints
INFO:tt_main:0 4
INFO:tt_main:Subject constraints: {'VI': {'A': {0: {4: '-'}, 1: {4: '-'}, 3: {4: '-'}, 2: {4: '-', 3: '-'}, 4: {4: '-'}, 5: {4: '-'}}, 'B': {0: {4: '-'}, 1: {4: '-'}, 2: {4: '-', 3: '-'}, 3: {4: '-'}, 4: {4: '-'}, 5: {4: '-'}}}, 'VIII': {'A': {1: {4: '-'}, 0: {4: '-'}, 2: {4: '-', 3: '-'}, 3: {4: '-'}, 4: {4: '-'}, 5: {4: '-'}}, 'B': {1: {}, 0: {4: '-'}, 2: {}}}}
INFO:tt_main:Assigning subject constraints
INFO:tt_main:1 4
INFO:tt_main:Subject constraints: {'VI': {'A': {0: {4: '-'}, 1: {4: '-'}, 3: {4: '-'}, 2: {4: '-', 3: '-'}, 4: {4: '-'}, 5: {4: '-'}}, 'B': {0: {4: '-'}, 1: {4: '-'}, 2: {4: '-', 3: '-'}, 3: {4: '-'}, 4: {4: '-'}, 5: {4: '-'}}}, 'VIII': {'A': {1: {4: '-'}, 0: {4: '-'}, 2: {4: '-', 3: '-'}, 3: {4: '-'}, 4: {4: '-'}, 5: {4: '-'}}, 'B': {1: {4: '-'}, 0: {4: '-'}, 2: {}}}}
INFO:tt_main:Assigning subject constraints
INFO:tt_main:2 4
INFO:tt_main:Subject constraints: {'VI': {'A': {0: {4: '-'}, 1: {4: '-'}, 3: {4: '-'}, 2: {4: '-', 3: '-'}, 4: {4: '-'}, 5: {4: '-'}}, 'B': {0: {4: '-'}, 1: {4: '-'}, 2: {4: '-', 3: '-'}, 3: {4: '-'}, 4: {4: '-'}, 5: {4: '-'}}}, 'VIII': {'A': {1: {4: '-'}, 0: {4: '-'}, 2: {4: '-', 3: '-'}, 3: {4: '-'}, 4: {4: '-'}, 5: {4: '-'}}, 'B': {1: {4: '-'}, 0: {4: '-'}, 2: {4: '-'}}}}
INFO:tt_main:Assigning subject constraints
INFO:tt_main:3 4
INFO:tt_main:Subject constraints: {'VI': {'A': {0: {4: '-'}, 1: {4: '-'}, 3: {4: '-'}, 2: {4: '-', 3: '-'}, 4: {4: '-'}, 5: {4: '-'}}, 'B': {0: {4: '-'}, 1: {4: '-'}, 2: {4: '-', 3: '-'}, 3: {4: '-'}, 4: {4: '-'}, 5: {4: '-'}}}, 'VIII': {'A': {1: {4: '-'}, 0: {4: '-'}, 2: {4: '-', 3: '-'}, 3: {4: '-'}, 4: {4: '-'}, 5: {4: '-'}}, 'B': {1: {4: '-'}, 0: {4: '-'}, 2: {4: '-'}, 3: {4: '-'}}}}
INFO:tt_main:Assigning subject constraints
INFO:tt_main:4 4
INFO:tt_main:Subject constraints: {'VI': {'A': {0: {4: '-'}, 1: {4: '-'}, 3: {4: '-'}, 2: {4: '-', 3: '-'}, 4: {4: '-'}, 5: {4: '-'}}, 'B': {0: {4: '-'}, 1: {4: '-'}, 2: {4: '-', 3: '-'}, 3: {4: '-'}, 4: {4: '-'}, 5: {4: '-'}}}, 'VIII': {'A': {1: {4: '-'}, 0: {4: '-'}, 2: {4: '-', 3: '-'}, 3: {4: '-'}, 4: {4: '-'}, 5: {4: '-'}}, 'B': {1: {4: '-'}, 0: {4: '-'}, 2: {4: '-'}, 3: {4: '-'}, 4: {4: '-'}}}}
INFO:tt_main:Assigning subject constraints
INFO:tt_main:5 4
INFO:tt_main:Subject constraints: {'VI': {'A': {0: {4: '-'}, 1: {4: '-'}, 3: {4: '-'}, 2: {4: '-', 3: '-'}, 4: {4: '-'}, 5: {4: '-'}}, 'B': {0: {4: '-'}, 1: {4: '-'}, 2: {4: '-', 3: '-'}, 3: {4: '-'}, 4: {4: '-'}, 5: {4: '-'}}}, 'VIII': {'A': {1: {4: '-'}, 0: {4: '-'}, 2: {4: '-', 3: '-'}, 3: {4: '-'}, 4: {4: '-'}, 5: {4: '-'}}, 'B': {1: {4: '-'}, 0: {4: '-'}, 2: {4: '-'}, 3: {4: '-'}, 4: {4: '-'}, 5: {4: '-'}}}}
INFO:tt_main:Assigning subject constraints
INFO:tt_main:2 3
INFO:tt_main:Subject constraints: {'VI': {'A': {0: {4: '-'}, 1: {4: '-'}, 3: {4: '-'}, 2: {4: '-', 3: '-'}, 4: {4: '-'}, 5: {4: '-'}}, 'B': {0: {4: '-'}, 1: {4: '-'}, 2: {4: '-', 3: '-'}, 3: {4: '-'}, 4: {4: '-'}, 5: {4: '-'}}}, 'VIII': {'A': {1: {4: '-'}, 0: {4: '-'}, 2: {4: '-', 3: '-'}, 3: {4: '-'}, 4: {4: '-'}, 5: {4: '-'}}, 'B': {1: {4: '-'}, 0: {4: '-'}, 2: {4: '-', 3: '-'}, 3: {4: '-'}, 4: {4: '-'}, 5: {4: '-'}}}}
INFO:tt_main:Section A
INFO:tt_main:Displaying subject constraints for: VIII A
INFO:tt_main:Subject constraints: {1: {4: '-'}, 0: {4: '-'}, 2: {4: '-', 3: '-'}, 3: {4: '-'}, 4: {4: '-'}, 5: {4: '-'}}
INFO:tt_main:VIII A 1 4
INFO:tt_main:VIII A 0 4
INFO:tt_main:VIII A 2 4
INFO:tt_main:VIII A 2 3
INFO:tt_main:VIII A 3 4
INFO:tt_main:VIII A 4 4
INFO:tt_main:VIII A 5 4
INFO:tt_main:Assigning subject constraints
INFO:tt_main:2 3
INFO:tt_main:- exists
INFO:tt_main:Subject constraints: {'VI': {'A': {0: {4: '-'}, 1: {4: '-'}, 3: {4: '-'}, 2: {4: '-', 3: '-'}, 4: {4: '-'}, 5: {4: '-'}}, 'B': {0: {4: '-'}, 1: {4: '-'}, 2: {4: '-', 3: '-'}, 3: {4: '-'}, 4: {4: '-'}, 5: {4: '-'}}}, 'VIII': {'A': {1: {4: '-'}, 0: {4: '-'}, 2: {4: '-'}, 3: {4: '-'}, 4: {4: '-'}, 5: {4: '-'}}, 'B': {1: {4: '-'}, 0: {4: '-'}, 2: {4: '-', 3: '-'}, 3: {4: '-'}, 4: {4: '-'}, 5: {4: '-'}}}}
INFO:tt_main:Section B
INFO:tt_main:Displaying subject constraints for: VIII B
INFO:tt_main:Subject constraints: {1: {4: '-'}, 0: {4: '-'}, 2: {4: '-', 3: '-'}, 3: {4: '-'}, 4: {4: '-'}, 5: {4: '-'}}
INFO:tt_main:VIII B 1 4
INFO:tt_main:VIII B 0 4
INFO:tt_main:VIII B 2 4
INFO:tt_main:VIII B 2 3
INFO:tt_main:VIII B 3 4
INFO:tt_main:VIII B 4 4
INFO:tt_main:VIII B 5 4
INFO:tt_main:Assigning subject constraints
INFO:tt_main:2 3
INFO:tt_main:- exists
INFO:tt_main:Subject constraints: {'VI': {'A': {0: {4: '-'}, 1: {4: '-'}, 3: {4: '-'}, 2: {4: '-', 3: '-'}, 4: {4: '-'}, 5: {4: '-'}}, 'B': {0: {4: '-'}, 1: {4: '-'}, 2: {4: '-', 3: '-'}, 3: {4: '-'}, 4: {4: '-'}, 5: {4: '-'}}}, 'VIII': {'A': {1: {4: '-'}, 0: {4: '-'}, 2: {4: '-'}, 3: {4: '-'}, 4: {4: '-'}, 5: {4: '-'}}, 'B': {1: {4: '-'}, 0: {4: '-'}, 2: {4: '-'}, 3: {4: '-'}, 4: {4: '-'}, 5: {4: '-'}}}}
DEBUG:tt_main:Fourth Window
DEBUG:tt_main:Resetting Fifth Window
DEBUG:tt_main:Fifth Window
DEBUG:tt_main:Generating timetable...
Scheduling slots...
Alotting subjects to slots...
INFO:tt_algo:VI A                 9:00-10:00           10:00-10:50          10:50-11:00          11:00-11:50          11:50-12:40          12:40-1:30           1:30-2:20            2:20-3:10            3:10-4:00            
INFO:tt_algo:monday               -                    -                    -                    -                    -                    -                    -                    -                   
INFO:tt_algo:tuesday              -                    -                    -                    -                    -                    -                    -                    -                   
INFO:tt_algo:wednesday            -                    -                    -                    -                    -                    -                    -                    -                   
INFO:tt_algo:thursday             -                    -                    -                    -                    -                    -                    -                    -                   
INFO:tt_algo:friday               -                    -                    -                    -                    -                    -                    -                    -                   
INFO:tt_algo:saturday             -                    -                    -                    -                   
INFO:tt_algo:

INFO:tt_algo:VI B                 9:00-10:00           10:00-10:50          10:50-11:00          11:00-11:50          11:50-12:40          12:40-1:30           1:30-2:20            2:20-3:10            3:10-4:00            
INFO:tt_algo:monday               -                    -                    -                    -                    -                    -                    -                    -                   
INFO:tt_algo:tuesday              -                    -                    -                    -                    -                    -                    -                    -                   
INFO:tt_algo:wednesday            -                    -                    -                    -                    -                    -                    -                    -                   
INFO:tt_algo:thursday             -                    -                    -                    -                    -                    -                    -                    -                   
INFO:tt_algo:friday               -                    -                    -                    -                    -                    -                    -                    -                   
INFO:tt_algo:saturday             -                    -                    -                    -                   
INFO:tt_algo:

INFO:tt_algo:VIII A               9:00-10:00           10:00-10:50          10:50-11:00          11:00-11:50          11:50-12:40          12:40-1:30           1:30-2:20            2:20-3:10            3:10-4:00            
INFO:tt_algo:monday               -                    -                    -                    -                    -                    -                    -                    -                   
INFO:tt_algo:tuesday              -                    -                    -                    -                    -                    -                    -                    -                   
INFO:tt_algo:wednesday            -                    -                    -                    -                    -                    -                    -                    -                   
INFO:tt_algo:thursday             -                    -                    -                    -                    -                    -                    -                    -                   
INFO:tt_algo:friday               -                    -                    -                    -                    -                    -                    -                    -                   
INFO:tt_algo:saturday             -                    -                    -                    -                   
INFO:tt_algo:

INFO:tt_algo:VIII B               9:00-10:00           10:00-10:50          10:50-11:00          11:00-11:50          11:50-12:40          12:40-1:30           1:30-2:20            2:20-3:10            3:10-4:00            
INFO:tt_algo:monday               -                    -                    -                    -                    -                    -                    -                    -                   
INFO:tt_algo:tuesday              -                    -                    -                    -                    -                    -                    -                    -                   
INFO:tt_algo:wednesday            -                    -                    -                    -                    -                    -                    -                    -                   
INFO:tt_algo:thursday             -                    -                    -                    -                    -                    -                    -                    -                   
INFO:tt_algo:friday               -                    -                    -                    -                    -                    -                    -                    -                   
INFO:tt_algo:saturday             -                    -                    -                    -                   
INFO:tt_algo:

INFO:tt_algo:...generating...
INFO:tt_algo:
INFO:tt_algo:VI A                 9:00-10:00           10:00-10:50          10:50-11:00          11:00-11:50          11:50-12:40          12:40-1:30           1:30-2:20            2:20-3:10            3:10-4:00            
INFO:tt_algo:monday               SS&CD                PAP                  OR                   MC                   -                    CGC                  OS                   CNC                 
INFO:tt_algo:tuesday              OS                   CNC                  SS&CD                PAP                  -                    OR                   MC                   -                   
INFO:tt_algo:wednesday            MC                   CGC                  OS                   -                    -                    CNC                  PAP                  -                   
INFO:tt_algo:thursday             SS&CD                PAP                  OR                   MC                   -                    CGC                  -                    -                   
INFO:tt_algo:friday               OS                   CNC                  SS&CD                PAP                  -                    OR                   -                    -                   
INFO:tt_algo:saturday             MC                   CGC                  OS                   CNC                 
INFO:tt_algo:

INFO:tt_algo:
INFO:tt_algo:VI B                 9:00-10:00           10:00-10:50          10:50-11:00          11:00-11:50          11:50-12:40          12:40-1:30           1:30-2:20            2:20-3:10            3:10-4:00            
INFO:tt_algo:monday               OS                   PAP                  OR                   CNC                  -                    SS&CD                -                    -                   
INFO:tt_algo:tuesday              CGC                  OS                   PAP                  OR                   -                    CNC                  -                    -                   
INFO:tt_algo:wednesday            SS&CD                CGC                  OS                   -                    -                    PAP                  -                    -                   
INFO:tt_algo:thursday             OR                   CNC                  SS&CD                CGC                  -                    OS                   -                    -                   
INFO:tt_algo:friday               PAP                  OR                   CNC                  SS&CD                -                    CGC                  -                    -                   
INFO:tt_algo:saturday             OS                   PAP                  CNC                  -                   
INFO:tt_algo:

INFO:tt_algo:
INFO:tt_algo:VIII A               9:00-10:00           10:00-10:50          10:50-11:00          11:00-11:50          11:50-12:40          12:40-1:30           1:30-2:20            2:20-3:10            3:10-4:00            
INFO:tt_algo:monday               ST                   PS                   SA                   SMS                  -                    INS                  TS                   CGC                 
INFO:tt_algo:tuesday              TS                   CGC                  NMS                  ST                   -                    PS                   -                    -                   
INFO:tt_algo:wednesday            SA                   SMS                  INS                  TS                   -                    CGC                  NMS                  PS                  
INFO:tt_algo:thursday             NMS                  ST                   PS                   SA                   -                    SMS                  TS                   -                   
INFO:tt_algo:friday               INS                  TS                   CGC                  NMS                  -                    ST                   -                    -                   
INFO:tt_algo:saturday             PS                   SA                   SMS                  INS                 
INFO:tt_algo:

INFO:tt_algo:
INFO:tt_algo:VIII B               9:00-10:00           10:00-10:50          10:50-11:00          11:00-11:50          11:50-12:40          12:40-1:30           1:30-2:20            2:20-3:10            3:10-4:00            
INFO:tt_algo:monday               ST                   PS                   INS                  TS                   -                    SMS                  CGC                  NMS                 
INFO:tt_algo:tuesday              CGC                  NMS                  SA                   ST                   -                    PS                   TS                   -                   
INFO:tt_algo:wednesday            INS                  TS                   SMS                  CGC                  -                    NMS                  SA                   PS                  
INFO:tt_algo:thursday             SA                   ST                   PS                   INS                  -                    TS                   -                    -                   
INFO:tt_algo:friday               SMS                  CGC                  NMS                  SA                   -                    ST                   -                    -                   
INFO:tt_algo:saturday             PS                   INS                  TS                   SMS                 
INFO:tt_algo:

INFO:tt_algo:...adjusting clashes...
INFO:tt_algo:VI A                 9:00-10:00           10:00-10:50          10:50-11:00          11:00-11:50          11:50-12:40          12:40-1:30           1:30-2:20            2:20-3:10            3:10-4:00            
INFO:tt_algo:monday               CGC                  OR                   PAP                  MC                   -                    SS&CD                OS                   CNC                 
INFO:tt_algo:tuesday              OS                   CNC                  SS&CD                PAP                  -                    OR                   MC                   -                   
INFO:tt_algo:wednesday            CNC                  CGC                  MC                   -                    -                    OS                   PAP                  -                   
INFO:tt_algo:thursday             MC                   PAP                  OR                   SS&CD                -                    CGC                  -                    -                   
INFO:tt_algo:friday               OS                   CNC                  SS&CD                PAP                  -                    OR                   -                    -                   
INFO:tt_algo:saturday             CNC                  OS                   MC                   CGC                 
INFO:tt_algo:

INFO:tt_algo:VI B                 9:00-10:00           10:00-10:50          10:50-11:00          11:00-11:50          11:50-12:40          12:40-1:30           1:30-2:20            2:20-3:10            3:10-4:00            
INFO:tt_algo:monday               OS                   PAP                  OR                   CNC                  -                    SS&CD                -                    -                   
INFO:tt_algo:tuesday              PAP                  OS                   CGC                  OR                   -                    CNC                  -                    -                   
INFO:tt_algo:wednesday            SS&CD                PAP                  OS                   -                    -                    CGC                  -                    -                   
INFO:tt_algo:thursday             OR                   CNC                  SS&CD                CGC                  -                    OS                   -                    -                   
INFO:tt_algo:friday               PAP                  OR                   CNC                  SS&CD                -                    CGC                  -                    -                   
INFO:tt_algo:saturday             OS                   PAP                  CNC                  -                   
INFO:tt_algo:

INFO:tt_algo:VIII A               9:00-10:00           10:00-10:50          10:50-11:00          11:00-11:50          11:50-12:40          12:40-1:30           1:30-2:20            2:20-3:10            3:10-4:00            
INFO:tt_algo:monday               SA                   SMS                  PS                   SMS                  -                    INS                  TS                   CGC                 
INFO:tt_algo:tuesday              TS                   PS                   NMS                  -                    -                    ST                   CGC                  ST                  
INFO:tt_algo:wednesday            SA                   SMS                  PS                   TS                   -                    CGC                  NMS                  INS                 
INFO:tt_algo:thursday             SMS                  NMS                  ST                   SA                   -                    PS                   TS                   -                   
INFO:tt_algo:friday               ST                   TS                   INS                  NMS                  -                    CGC                  -                    -                   
INFO:tt_algo:saturday             -                    SA                   PS                   INS                 
INFO:tt_algo:

INFO:tt_algo:VIII B               9:00-10:00           10:00-10:50          10:50-11:00          11:00-11:50          11:50-12:40          12:40-1:30           1:30-2:20            2:20-3:10            3:10-4:00            
INFO:tt_algo:monday               INS                  PS                   ST                   TS                   -                    SMS                  CGC                  NMS                 
INFO:tt_algo:tuesday              CGC                  NMS                  SA                   ST                   -                    PS                   TS                   -                   
INFO:tt_algo:wednesday            INS                  TS                   NMS                  CGC                  -                    SMS                  SA                   PS                  
INFO:tt_algo:thursday             PS                   TS                   SA                   INS                  -                    ST                   -                    -                   
INFO:tt_algo:friday               NMS                  CGC                  SMS                  SA                   -                    ST                   -                    -                   
INFO:tt_algo:saturday             PS                   INS                  TS                   SMS                 
INFO:tt_algo:

INFO:tt_algo:0
DEBUG:tt_main:Displaying timetable for  
DEBUG:tt_main:Results display dialog
INFO:tt_main:Students
DEBUG:tt_main:Populating section combobox for VI semester
DEBUG:tt_main:Displaying timetable for VI A
DEBUG:tt_main:Displaying timetable for VI A
DEBUG:tt_main:Displaying timetable for VI B
DEBUG:tt_main:Populating section combobox for VII semester
DEBUG:tt_main:Displaying timetable for VII 
DEBUG:tt_main:Populating section combobox for VIII semester
DEBUG:tt_main:Displaying timetable for VIII A
DEBUG:tt_main:Displaying timetable for VIII B
INFO:tt_main:Faculty
DEBUG:tt_main:Displaying timetable for Ajay H C
DEBUG:tt_main:Displaying timetable for Ajay N
INFO:tt_main:Printing...
INFO:tt_main:Faculty
INFO:tt_main:Printing timetable for Ajay N
INFO:tt_main:File Menu option clicked: Load
DEBUG:tt_main:Load confirmed
INFO:tt_main:File name: D:/Projects/timetable-master/timetable-master/Sample Inputs/current.json
INFO:tt_main:Loading from json file
DEBUG:tt_main:Success. Loaded all saved data from D:/Projects/timetable-master/timetable-master/Sample Inputs/current.json
DEBUG:tt_main:Reset all windows and displaying 1st window
DEBUG:tt_main:Resetting First Window
DEBUG:tt_main:Resetting/Populating Second Window
INFO:tt_main:Assigned Subjects: OrderedDict([('IV', OrderedDict()), ('VII', OrderedDict([('E', ['Mobile Application Development - MAD - Rajashree']), ('A', ['Object Oriented Modeling and Design - OOMD - Ranjan Kumar H S', 'Advanced Computer Architecture - ACA - Sandeep Hegde', 'Software Architecture - SA - Sandeep Hegde', 'Python Programming - PP - Pawan Hegde', 'Advanced Web Techniques - AWT - Roshan Fernandes', 'Machine Learning - ML - Sarika Hegde', 'Mobile Application Development - MAD - Shabari Shedthi B', 'Image Processing - IP - Mohammed Javed', 'Python Programming Lab - PP Lab - Pawan Hegde']), ('B', ['Object Oriented Modeling and Design - OOMD - Keerthana B C', 'Advanced Computer Architecture - ACA - Rajalaxmi Hegde', 'Software Architecture - SA - Shilpa M K', 'Python Programming - PP - Vijay Murari T', 'Advanced Web Techniques - AWT - Shashank Shetty', 'Machine Learning - ML - Minu P Abraham', 'Mobile Application Development - MAD - Ravi B', 'Python Programming Lab - PP Lab - Vijay Murari T']), ('D', ['Object Oriented Modeling and Design - OOMD - Puneeth R P', 'Advanced Computer Architecture - ACA - Shabari Shedthi B', 'Software Architecture - SA - Rajalaxmi Hegde', 'Python Programming - PP - Venugopala P S', 'Mobile Application Development - MAD - Ankitha A Nayak', 'Python Programming Lab - PP Lab - Venugopala P S']), ('C', ['Object Oriented Modeling and Design - OOMD - Sunil Kumar Aithal', 'Advanced Computer Architecture - ACA - Mohammed Javed', 'Software Architecture - SA - Sampath Kini', 'Python Programming - PP - Ranjan Kumar H S', 'Mobile Application Development - MAD - Venugopala P S', 'Python Programming Lab - PP Lab - Ranjan Kumar H S'])])), ('VIII', OrderedDict()), ('VI', OrderedDict()), ('V', OrderedDict([('A', ['Compiler Design - CD - Chandra Naik', 'Relational Database Management System - RDBMS - Radhakrishna Dodmane', 'Microprocessors and Peripherals - MP - Roshan Fernandes', 'Software Engineering - SE - Sudeepa K B', 'Operating Systems - OS - Jyothi Shetty', "Advanced Unix Programming - AUP - Divya Jennifer D'Souza", 'Operations Research - OR - Vijay Murari T', 'Employability Skill Development - ESD - -', 'Microprocessors and Peripherals Lab - MP Lab - Roshan Fernandes', 'Compiler Design | Relational Database Management System Lab - CD | RDBMS Lab - Chandra Naik, Radhakrishna Dodmane']), ('B', ['Compiler Design - CD - Jyothi Shetty', 'Relational Database Management System - RDBMS - Swathi Pai M', 'Microprocessors and Peripherals - MP - Anisha P Rodrigues', 'Software Engineering - SE - Sunil Kumar Aithal', 'Operating Systems - OS - Sampath Kini', 'Operations Research - OR - Asmitha Poojari', 'Employability Skill Development - ESD - -', 'Microprocessors and Peripherals Lab - MP Lab - Anisha P Rodrigues', 'Compiler Design | Relational Database Management System Lab - CD | RDBMS Lab - Jyothi Shetty, Swathi Pai M']), ('D', ['Compiler Design - CD - Shashank Shetty', 'Relational Database Management System - RDBMS - Sudeepa K B', 'Microprocessors and Peripherals - MP - Shilpa M K', 'Software Engineering - SE - Naveen Chandavarkar', 'Operating Systems - OS - Sharada Uday Shenoy', 'Employability Skill Development - ESD - -', 'Microprocessors and Peripherals Lab - MP Lab - Shilpa M K', 'Compiler Design | Relational Database Management System Lab - CD | RDBMS Lab - Shashank Shetty, Sudeepa K B']), ('C', ['Compiler Design - CD - Pallavi K N', 'Relational Database Management System - RDBMS - Rajashree', 'Microprocessors and Peripherals - MP - Krishna Prasad Rao', 'Software Engineering - SE - D K Sreekantha', 'Operating Systems - OS - Ramesha Shettigar', 'Operations Research - OR - Pawan Hegde', 'Employability Skill Development - ESD - -', 'Microprocessors and Peripherals Lab - MP Lab - Krishna Prasad Rao', 'Compiler Design | Relational Database Management System Lab - CD | RDBMS Lab - Pallavi K N, Rajashree'])])), ('III', OrderedDict([('A', ['Generating Functions and Transform Techniques Combinatorics - Maths - Maths Faculty', 'Digital System Design - DSD - Raghunandan K R', 'Discrete Mathematical Stuctures & Graph Theory - DMS - Uday Kumar Reddy', 'Computer Organization and Design - CO - Pradeep Nazareth', 'Data Structures - DS - Sannidhan M S', 'Data Communication - DC - Uday Kumar Shenoy', 'Data Structures | Digital System Design Lab - DS | DSD Lab - Sannidhan M S, Raghunandan K R']), ('B', ['Generating Functions and Transform Techniques Combinatorics - Maths - Maths Faculty', 'Digital System Design - DSD - Sannidhan M S', 'Discrete Mathematical Stuctures & Graph Theory - DMS - Minu P Abraham', 'Computer Organization and Design - CO - Raghunandan K R', 'Data Structures - DS - Asmitha Poojari', 'Data Communication - DC - Radhakrishna Dodmane', 'Data Structures | Digital System Design Lab - DS | DSD Lab - Asmitha Poojari, Sannidhan M S']), ('D', ['Generating Functions and Transform Techniques Combinatorics - Maths - Maths Faculty', 'Digital System Design - DSD - Pradeep Nazareth', 'Discrete Mathematical Stuctures & Graph Theory - DMS - Chandra Naik', 'Computer Organization and Design - CO - Uday Kumar Shenoy', 'Data Structures - DS - Shruthi', 'Data Communication - DC - Krishna Prasad Rao', 'Data Structures | Digital System Design Lab - DS | DSD Lab - Shruthi, Pradeep Nazareth']), ('C', ['Generating Functions and Transform Techniques Combinatorics - Maths - Maths Faculty', 'Digital System Design - DSD - Keerthana B C', 'Discrete Mathematical Stuctures & Graph Theory - DMS - Ravi B', 'Computer Organization and Design - CO - Anisha P Rodrigues', 'Data Structures - DS - Ramesha Shettigar', 'Data Communication - DC - Puneeth R P', 'Data Structures | Digital System Design Lab - DS | DSD Lab - Ramesha Shettigar, Keerthana B C'])]))])
DEBUG:tt_main:Resetting Third Window
DEBUG:tt_main:Resetting Fourth Window
DEBUG:tt_main:Resetting Fifth Window
DEBUG:tt_main:Resetting Elective Window
DEBUG:tt_main:Resetting Year Window
INFO:tt_main:Input type: Faculty
INFO:tt_main:Selected row in list: []
DEBUG:tt_main:Second Window
DEBUG:tt_main:Resetting/Populating Second Window
INFO:tt_main:Assigned Subjects: OrderedDict([('IV', OrderedDict()), ('VII', OrderedDict([('E', ['Mobile Application Development - MAD - Rajashree']), ('A', ['Object Oriented Modeling and Design - OOMD - Ranjan Kumar H S', 'Advanced Computer Architecture - ACA - Sandeep Hegde', 'Software Architecture - SA - Sandeep Hegde', 'Python Programming - PP - Pawan Hegde', 'Advanced Web Techniques - AWT - Roshan Fernandes', 'Machine Learning - ML - Sarika Hegde', 'Mobile Application Development - MAD - Shabari Shedthi B', 'Image Processing - IP - Mohammed Javed', 'Python Programming Lab - PP Lab - Pawan Hegde']), ('B', ['Object Oriented Modeling and Design - OOMD - Keerthana B C', 'Advanced Computer Architecture - ACA - Rajalaxmi Hegde', 'Software Architecture - SA - Shilpa M K', 'Python Programming - PP - Vijay Murari T', 'Advanced Web Techniques - AWT - Shashank Shetty', 'Machine Learning - ML - Minu P Abraham', 'Mobile Application Development - MAD - Ravi B', 'Python Programming Lab - PP Lab - Vijay Murari T']), ('D', ['Object Oriented Modeling and Design - OOMD - Puneeth R P', 'Advanced Computer Architecture - ACA - Shabari Shedthi B', 'Software Architecture - SA - Rajalaxmi Hegde', 'Python Programming - PP - Venugopala P S', 'Mobile Application Development - MAD - Ankitha A Nayak', 'Python Programming Lab - PP Lab - Venugopala P S']), ('C', ['Object Oriented Modeling and Design - OOMD - Sunil Kumar Aithal', 'Advanced Computer Architecture - ACA - Mohammed Javed', 'Software Architecture - SA - Sampath Kini', 'Python Programming - PP - Ranjan Kumar H S', 'Mobile Application Development - MAD - Venugopala P S', 'Python Programming Lab - PP Lab - Ranjan Kumar H S'])])), ('VIII', OrderedDict()), ('VI', OrderedDict()), ('V', OrderedDict([('A', ['Compiler Design - CD - Chandra Naik', 'Relational Database Management System - RDBMS - Radhakrishna Dodmane', 'Microprocessors and Peripherals - MP - Roshan Fernandes', 'Software Engineering - SE - Sudeepa K B', 'Operating Systems - OS - Jyothi Shetty', "Advanced Unix Programming - AUP - Divya Jennifer D'Souza", 'Operations Research - OR - Vijay Murari T', 'Employability Skill Development - ESD - -', 'Microprocessors and Peripherals Lab - MP Lab - Roshan Fernandes', 'Compiler Design | Relational Database Management System Lab - CD | RDBMS Lab - Chandra Naik, Radhakrishna Dodmane']), ('B', ['Compiler Design - CD - Jyothi Shetty', 'Relational Database Management System - RDBMS - Swathi Pai M', 'Microprocessors and Peripherals - MP - Anisha P Rodrigues', 'Software Engineering - SE - Sunil Kumar Aithal', 'Operating Systems - OS - Sampath Kini', 'Operations Research - OR - Asmitha Poojari', 'Employability Skill Development - ESD - -', 'Microprocessors and Peripherals Lab - MP Lab - Anisha P Rodrigues', 'Compiler Design | Relational Database Management System Lab - CD | RDBMS Lab - Jyothi Shetty, Swathi Pai M']), ('D', ['Compiler Design - CD - Shashank Shetty', 'Relational Database Management System - RDBMS - Sudeepa K B', 'Microprocessors and Peripherals - MP - Shilpa M K', 'Software Engineering - SE - Naveen Chandavarkar', 'Operating Systems - OS - Sharada Uday Shenoy', 'Employability Skill Development - ESD - -', 'Microprocessors and Peripherals Lab - MP Lab - Shilpa M K', 'Compiler Design | Relational Database Management System Lab - CD | RDBMS Lab - Shashank Shetty, Sudeepa K B']), ('C', ['Compiler Design - CD - Pallavi K N', 'Relational Database Management System - RDBMS - Rajashree', 'Microprocessors and Peripherals - MP - Krishna Prasad Rao', 'Software Engineering - SE - D K Sreekantha', 'Operating Systems - OS - Ramesha Shettigar', 'Operations Research - OR - Pawan Hegde', 'Employability Skill Development - ESD - -', 'Microprocessors and Peripherals Lab - MP Lab - Krishna Prasad Rao', 'Compiler Design | Relational Database Management System Lab - CD | RDBMS Lab - Pallavi K N, Rajashree'])])), ('III', OrderedDict([('A', ['Generating Functions and Transform Techniques Combinatorics - Maths - Maths Faculty', 'Digital System Design - DSD - Raghunandan K R', 'Discrete Mathematical Stuctures & Graph Theory - DMS - Uday Kumar Reddy', 'Computer Organization and Design - CO - Pradeep Nazareth', 'Data Structures - DS - Sannidhan M S', 'Data Communication - DC - Uday Kumar Shenoy', 'Data Structures | Digital System Design Lab - DS | DSD Lab - Sannidhan M S, Raghunandan K R']), ('B', ['Generating Functions and Transform Techniques Combinatorics - Maths - Maths Faculty', 'Digital System Design - DSD - Sannidhan M S', 'Discrete Mathematical Stuctures & Graph Theory - DMS - Minu P Abraham', 'Computer Organization and Design - CO - Raghunandan K R', 'Data Structures - DS - Asmitha Poojari', 'Data Communication - DC - Radhakrishna Dodmane', 'Data Structures | Digital System Design Lab - DS | DSD Lab - Asmitha Poojari, Sannidhan M S']), ('D', ['Generating Functions and Transform Techniques Combinatorics - Maths - Maths Faculty', 'Digital System Design - DSD - Pradeep Nazareth', 'Discrete Mathematical Stuctures & Graph Theory - DMS - Chandra Naik', 'Computer Organization and Design - CO - Uday Kumar Shenoy', 'Data Structures - DS - Shruthi', 'Data Communication - DC - Krishna Prasad Rao', 'Data Structures | Digital System Design Lab - DS | DSD Lab - Shruthi, Pradeep Nazareth']), ('C', ['Generating Functions and Transform Techniques Combinatorics - Maths - Maths Faculty', 'Digital System Design - DSD - Keerthana B C', 'Discrete Mathematical Stuctures & Graph Theory - DMS - Ravi B', 'Computer Organization and Design - CO - Anisha P Rodrigues', 'Data Structures - DS - Ramesha Shettigar', 'Data Communication - DC - Puneeth R P', 'Data Structures | Digital System Design Lab - DS | DSD Lab - Ramesha Shettigar, Keerthana B C'])]))])
INFO:tt_main:Displaying assigned subjects for Chandra Naik
INFO:tt_main:Faculty subject allotments: ['Discrete Mathematical Stuctures & Graph Theory - DMS - III D', 'Compiler Design - CD - V A', 'Compiler Design | Relational Database Management System Lab - CD | RDBMS Lab - V A']
INFO:tt_main:Displaying assigned subjects for V A
INFO:tt_main:Subject assignments: ['Compiler Design - CD - Chandra Naik', 'Relational Database Management System - RDBMS - Radhakrishna Dodmane', 'Microprocessors and Peripherals - MP - Roshan Fernandes', 'Software Engineering - SE - Sudeepa K B', 'Operating Systems - OS - Jyothi Shetty', "Advanced Unix Programming - AUP - Divya Jennifer D'Souza", 'Operations Research - OR - Vijay Murari T', 'Employability Skill Development - ESD - -', 'Microprocessors and Peripherals Lab - MP Lab - Roshan Fernandes', 'Compiler Design | Relational Database Management System Lab - CD | RDBMS Lab - Chandra Naik, Radhakrishna Dodmane']
INFO:tt_main:Displaying assigned subjects for Divya Jennifer D'Souza
INFO:tt_main:Faculty subject allotments: ['Advanced Unix Programming - AUP - V A']
INFO:tt_main:Displaying assigned subjects for Girish B G
INFO:tt_main:Faculty subject allotments: []
INFO:tt_main:Displaying assigned subjects for D K Sreekantha
INFO:tt_main:Faculty subject allotments: ['Software Engineering - SE - V C']
INFO:tt_main:Displaying assigned subjects for T.N Anitha
INFO:tt_main:Faculty subject allotments: []
DEBUG:tt_main:User has clicked on Exit/Finish/'X'
DEBUG:tt_main:User clicked Yes
DEBUG:tt_main:Quitting Program by user's choice, no errors
