INFO:tt_main:********************************************************************************************************************
INFO:tt_main:*                                           TIMETABLE GENERATOR                                                    *
INFO:tt_main:*                                                                                                                  *
INFO:tt_main:*                                                   BY:                                                            *
INFO:tt_main:*                                             BISHAL BUDHATHOKI                                                    *
INFO:tt_main:*                                             BIPLOVE SHAKYA                                                       *
INFO:tt_main:*                                             SHEKHAR PALIT                                                        *
INFO:tt_main:*                              Department of Computer Science & Engineering                                        *
INFO:tt_main:*                                                                                                                  *
INFO:tt_main:*                                                  FOR:                                                            *
INFO:tt_main:*                                   S.J.C. Institute of Technology, SJCIT                                          *
INFO:tt_main:********************************************************************************************************************
INFO:tt_main:Current Directory: D:\Projects\timetable-master\timetable-master
INFO:tt_main:Current screen resolution: 1366 768
INFO:tt_main:Resize ratio: 0.7
DEBUG:tt_main:Initializing and setting up year window
DEBUG:tt_main:Initializing and setting up first window
DEBUG:tt_main:Initializing and setting up elective window
DEBUG:tt_main:Initializing and setting up about window
DEBUG:tt_main:Initializing and setting up license window
DEBUG:tt_main:Initializing and setting up second window
DEBUG:tt_main:Initializing and setting up third window
DEBUG:tt_main:Initializing and setting up fourth window
DEBUG:tt_main:Initializing and setting up fifth window
DEBUG:tt_main:Year Window
INFO:tt_main:Academic year: January 2018 January 2018 Department: Computer Science & Engineering
DEBUG:tt_main:First Window
INFO:tt_main:File Menu option clicked: Load
DEBUG:tt_main:Load confirmed
INFO:tt_main:File name: D:/Projects/timetable-master/timetable-master/Sample Inputs/initial.json
INFO:tt_main:Loading from json file
DEBUG:tt_main:Success. Loaded all saved data from D:/Projects/timetable-master/timetable-master/Sample Inputs/initial.json
DEBUG:tt_main:Reset all windows and displaying 1st window
DEBUG:tt_main:Resetting First Window
DEBUG:tt_main:Resetting/Populating Second Window
INFO:tt_main:Assigned Subjects: OrderedDict([('III', OrderedDict()), ('IV', OrderedDict()), ('V', OrderedDict()), ('VI', OrderedDict([('A', []), ('B', [])])), ('VII', OrderedDict()), ('VIII', OrderedDict([('A', []), ('B', [])]))])
DEBUG:tt_main:Resetting Third Window
DEBUG:tt_main:Resetting Fourth Window
DEBUG:tt_main:Resetting Fifth Window
DEBUG:tt_main:Resetting Elective Window
DEBUG:tt_main:Resetting Year Window
INFO:tt_main:Input type: Faculty
INFO:tt_main:Selected row in list: []
INFO:tt_main:Input type: Subjects
INFO:tt_main:Selected row in list: []
INFO:tt_main:VI 2
INFO:tt_main:Selected row in list: []
INFO:tt_main:Selected row in list: []
DEBUG:tt_main:Elective button first form
INFO:tt_main:Elective Window
DEBUG:tt_main:Resetting Elective Window
INFO:tt_main:No of elective groups 2
DEBUG:tt_main:Elective button first form
INFO:tt_main:Elective Window
DEBUG:tt_main:Resetting Elective Window
INFO:tt_main:No of elective groups 0
INFO:tt_main:No of elective groups 2
INFO:tt_main:No of elective groups 3
INFO:tt_main:No of elective groups 2
INFO:tt_main:No of elective groups 1
DEBUG:tt_main:Add button elective form
DEBUG:tt_main:Adding AS elective to VIII in Elective 1
INFO:tt_main:Elective details(name, shortname, credits, lab) :AS AS 1 False
INFO:tt_main:Electives list: {'III': {}, 'IV': {}, 'V': {}, 'VI': {'Elective 1': [subject('MC', 'MC', 5, False, '8'), subject('PAP', 'PAP', 5, False, '9')]}, 'VII': {}, 'VIII': {'Elective 1': [subject('AS', 'AS', 1, False, 'AS')], 'Elective 2': []}}
DEBUG:tt_main:Add button elective form
DEBUG:tt_main:Adding QW elective to VIII in Elective 1
INFO:tt_main:Elective details(name, shortname, credits, lab) :QW QW 1 False
INFO:tt_main:Electives list: {'III': {}, 'IV': {}, 'V': {}, 'VI': {'Elective 1': [subject('MC', 'MC', 5, False, '8'), subject('PAP', 'PAP', 5, False, '9')]}, 'VII': {}, 'VIII': {'Elective 1': [subject('AS', 'AS', 1, False, 'AS'), subject('QW', 'QW', 1, False, 'QWQW')], 'Elective 2': []}}
DEBUG:tt_main:Elective button first form
INFO:tt_main:Selected row in list: []
DEBUG:tt_main:Remove button first form
DEBUG:tt_main:Subjects-AS - AS removed from the subject list.
INFO:tt_main:Faculty list: [faculty_class('Ajay H C', 'Prof.', 'Assistant Professor'), faculty_class('Ajay N', 'Prof.', 'Assistant Professor'), faculty_class('Apoorva S', 'Prof.', 'Assistant Professor'), faculty_class('Archana N', 'Prof.', 'Assistant Professor'), faculty_class('Bhararthi M', 'Dr.', 'Associate Professor'), faculty_class('Diwakar K M', 'Prof.', 'Assistant Professor'), faculty_class('Girish B G', 'Prof.', 'Assistant Professor'), faculty_class('Harshavardhan', 'Prof.', 'Assistant Professor'), faculty_class('Jagadish N', 'Prof.', 'Assistant Professor'), faculty_class('M. Seshaiah', 'Prof.', 'Assistant Professor'), faculty_class('Manjunath S', 'Prof.', 'Assistant Professor'), faculty_class('Murthy S V N', 'Dr.', 'Associate Professor'), faculty_class('Narendra Babu C', 'Prof.', 'Professor'), faculty_class('Pampana', 'Prof.', 'Associate Professor'), faculty_class('Pradeep Kumar', 'Prof.', 'Assistant Professor'), faculty_class('Rashmi K A', 'Prof.', 'Assistant Professor'), faculty_class('Shashikanth T S', 'Prof.', 'Assistant Professor'), faculty_class('Shrihari M R', 'Prof.', 'Assistant Professor'), faculty_class('Srinath G M', 'Prof.', 'Assistant Professor'), faculty_class('Srinivas Murthy H', 'Prof.', 'Associate Professor'), faculty_class('Sushmitha M', 'Prof.', 'Assistant Professor'), faculty_class('Swetha T', 'Prof.', 'Assistant Professor'), faculty_class('T.N Anitha', 'Dr.', 'Head of Department'), faculty_class('Venkatesh K M', 'Prof.', 'Assistant Professor'), faculty_class('Vijay G R', 'Prof.', 'Associate Professor'), faculty_class('Vikas Reddy.S', 'Prof.', 'Assistant Professor'), faculty_class('Vinutha K', 'Prof.', 'Assistant Professor')]
INFO:tt_main:Subjects list: OrderedDict([('III', []), ('IV', []), ('V', []), ('VI', [subject('CNC', 'CNC', 5, False, '7'), subject('OR', 'OR', 5, False, '4'), subject('PAP', 'PAP', 5, False, '9'), subject('SS&OS LAB', 'SS&OS LAB', 3, False, '6'), subject('OS', 'OS', 5, False, '3'), subject('CG LAB', 'CG LAB', 3, True, '2'), subject('MC', 'MC', 5, False, '8'), subject('CGV', 'CGV', 5, False, '1'), subject('SS&CD', 'SS&CD', 5, False, '5')]), ('VII', []), ('VIII', [subject('QW', 'QW', 1, False, 'QWQW')])])
DEBUG:tt_main:Remove button first form
DEBUG:tt_main:Subjects-QW - QW removed from the subject list.
INFO:tt_main:Faculty list: [faculty_class('Ajay H C', 'Prof.', 'Assistant Professor'), faculty_class('Ajay N', 'Prof.', 'Assistant Professor'), faculty_class('Apoorva S', 'Prof.', 'Assistant Professor'), faculty_class('Archana N', 'Prof.', 'Assistant Professor'), faculty_class('Bhararthi M', 'Dr.', 'Associate Professor'), faculty_class('Diwakar K M', 'Prof.', 'Assistant Professor'), faculty_class('Girish B G', 'Prof.', 'Assistant Professor'), faculty_class('Harshavardhan', 'Prof.', 'Assistant Professor'), faculty_class('Jagadish N', 'Prof.', 'Assistant Professor'), faculty_class('M. Seshaiah', 'Prof.', 'Assistant Professor'), faculty_class('Manjunath S', 'Prof.', 'Assistant Professor'), faculty_class('Murthy S V N', 'Dr.', 'Associate Professor'), faculty_class('Narendra Babu C', 'Prof.', 'Professor'), faculty_class('Pampana', 'Prof.', 'Associate Professor'), faculty_class('Pradeep Kumar', 'Prof.', 'Assistant Professor'), faculty_class('Rashmi K A', 'Prof.', 'Assistant Professor'), faculty_class('Shashikanth T S', 'Prof.', 'Assistant Professor'), faculty_class('Shrihari M R', 'Prof.', 'Assistant Professor'), faculty_class('Srinath G M', 'Prof.', 'Assistant Professor'), faculty_class('Srinivas Murthy H', 'Prof.', 'Associate Professor'), faculty_class('Sushmitha M', 'Prof.', 'Assistant Professor'), faculty_class('Swetha T', 'Prof.', 'Assistant Professor'), faculty_class('T.N Anitha', 'Dr.', 'Head of Department'), faculty_class('Venkatesh K M', 'Prof.', 'Assistant Professor'), faculty_class('Vijay G R', 'Prof.', 'Associate Professor'), faculty_class('Vikas Reddy.S', 'Prof.', 'Assistant Professor'), faculty_class('Vinutha K', 'Prof.', 'Assistant Professor')]
INFO:tt_main:Subjects list: OrderedDict([('III', []), ('IV', []), ('V', []), ('VI', [subject('CNC', 'CNC', 5, False, '7'), subject('OR', 'OR', 5, False, '4'), subject('PAP', 'PAP', 5, False, '9'), subject('SS&OS LAB', 'SS&OS LAB', 3, False, '6'), subject('OS', 'OS', 5, False, '3'), subject('CG LAB', 'CG LAB', 3, True, '2'), subject('MC', 'MC', 5, False, '8'), subject('CGV', 'CGV', 5, False, '1'), subject('SS&CD', 'SS&CD', 5, False, '5')]), ('VII', []), ('VIII', [])])
DEBUG:tt_main:Elective button first form
INFO:tt_main:Elective Window
DEBUG:tt_main:Resetting Elective Window
INFO:tt_main:No of elective groups 0
INFO:tt_main:No of elective groups 2
INFO:tt_main:No of elective groups 1
DEBUG:tt_main:Add button elective form
DEBUG:tt_main:Adding ST elective to VIII in Elective 1
INFO:tt_main:Elective details(name, shortname, credits, lab) :ST ST 1 False
INFO:tt_main:Electives list: {'III': {}, 'IV': {}, 'V': {}, 'VI': {'Elective 1': [subject('MC', 'MC', 5, False, '8'), subject('PAP', 'PAP', 5, False, '9')]}, 'VII': {}, 'VIII': {'Elective 1': [subject('ST', 'ST', 1, False, '12'), subject('QW', 'QW', 1, False, 'QWQW')], 'Elective 2': []}}
DEBUG:tt_main:Remove button elective form
ERROR:tt_main:Logging an uncaught exception
Traceback (most recent call last):
  File "D:/Projects/timetable-master/timetable-master/ui_controller.py", line 1064, in remove_btn_elective_event
    self.subjects[sem].remove(sub)
ValueError: list.remove(x): x not in list
