INFO:tt_main:********************************************************************************************************************
INFO:tt_main:*                                           TIMETABLE GENERATOR                                                    *
INFO:tt_main:*                                                                                                                  *
INFO:tt_main:*                                                   BY:                                                            *
INFO:tt_main:*                                             BISHAL BUDHATHOKI                                                    *
INFO:tt_main:*                                             BIPLOVE SHAKYA                                                       *
INFO:tt_main:*                                             SHEKHAR PALIT                                                        *
INFO:tt_main:*                              Department of Computer Science & Engineering                                        *
INFO:tt_main:*                                                                                                                  *
INFO:tt_main:*                                                  FOR:                                                            *
INFO:tt_main:*                                   S.J.C. Institute of Technology, SJCIT                                          *
INFO:tt_main:********************************************************************************************************************
INFO:tt_main:Current Directory: D:\Projects\timetable-master\timetable-master
INFO:tt_main:Current screen resolution: 1366 768
INFO:tt_main:Resize ratio: 0.7
DEBUG:tt_main:Initializing and setting up year window
DEBUG:tt_main:Initializing and setting up first window
DEBUG:tt_main:Initializing and setting up elective window
DEBUG:tt_main:Initializing and setting up about window
DEBUG:tt_main:Initializing and setting up license window
DEBUG:tt_main:Initializing and setting up second window
DEBUG:tt_main:Initializing and setting up third window
DEBUG:tt_main:Initializing and setting up fourth window
DEBUG:tt_main:Initializing and setting up fifth window
DEBUG:tt_main:Year Window
INFO:tt_main:Academic year: January 2018 January 2018 Department: Computer Science & Engineering
DEBUG:tt_main:First Window
INFO:tt_main:File Menu option clicked: Load
DEBUG:tt_main:Load confirmed
INFO:tt_main:File name: D:/Projects/timetable-master/timetable-master/Sample Inputs/initial.json
INFO:tt_main:Loading from json file
DEBUG:tt_main:Success. Loaded all saved data from D:/Projects/timetable-master/timetable-master/Sample Inputs/initial.json
DEBUG:tt_main:Reset all windows and displaying 1st window
DEBUG:tt_main:Resetting First Window
DEBUG:tt_main:Resetting/Populating Second Window
INFO:tt_main:Assigned Subjects: OrderedDict([('III', OrderedDict()), ('IV', OrderedDict()), ('V', OrderedDict()), ('VI', OrderedDict([('A', []), ('B', [])])), ('VII', OrderedDict()), ('VIII', OrderedDict([('A', []), ('B', [])]))])
DEBUG:tt_main:Resetting Third Window
DEBUG:tt_main:Resetting Fourth Window
DEBUG:tt_main:Resetting Fifth Window
DEBUG:tt_main:Resetting Elective Window
DEBUG:tt_main:Resetting Year Window
INFO:tt_main:Input type: Faculty
INFO:tt_main:Selected row in list: []
INFO:tt_main:Input type: Subjects
INFO:tt_main:Selected row in list: []
INFO:tt_main:VI 2
INFO:tt_main:Selected row in list: []
INFO:tt_main:Selected row in list: []
DEBUG:tt_main:Elective button first form
INFO:tt_main:Elective Window
DEBUG:tt_main:Resetting Elective Window
INFO:tt_main:No of elective groups 2
DEBUG:tt_main:Add button first form
DEBUG:tt_main:Adding new item
DEBUG:tt_main:Input type: Subjects
INFO:tt_main:Subject details(name, shortname, credits, lab) :SA SA 5 False
INFO:tt_main:Faculty list: [faculty_class('Ajay H C', 'Prof.', 'Assistant Professor'), faculty_class('Ajay N', 'Prof.', 'Assistant Professor'), faculty_class('Apoorva S', 'Prof.', 'Assistant Professor'), faculty_class('Archana N', 'Prof.', 'Assistant Professor'), faculty_class('Bhararthi M', 'Dr.', 'Associate Professor'), faculty_class('Diwakar K M', 'Prof.', 'Assistant Professor'), faculty_class('Girish B G', 'Prof.', 'Assistant Professor'), faculty_class('Harshavardhan', 'Prof.', 'Assistant Professor'), faculty_class('Jagadish N', 'Prof.', 'Assistant Professor'), faculty_class('M. Seshaiah', 'Prof.', 'Assistant Professor'), faculty_class('Manjunath S', 'Prof.', 'Assistant Professor'), faculty_class('Murthy S V N', 'Dr.', 'Associate Professor'), faculty_class('Narendra Babu C', 'Prof.', 'Professor'), faculty_class('Pampana', 'Prof.', 'Associate Professor'), faculty_class('Pradeep Kumar', 'Prof.', 'Assistant Professor'), faculty_class('Rashmi K A', 'Prof.', 'Assistant Professor'), faculty_class('Shashikanth T S', 'Prof.', 'Assistant Professor'), faculty_class('Shrihari M R', 'Prof.', 'Assistant Professor'), faculty_class('Srinath G M', 'Prof.', 'Assistant Professor'), faculty_class('Srinivas Murthy H', 'Prof.', 'Associate Professor'), faculty_class('Sushmitha M', 'Prof.', 'Assistant Professor'), faculty_class('Swetha T', 'Prof.', 'Assistant Professor'), faculty_class('T.N Anitha', 'Dr.', 'Head of Department'), faculty_class('Venkatesh K M', 'Prof.', 'Assistant Professor'), faculty_class('Vijay G R', 'Prof.', 'Associate Professor'), faculty_class('Vikas Reddy.S', 'Prof.', 'Assistant Professor'), faculty_class('Vinutha K', 'Prof.', 'Assistant Professor')]
INFO:tt_main:Subjects list: OrderedDict([('III', []), ('IV', []), ('V', []), ('VI', [subject('CNC', 'CNC', 5, False, '7'), subject('CGV', 'CGV', 5, False, '1'), subject('MC', 'MC', 5, False, '8'), subject('CG LAB', 'CG LAB', 3, True, '2'), subject('SS&OS LAB', 'SS&OS LAB', 3, False, '6'), subject('PAP', 'PAP', 5, False, '9'), subject('OR', 'OR', 5, False, '4'), subject('SS&CD', 'SS&CD', 5, False, '5'), subject('OS', 'OS', 5, False, '3')]), ('VII', []), ('VIII', [subject('SA', 'SA', 5, False, '11')])])
DEBUG:tt_main:Add button first form
DEBUG:tt_main:Adding new item
DEBUG:tt_main:Input type: Subjects
INFO:tt_main:Subject details(name, shortname, credits, lab) :SMS SMS 5 False
INFO:tt_main:Faculty list: [faculty_class('Ajay H C', 'Prof.', 'Assistant Professor'), faculty_class('Ajay N', 'Prof.', 'Assistant Professor'), faculty_class('Apoorva S', 'Prof.', 'Assistant Professor'), faculty_class('Archana N', 'Prof.', 'Assistant Professor'), faculty_class('Bhararthi M', 'Dr.', 'Associate Professor'), faculty_class('Diwakar K M', 'Prof.', 'Assistant Professor'), faculty_class('Girish B G', 'Prof.', 'Assistant Professor'), faculty_class('Harshavardhan', 'Prof.', 'Assistant Professor'), faculty_class('Jagadish N', 'Prof.', 'Assistant Professor'), faculty_class('M. Seshaiah', 'Prof.', 'Assistant Professor'), faculty_class('Manjunath S', 'Prof.', 'Assistant Professor'), faculty_class('Murthy S V N', 'Dr.', 'Associate Professor'), faculty_class('Narendra Babu C', 'Prof.', 'Professor'), faculty_class('Pampana', 'Prof.', 'Associate Professor'), faculty_class('Pradeep Kumar', 'Prof.', 'Assistant Professor'), faculty_class('Rashmi K A', 'Prof.', 'Assistant Professor'), faculty_class('Shashikanth T S', 'Prof.', 'Assistant Professor'), faculty_class('Shrihari M R', 'Prof.', 'Assistant Professor'), faculty_class('Srinath G M', 'Prof.', 'Assistant Professor'), faculty_class('Srinivas Murthy H', 'Prof.', 'Associate Professor'), faculty_class('Sushmitha M', 'Prof.', 'Assistant Professor'), faculty_class('Swetha T', 'Prof.', 'Assistant Professor'), faculty_class('T.N Anitha', 'Dr.', 'Head of Department'), faculty_class('Venkatesh K M', 'Prof.', 'Assistant Professor'), faculty_class('Vijay G R', 'Prof.', 'Associate Professor'), faculty_class('Vikas Reddy.S', 'Prof.', 'Assistant Professor'), faculty_class('Vinutha K', 'Prof.', 'Assistant Professor')]
INFO:tt_main:Subjects list: OrderedDict([('III', []), ('IV', []), ('V', []), ('VI', [subject('CNC', 'CNC', 5, False, '7'), subject('CGV', 'CGV', 5, False, '1'), subject('MC', 'MC', 5, False, '8'), subject('CG LAB', 'CG LAB', 3, True, '2'), subject('SS&OS LAB', 'SS&OS LAB', 3, False, '6'), subject('PAP', 'PAP', 5, False, '9'), subject('OR', 'OR', 5, False, '4'), subject('SS&CD', 'SS&CD', 5, False, '5'), subject('OS', 'OS', 5, False, '3')]), ('VII', []), ('VIII', [subject('SA', 'SA', 5, False, '11'), subject('SMS', 'SMS', 5, False, '12')])])
DEBUG:tt_main:Add button first form
DEBUG:tt_main:Adding new item
DEBUG:tt_main:Input type: Subjects
INFO:tt_main:Subject details(name, shortname, credits, lab) :PS PS 5 False
INFO:tt_main:Faculty list: [faculty_class('Ajay H C', 'Prof.', 'Assistant Professor'), faculty_class('Ajay N', 'Prof.', 'Assistant Professor'), faculty_class('Apoorva S', 'Prof.', 'Assistant Professor'), faculty_class('Archana N', 'Prof.', 'Assistant Professor'), faculty_class('Bhararthi M', 'Dr.', 'Associate Professor'), faculty_class('Diwakar K M', 'Prof.', 'Assistant Professor'), faculty_class('Girish B G', 'Prof.', 'Assistant Professor'), faculty_class('Harshavardhan', 'Prof.', 'Assistant Professor'), faculty_class('Jagadish N', 'Prof.', 'Assistant Professor'), faculty_class('M. Seshaiah', 'Prof.', 'Assistant Professor'), faculty_class('Manjunath S', 'Prof.', 'Assistant Professor'), faculty_class('Murthy S V N', 'Dr.', 'Associate Professor'), faculty_class('Narendra Babu C', 'Prof.', 'Professor'), faculty_class('Pampana', 'Prof.', 'Associate Professor'), faculty_class('Pradeep Kumar', 'Prof.', 'Assistant Professor'), faculty_class('Rashmi K A', 'Prof.', 'Assistant Professor'), faculty_class('Shashikanth T S', 'Prof.', 'Assistant Professor'), faculty_class('Shrihari M R', 'Prof.', 'Assistant Professor'), faculty_class('Srinath G M', 'Prof.', 'Assistant Professor'), faculty_class('Srinivas Murthy H', 'Prof.', 'Associate Professor'), faculty_class('Sushmitha M', 'Prof.', 'Assistant Professor'), faculty_class('Swetha T', 'Prof.', 'Assistant Professor'), faculty_class('T.N Anitha', 'Dr.', 'Head of Department'), faculty_class('Venkatesh K M', 'Prof.', 'Assistant Professor'), faculty_class('Vijay G R', 'Prof.', 'Associate Professor'), faculty_class('Vikas Reddy.S', 'Prof.', 'Assistant Professor'), faculty_class('Vinutha K', 'Prof.', 'Assistant Professor')]
INFO:tt_main:Subjects list: OrderedDict([('III', []), ('IV', []), ('V', []), ('VI', [subject('CNC', 'CNC', 5, False, '7'), subject('CGV', 'CGV', 5, False, '1'), subject('MC', 'MC', 5, False, '8'), subject('CG LAB', 'CG LAB', 3, True, '2'), subject('SS&OS LAB', 'SS&OS LAB', 3, False, '6'), subject('PAP', 'PAP', 5, False, '9'), subject('OR', 'OR', 5, False, '4'), subject('SS&CD', 'SS&CD', 5, False, '5'), subject('OS', 'OS', 5, False, '3')]), ('VII', []), ('VIII', [subject('SA', 'SA', 5, False, '11'), subject('SMS', 'SMS', 5, False, '12'), subject('PS', 'PS', 5, False, '13')])])
DEBUG:tt_main:Add button first form
DEBUG:tt_main:Adding new item
DEBUG:tt_main:Input type: Subjects
INFO:tt_main:Subject details(name, shortname, credits, lab) :TS TS 5 False
INFO:tt_main:Faculty list: [faculty_class('Ajay H C', 'Prof.', 'Assistant Professor'), faculty_class('Ajay N', 'Prof.', 'Assistant Professor'), faculty_class('Apoorva S', 'Prof.', 'Assistant Professor'), faculty_class('Archana N', 'Prof.', 'Assistant Professor'), faculty_class('Bhararthi M', 'Dr.', 'Associate Professor'), faculty_class('Diwakar K M', 'Prof.', 'Assistant Professor'), faculty_class('Girish B G', 'Prof.', 'Assistant Professor'), faculty_class('Harshavardhan', 'Prof.', 'Assistant Professor'), faculty_class('Jagadish N', 'Prof.', 'Assistant Professor'), faculty_class('M. Seshaiah', 'Prof.', 'Assistant Professor'), faculty_class('Manjunath S', 'Prof.', 'Assistant Professor'), faculty_class('Murthy S V N', 'Dr.', 'Associate Professor'), faculty_class('Narendra Babu C', 'Prof.', 'Professor'), faculty_class('Pampana', 'Prof.', 'Associate Professor'), faculty_class('Pradeep Kumar', 'Prof.', 'Assistant Professor'), faculty_class('Rashmi K A', 'Prof.', 'Assistant Professor'), faculty_class('Shashikanth T S', 'Prof.', 'Assistant Professor'), faculty_class('Shrihari M R', 'Prof.', 'Assistant Professor'), faculty_class('Srinath G M', 'Prof.', 'Assistant Professor'), faculty_class('Srinivas Murthy H', 'Prof.', 'Associate Professor'), faculty_class('Sushmitha M', 'Prof.', 'Assistant Professor'), faculty_class('Swetha T', 'Prof.', 'Assistant Professor'), faculty_class('T.N Anitha', 'Dr.', 'Head of Department'), faculty_class('Venkatesh K M', 'Prof.', 'Assistant Professor'), faculty_class('Vijay G R', 'Prof.', 'Associate Professor'), faculty_class('Vikas Reddy.S', 'Prof.', 'Assistant Professor'), faculty_class('Vinutha K', 'Prof.', 'Assistant Professor')]
INFO:tt_main:Subjects list: OrderedDict([('III', []), ('IV', []), ('V', []), ('VI', [subject('CNC', 'CNC', 5, False, '7'), subject('CGV', 'CGV', 5, False, '1'), subject('MC', 'MC', 5, False, '8'), subject('CG LAB', 'CG LAB', 3, True, '2'), subject('SS&OS LAB', 'SS&OS LAB', 3, False, '6'), subject('PAP', 'PAP', 5, False, '9'), subject('OR', 'OR', 5, False, '4'), subject('SS&CD', 'SS&CD', 5, False, '5'), subject('OS', 'OS', 5, False, '3')]), ('VII', []), ('VIII', [subject('SA', 'SA', 5, False, '11'), subject('SMS', 'SMS', 5, False, '12'), subject('PS', 'PS', 5, False, '13'), subject('TS', 'TS', 5, False, '14')])])
DEBUG:tt_main:Elective button first form
INFO:tt_main:Elective Window
DEBUG:tt_main:Resetting Elective Window
INFO:tt_main:No of elective groups 0
INFO:tt_main:No of elective groups 2
DEBUG:tt_main:Add button elective form
DEBUG:tt_main:Adding CGC elective to VIII in Elective 1
INFO:tt_main:Elective details(name, shortname, credits, lab) :CGC CGC 5 False
INFO:tt_main:Electives list: {'III': {}, 'IV': {}, 'V': {}, 'VI': {'Elective 1': [subject('MC', 'MC', 5, False, '8'), subject('PAP', 'PAP', 5, False, '9')]}, 'VII': {}, 'VIII': {'Elective 1': [subject('CGC', 'CGC', 5, False, '16')], 'Elective 2': []}}
DEBUG:tt_main:Add button elective form
DEBUG:tt_main:Adding ST elective to VIII in Elective 1
INFO:tt_main:Elective details(name, shortname, credits, lab) :ST ST 5 False
INFO:tt_main:Electives list: {'III': {}, 'IV': {}, 'V': {}, 'VI': {'Elective 1': [subject('MC', 'MC', 5, False, '8'), subject('PAP', 'PAP', 5, False, '9')]}, 'VII': {}, 'VIII': {'Elective 1': [subject('CGC', 'CGC', 5, False, '16'), subject('ST', 'ST', 5, False, '17')], 'Elective 2': []}}
DEBUG:tt_main:Add button elective form
DEBUG:tt_main:Adding NMS elective to VIII in Elective 2
INFO:tt_main:Elective details(name, shortname, credits, lab) :NMS NMS 5 False
INFO:tt_main:Electives list: {'III': {}, 'IV': {}, 'V': {}, 'VI': {'Elective 1': [subject('MC', 'MC', 5, False, '8'), subject('PAP', 'PAP', 5, False, '9')]}, 'VII': {}, 'VIII': {'Elective 1': [subject('CGC', 'CGC', 5, False, '16'), subject('ST', 'ST', 5, False, '17')], 'Elective 2': [subject('NMS', 'NMS', 5, False, '18')]}}
DEBUG:tt_main:Add button elective form
DEBUG:tt_main:Adding INS elective to VIII in Elective 2
INFO:tt_main:Elective details(name, shortname, credits, lab) :INS INS 5 False
INFO:tt_main:Electives list: {'III': {}, 'IV': {}, 'V': {}, 'VI': {'Elective 1': [subject('MC', 'MC', 5, False, '8'), subject('PAP', 'PAP', 5, False, '9')]}, 'VII': {}, 'VIII': {'Elective 1': [subject('CGC', 'CGC', 5, False, '16'), subject('ST', 'ST', 5, False, '17')], 'Elective 2': [subject('NMS', 'NMS', 5, False, '18'), subject('INS', 'INS', 5, False, '19')]}}
DEBUG:tt_main:Elective button first form
INFO:tt_main:Selected row in list: []
INFO:tt_main:Selected row in list: []
INFO:tt_main:File Menu option clicked: Save As
DEBUG:tt_main:Save file dialog
INFO:tt_main:File name: D:/Projects/timetable-master/timetable-master/Sample Inputs/initial.json
INFO:tt_main:Saving as json file
DEBUG:tt_main:Success. Saved to D:/Projects/timetable-master/timetable-master/Sample Inputs/initial.json
DEBUG:tt_main:Second Window
DEBUG:tt_main:Resetting/Populating Second Window
INFO:tt_main:Assigned Subjects: OrderedDict([('III', OrderedDict()), ('IV', OrderedDict()), ('V', OrderedDict()), ('VI', OrderedDict([('A', []), ('B', [])])), ('VII', OrderedDict()), ('VIII', OrderedDict([('A', []), ('B', [])]))])
INFO:tt_main:Displaying assigned subjects for VIII A
INFO:tt_main:Subject assignments: []
INFO:tt_main:Displaying assigned subjects for Apoorva S
INFO:tt_main:Faculty subject allotments: []
INFO:tt_main:Displaying assigned subjects for VIII A
INFO:tt_main:Subject assignments: ['SA - SA - Apoorva S']
INFO:tt_main:Subject assignments
INFO:tt_main:Faculty subject allotments
INFO:tt_main:Displaying assigned subjects for Bhararthi M
INFO:tt_main:Faculty subject allotments: []
INFO:tt_main:Displaying assigned subjects for VIII A
INFO:tt_main:Subject assignments: ['SA - SA - Apoorva S', 'SMS - SMS - Bhararthi M']
INFO:tt_main:Subject assignments
INFO:tt_main:Faculty subject allotments
INFO:tt_main:Displaying assigned subjects for VIII B
INFO:tt_main:Subject assignments: []
INFO:tt_main:Displaying assigned subjects for VIII A
INFO:tt_main:Subject assignments: ['SA - SA - Apoorva S', 'SMS - SMS - Bhararthi M']
INFO:tt_main:Displaying assigned subjects for VIII A
INFO:tt_main:Subject assignments: ['SA - SA - Apoorva S', 'SMS - SMS - Bhararthi M']
INFO:tt_main:Displaying assigned subjects for Ajay N
INFO:tt_main:Faculty subject allotments: []
INFO:tt_main:Displaying assigned subjects for VIII A
INFO:tt_main:Subject assignments: ['SA - SA - Apoorva S', 'SMS - SMS - Bhararthi M', 'PS - PS - Ajay N']
INFO:tt_main:Subject assignments
INFO:tt_main:Faculty subject allotments
INFO:tt_main:Displaying assigned subjects for Srinath G M
INFO:tt_main:Faculty subject allotments: []
INFO:tt_main:Displaying assigned subjects for VIII A
INFO:tt_main:Subject assignments: ['SA - SA - Apoorva S', 'SMS - SMS - Bhararthi M', 'PS - PS - Ajay N', 'TS - TS - Srinath G M']
INFO:tt_main:Subject assignments
INFO:tt_main:Faculty subject allotments
INFO:tt_main:Displaying assigned subjects for Vinutha K
INFO:tt_main:Faculty subject allotments: []
INFO:tt_main:Displaying assigned subjects for VIII A
INFO:tt_main:Subject assignments: ['SA - SA - Apoorva S', 'SMS - SMS - Bhararthi M', 'PS - PS - Ajay N', 'TS - TS - Srinath G M', 'CGC - CGC - Vinutha K']
INFO:tt_main:Subject assignments
INFO:tt_main:Faculty subject allotments
INFO:tt_main:Displaying assigned subjects for Ajay H C
INFO:tt_main:Faculty subject allotments: []
INFO:tt_main:Displaying assigned subjects for VIII A
INFO:tt_main:Subject assignments: ['SA - SA - Apoorva S', 'SMS - SMS - Bhararthi M', 'PS - PS - Ajay N', 'TS - TS - Srinath G M', 'CGC - CGC - Vinutha K', 'ST - ST - Ajay H C']
INFO:tt_main:Subject assignments
INFO:tt_main:Faculty subject allotments
INFO:tt_main:Displaying assigned subjects for VIII B
INFO:tt_main:Subject assignments: []
INFO:tt_main:Displaying assigned subjects for VIII B
INFO:tt_main:Subject assignments: ['ST - ST - Ajay H C']
INFO:tt_main:Subject assignments
INFO:tt_main:Faculty subject allotments
INFO:tt_main:Displaying assigned subjects for Rashmi K A
INFO:tt_main:Faculty subject allotments: []
INFO:tt_main:Displaying assigned subjects for VIII B
INFO:tt_main:Subject assignments: ['ST - ST - Ajay H C', 'INS - INS - Rashmi K A']
INFO:tt_main:Subject assignments
INFO:tt_main:Faculty subject allotments
INFO:tt_main:Displaying assigned subjects for VIII A
INFO:tt_main:Subject assignments: ['SA - SA - Apoorva S', 'SMS - SMS - Bhararthi M', 'PS - PS - Ajay N', 'TS - TS - Srinath G M', 'CGC - CGC - Vinutha K', 'ST - ST - Ajay H C']
INFO:tt_main:Displaying assigned subjects for Harshavardhan
INFO:tt_main:Faculty subject allotments: []
INFO:tt_main:Displaying assigned subjects for VIII A
INFO:tt_main:Subject assignments: ['SA - SA - Apoorva S', 'SMS - SMS - Bhararthi M', 'PS - PS - Ajay N', 'TS - TS - Srinath G M', 'CGC - CGC - Vinutha K', 'ST - ST - Ajay H C', 'INS - INS - Harshavardhan']
INFO:tt_main:Subject assignments
INFO:tt_main:Faculty subject allotments
INFO:tt_main:Displaying assigned subjects for Venkatesh K M
INFO:tt_main:Faculty subject allotments: []
INFO:tt_main:Displaying assigned subjects for VIII A
INFO:tt_main:Subject assignments: ['SA - SA - Apoorva S', 'SMS - SMS - Bhararthi M', 'PS - PS - Ajay N', 'TS - TS - Srinath G M', 'CGC - CGC - Vinutha K', 'ST - ST - Ajay H C', 'INS - INS - Harshavardhan', 'NMS - NMS - Venkatesh K M']
INFO:tt_main:Subject assignments
INFO:tt_main:Faculty subject allotments
INFO:tt_main:Displaying assigned subjects for VIII B
INFO:tt_main:Subject assignments: ['ST - ST - Ajay H C', 'INS - INS - Rashmi K A']
INFO:tt_main:Displaying assigned subjects for Jagadish N
INFO:tt_main:Faculty subject allotments: []
INFO:tt_main:Displaying assigned subjects for VIII B
INFO:tt_main:Subject assignments: ['ST - ST - Ajay H C', 'INS - INS - Rashmi K A', 'SA - SA - Jagadish N']
INFO:tt_main:Subject assignments
INFO:tt_main:Faculty subject allotments
INFO:tt_main:Displaying assigned subjects for Srinivas Murthy H
INFO:tt_main:Faculty subject allotments: []
INFO:tt_main:Displaying assigned subjects for VIII B
INFO:tt_main:Subject assignments: ['ST - ST - Ajay H C', 'INS - INS - Rashmi K A', 'SA - SA - Jagadish N', 'SMS - SMS - Srinivas Murthy H']
INFO:tt_main:Subject assignments
INFO:tt_main:Faculty subject allotments
INFO:tt_main:Displaying assigned subjects for Sushmitha M
INFO:tt_main:Faculty subject allotments: []
INFO:tt_main:Displaying assigned subjects for VIII B
INFO:tt_main:Subject assignments: ['ST - ST - Ajay H C', 'INS - INS - Rashmi K A', 'SA - SA - Jagadish N', 'SMS - SMS - Srinivas Murthy H', 'CGC - CGC - Sushmitha M']
INFO:tt_main:Subject assignments
INFO:tt_main:Faculty subject allotments
INFO:tt_main:Displaying assigned subjects for Venkatesh K M
INFO:tt_main:Faculty subject allotments: ['NMS - NMS - VIII A']
INFO:tt_main:Displaying assigned subjects for VIII B
INFO:tt_main:Subject assignments: ['ST - ST - Ajay H C', 'INS - INS - Rashmi K A', 'SA - SA - Jagadish N', 'SMS - SMS - Srinivas Murthy H', 'CGC - CGC - Sushmitha M', 'NMS - NMS - Venkatesh K M']
INFO:tt_main:Subject assignments
INFO:tt_main:Faculty subject allotments
INFO:tt_main:Displaying assigned subjects for Rashmi K A
INFO:tt_main:Faculty subject allotments: ['INS - INS - VIII B']
INFO:tt_main:Displaying assigned subjects for Rashmi K A
INFO:tt_main:Faculty subject allotments: ['INS - INS - VIII B']
INFO:tt_main:Displaying assigned subjects for Ajay N
INFO:tt_main:Faculty subject allotments: ['PS - PS - VIII A']
INFO:tt_main:Displaying assigned subjects for VIII A
INFO:tt_main:Subject assignments: ['SA - SA - Apoorva S', 'SMS - SMS - Bhararthi M', 'PS - PS - Ajay N', 'TS - TS - Srinath G M', 'CGC - CGC - Vinutha K', 'ST - ST - Ajay H C', 'INS - INS - Harshavardhan', 'NMS - NMS - Venkatesh K M']
INFO:tt_main:Displaying assigned subjects for VIII B
INFO:tt_main:Subject assignments: ['ST - ST - Ajay H C', 'INS - INS - Rashmi K A', 'SA - SA - Jagadish N', 'SMS - SMS - Srinivas Murthy H', 'CGC - CGC - Sushmitha M', 'NMS - NMS - Venkatesh K M']
INFO:tt_main:Displaying assigned subjects for Srinath G M
INFO:tt_main:Faculty subject allotments: ['TS - TS - VIII A']
INFO:tt_main:Displaying assigned subjects for VIII B
INFO:tt_main:Subject assignments: ['ST - ST - Ajay H C', 'INS - INS - Rashmi K A', 'SA - SA - Jagadish N', 'SMS - SMS - Srinivas Murthy H', 'CGC - CGC - Sushmitha M', 'NMS - NMS - Venkatesh K M', 'TS - TS - Srinath G M']
INFO:tt_main:Subject assignments
INFO:tt_main:Faculty subject allotments
INFO:tt_main:Displaying assigned subjects for Ajay N
INFO:tt_main:Faculty subject allotments: ['PS - PS - VIII A']
INFO:tt_main:Displaying assigned subjects for VIII B
INFO:tt_main:Subject assignments: ['ST - ST - Ajay H C', 'INS - INS - Rashmi K A', 'SA - SA - Jagadish N', 'SMS - SMS - Srinivas Murthy H', 'CGC - CGC - Sushmitha M', 'NMS - NMS - Venkatesh K M', 'TS - TS - Srinath G M', 'PS - PS - Ajay N']
INFO:tt_main:Subject assignments
INFO:tt_main:Faculty subject allotments
INFO:tt_main:Displaying assigned subjects for VI A
INFO:tt_main:Subject assignments: []
INFO:tt_main:Displaying assigned subjects for Girish B G
INFO:tt_main:Faculty subject allotments: []
INFO:tt_main:Displaying assigned subjects for Harshavardhan
INFO:tt_main:Faculty subject allotments: ['INS - INS - VIII A']
INFO:tt_main:Displaying assigned subjects for VI A
INFO:tt_main:Subject assignments: ['CNC - CNC - Harshavardhan']
INFO:tt_main:Subject assignments
INFO:tt_main:Faculty subject allotments
INFO:tt_main:Displaying assigned subjects for Sushmitha M
INFO:tt_main:Faculty subject allotments: ['CGC - CGC - VIII B']
INFO:tt_main:Displaying assigned subjects for VI A
INFO:tt_main:Subject assignments: ['CNC - CNC - Harshavardhan', 'CGV - CGV - Sushmitha M']
INFO:tt_main:Subject assignments
INFO:tt_main:Faculty subject allotments
INFO:tt_main:Displaying assigned subjects for Rashmi K A
INFO:tt_main:Faculty subject allotments: ['INS - INS - VIII B']
INFO:tt_main:Displaying assigned subjects for VI A
INFO:tt_main:Subject assignments: ['CNC - CNC - Harshavardhan', 'CGV - CGV - Sushmitha M', 'MC - MC - Rashmi K A']
INFO:tt_main:Subject assignments
INFO:tt_main:Faculty subject allotments
INFO:tt_main:Displaying assigned subjects for Sushmitha M
INFO:tt_main:Faculty subject allotments: ['CGC - CGC - VIII B', 'CGV - CGV - VI A']
INFO:tt_main:Displaying assigned subjects for VI A
INFO:tt_main:Subject assignments: ['CNC - CNC - Harshavardhan', 'CGV - CGV - Sushmitha M', 'MC - MC - Rashmi K A', 'CG LAB - CG LAB - Sushmitha M']
INFO:tt_main:Subject assignments
INFO:tt_main:Faculty subject allotments
INFO:tt_main:Displaying assigned subjects for Vinutha K
INFO:tt_main:Faculty subject allotments: ['CGC - CGC - VIII A']
INFO:tt_main:Displaying assigned subjects for VI A
INFO:tt_main:Subject assignments: ['CNC - CNC - Harshavardhan', 'CGV - CGV - Sushmitha M', 'MC - MC - Rashmi K A', 'CG LAB - CG LAB - Sushmitha M, Vinutha K']
INFO:tt_main:Subject assignments
INFO:tt_main:Faculty subject allotments
INFO:tt_main:Displaying assigned subjects for Vijay G R
INFO:tt_main:Faculty subject allotments: []
INFO:tt_main:Displaying assigned subjects for Girish B G
INFO:tt_main:Faculty subject allotments: []
INFO:tt_main:Displaying assigned subjects for VI A
INFO:tt_main:Subject assignments: ['CNC - CNC - Harshavardhan', 'CGV - CGV - Sushmitha M', 'MC - MC - Rashmi K A', 'CG LAB - CG LAB - Sushmitha M, Vinutha K, Girish B G']
INFO:tt_main:Subject assignments
INFO:tt_main:Faculty subject allotments
INFO:tt_main:Displaying assigned subjects for Shrihari M R
INFO:tt_main:Faculty subject allotments: []
INFO:tt_main:Displaying assigned subjects for VI A
INFO:tt_main:Subject assignments: ['CNC - CNC - Harshavardhan', 'CGV - CGV - Sushmitha M', 'MC - MC - Rashmi K A', 'CG LAB - CG LAB - Sushmitha M, Vinutha K, Girish B G', 'SS&OS LAB - SS&OS LAB - Shrihari M R']
INFO:tt_main:Subject assignments
INFO:tt_main:Faculty subject allotments
INFO:tt_main:Displaying assigned subjects for Ajay H C
INFO:tt_main:Faculty subject allotments: ['ST - ST - VIII A', 'ST - ST - VIII B']
DEBUG:tt_main:Warning! Duplicate assignment.
INFO:tt_main:Displaying assigned subjects for VI A
INFO:tt_main:Subject assignments: ['CNC - CNC - Harshavardhan', 'CGV - CGV - Sushmitha M', 'MC - MC - Rashmi K A', 'CG LAB - CG LAB - Sushmitha M, Vinutha K, Girish B G', 'SS&OS LAB - SS&OS LAB - Shrihari M R']
INFO:tt_main:Subject assignments
INFO:tt_main:Faculty subject allotments
DEBUG:tt_main:Warning! Duplicate assignment.
INFO:tt_main:Displaying assigned subjects for VI A
INFO:tt_main:Subject assignments: ['CNC - CNC - Harshavardhan', 'CGV - CGV - Sushmitha M', 'MC - MC - Rashmi K A', 'CG LAB - CG LAB - Sushmitha M, Vinutha K, Girish B G', 'SS&OS LAB - SS&OS LAB - Shrihari M R']
INFO:tt_main:Subject assignments
INFO:tt_main:Faculty subject allotments
INFO:tt_main:Displaying assigned subjects for Swetha T
INFO:tt_main:Faculty subject allotments: []
DEBUG:tt_main:Warning! Duplicate assignment.
INFO:tt_main:Displaying assigned subjects for VI A
INFO:tt_main:Subject assignments: ['CNC - CNC - Harshavardhan', 'CGV - CGV - Sushmitha M', 'MC - MC - Rashmi K A', 'CG LAB - CG LAB - Sushmitha M, Vinutha K, Girish B G', 'SS&OS LAB - SS&OS LAB - Shrihari M R']
INFO:tt_main:Subject assignments
INFO:tt_main:Faculty subject allotments
DEBUG:tt_main:Subject-faculty assignment: [SS&OS LAB - SS&OS LAB - Shrihari M R] removed
INFO:tt_main:Displaying assigned subjects for Shrihari M R
INFO:tt_main:Faculty subject allotments: []
INFO:tt_main:Displaying assigned subjects for VI A
INFO:tt_main:Subject assignments: ['CNC - CNC - Harshavardhan', 'CGV - CGV - Sushmitha M', 'MC - MC - Rashmi K A', 'CG LAB - CG LAB - Sushmitha M, Vinutha K, Girish B G', 'SS&OS LAB - SS&OS LAB - Shrihari M R']
INFO:tt_main:Subject assignments
INFO:tt_main:Faculty subject allotments
INFO:tt_main:Displaying assigned subjects for Swetha T
INFO:tt_main:Faculty subject allotments: []
DEBUG:tt_main:Warning! Duplicate assignment.
INFO:tt_main:Displaying assigned subjects for VI A
INFO:tt_main:Subject assignments: ['CNC - CNC - Harshavardhan', 'CGV - CGV - Sushmitha M', 'MC - MC - Rashmi K A', 'CG LAB - CG LAB - Sushmitha M, Vinutha K, Girish B G', 'SS&OS LAB - SS&OS LAB - Shrihari M R']
INFO:tt_main:Subject assignments
INFO:tt_main:Faculty subject allotments
DEBUG:tt_main:Subject-faculty assignment: [SS&OS LAB - SS&OS LAB - Shrihari M R] removed
INFO:tt_main:Displaying assigned subjects for Shrihari M R
INFO:tt_main:Faculty subject allotments: []
INFO:tt_main:Displaying assigned subjects for VI A
INFO:tt_main:Subject assignments: ['CNC - CNC - Harshavardhan', 'CGV - CGV - Sushmitha M', 'MC - MC - Rashmi K A', 'CG LAB - CG LAB - Sushmitha M, Vinutha K, Girish B G', 'SS&OS LAB - SS&OS LAB - Shrihari M R']
INFO:tt_main:Subject assignments
INFO:tt_main:Faculty subject allotments
INFO:tt_main:Displaying assigned subjects for Shashikanth T S
INFO:tt_main:Faculty subject allotments: []
INFO:tt_main:Displaying assigned subjects for VI A
INFO:tt_main:Subject assignments: ['CNC - CNC - Harshavardhan', 'CGV - CGV - Sushmitha M', 'MC - MC - Rashmi K A', 'CG LAB - CG LAB - Sushmitha M, Vinutha K, Girish B G', 'SS&OS LAB - SS&OS LAB - Shrihari M R', 'PAP - PAP - Shashikanth T S']
INFO:tt_main:Subject assignments
INFO:tt_main:Faculty subject allotments
INFO:tt_main:Displaying assigned subjects for Girish B G
INFO:tt_main:Faculty subject allotments: ['CG LAB - CG LAB - VI A']
INFO:tt_main:Displaying assigned subjects for VI A
INFO:tt_main:Subject assignments: ['CNC - CNC - Harshavardhan', 'CGV - CGV - Sushmitha M', 'MC - MC - Rashmi K A', 'CG LAB - CG LAB - Sushmitha M, Vinutha K, Girish B G', 'SS&OS LAB - SS&OS LAB - Shrihari M R', 'PAP - PAP - Shashikanth T S', 'OR - OR - Girish B G']
INFO:tt_main:Subject assignments
INFO:tt_main:Faculty subject allotments
INFO:tt_main:Displaying assigned subjects for Shrihari M R
INFO:tt_main:Faculty subject allotments: ['SS&OS LAB - SS&OS LAB - VI A']
INFO:tt_main:Displaying assigned subjects for VI A
INFO:tt_main:Subject assignments: ['CNC - CNC - Harshavardhan', 'CGV - CGV - Sushmitha M', 'MC - MC - Rashmi K A', 'CG LAB - CG LAB - Sushmitha M, Vinutha K, Girish B G', 'SS&OS LAB - SS&OS LAB - Shrihari M R', 'PAP - PAP - Shashikanth T S', 'OR - OR - Girish B G', 'SS&CD - SS&CD - Shrihari M R']
INFO:tt_main:Subject assignments
INFO:tt_main:Faculty subject allotments
INFO:tt_main:Displaying assigned subjects for Bhararthi M
INFO:tt_main:Faculty subject allotments: ['SMS - SMS - VIII A']
INFO:tt_main:Displaying assigned subjects for VI A
INFO:tt_main:Subject assignments: ['CNC - CNC - Harshavardhan', 'CGV - CGV - Sushmitha M', 'MC - MC - Rashmi K A', 'CG LAB - CG LAB - Sushmitha M, Vinutha K, Girish B G', 'SS&OS LAB - SS&OS LAB - Shrihari M R', 'PAP - PAP - Shashikanth T S', 'OR - OR - Girish B G', 'SS&CD - SS&CD - Shrihari M R', 'OS - OS - Bhararthi M']
INFO:tt_main:Subject assignments
INFO:tt_main:Faculty subject allotments
INFO:tt_main:Displaying assigned subjects for VI B
INFO:tt_main:Subject assignments: []
INFO:tt_main:Displaying assigned subjects for Apoorva S
INFO:tt_main:Faculty subject allotments: ['SA - SA - VIII A']
INFO:tt_main:Displaying assigned subjects for VI B
INFO:tt_main:Subject assignments: ['CNC - CNC - Apoorva S']
INFO:tt_main:Subject assignments
INFO:tt_main:Faculty subject allotments
INFO:tt_main:Displaying assigned subjects for Srinath G M
INFO:tt_main:Faculty subject allotments: ['TS - TS - VIII A', 'TS - TS - VIII B']
INFO:tt_main:Displaying assigned subjects for VI B
INFO:tt_main:Subject assignments: ['CNC - CNC - Apoorva S', 'CGV - CGV - Srinath G M']
INFO:tt_main:Subject assignments
INFO:tt_main:Faculty subject allotments
INFO:tt_main:Displaying assigned subjects for Srinath G M
INFO:tt_main:Faculty subject allotments: ['TS - TS - VIII A', 'TS - TS - VIII B', 'CGV - CGV - VI B']
INFO:tt_main:Displaying assigned subjects for VI B
INFO:tt_main:Subject assignments: ['CNC - CNC - Apoorva S', 'CGV - CGV - Srinath G M', 'CG LAB - CG LAB - Srinath G M']
INFO:tt_main:Subject assignments
INFO:tt_main:Faculty subject allotments
INFO:tt_main:Displaying assigned subjects for Narendra Babu C
INFO:tt_main:Faculty subject allotments: []
INFO:tt_main:Displaying assigned subjects for VI B
INFO:tt_main:Subject assignments: ['CNC - CNC - Apoorva S', 'CGV - CGV - Srinath G M', 'CG LAB - CG LAB - Srinath G M, Narendra Babu C']
INFO:tt_main:Subject assignments
INFO:tt_main:Faculty subject allotments
INFO:tt_main:Displaying assigned subjects for Murthy S V N
INFO:tt_main:Faculty subject allotments: []
INFO:tt_main:Displaying assigned subjects for VI B
INFO:tt_main:Subject assignments: ['CNC - CNC - Apoorva S', 'CGV - CGV - Srinath G M', 'CG LAB - CG LAB - Srinath G M, Narendra Babu C, Murthy S V N']
INFO:tt_main:Subject assignments
INFO:tt_main:Faculty subject allotments
INFO:tt_main:Displaying assigned subjects for Ajay N
INFO:tt_main:Faculty subject allotments: ['PS - PS - VIII A', 'PS - PS - VIII B']
INFO:tt_main:Displaying assigned subjects for VI B
INFO:tt_main:Subject assignments: ['CNC - CNC - Apoorva S', 'CGV - CGV - Srinath G M', 'CG LAB - CG LAB - Srinath G M, Narendra Babu C, Murthy S V N', 'SS&OS LAB - SS&OS LAB - Ajay N']
INFO:tt_main:Subject assignments
INFO:tt_main:Faculty subject allotments
INFO:tt_main:Displaying assigned subjects for Swetha T
INFO:tt_main:Faculty subject allotments: []
DEBUG:tt_main:Warning! Duplicate assignment.
INFO:tt_main:Displaying assigned subjects for VI B
INFO:tt_main:Subject assignments: ['CNC - CNC - Apoorva S', 'CGV - CGV - Srinath G M', 'CG LAB - CG LAB - Srinath G M, Narendra Babu C, Murthy S V N', 'SS&OS LAB - SS&OS LAB - Ajay N']
INFO:tt_main:Subject assignments
INFO:tt_main:Faculty subject allotments
INFO:tt_main:Displaying assigned subjects for Shashikanth T S
INFO:tt_main:Faculty subject allotments: ['PAP - PAP - VI A']
INFO:tt_main:Displaying assigned subjects for VI B
INFO:tt_main:Subject assignments: ['CNC - CNC - Apoorva S', 'CGV - CGV - Srinath G M', 'CG LAB - CG LAB - Srinath G M, Narendra Babu C, Murthy S V N', 'SS&OS LAB - SS&OS LAB - Ajay N', 'PAP - PAP - Shashikanth T S']
INFO:tt_main:Subject assignments
INFO:tt_main:Faculty subject allotments
INFO:tt_main:Displaying assigned subjects for Vinutha K
INFO:tt_main:Faculty subject allotments: ['CGC - CGC - VIII A', 'CG LAB - CG LAB - VI A']
INFO:tt_main:Displaying assigned subjects for VI B
INFO:tt_main:Subject assignments: ['CNC - CNC - Apoorva S', 'CGV - CGV - Srinath G M', 'CG LAB - CG LAB - Srinath G M, Narendra Babu C, Murthy S V N', 'SS&OS LAB - SS&OS LAB - Ajay N', 'PAP - PAP - Shashikanth T S', 'OR - OR - Vinutha K']
INFO:tt_main:Subject assignments
INFO:tt_main:Faculty subject allotments
INFO:tt_main:Displaying assigned subjects for Ajay N
INFO:tt_main:Faculty subject allotments: ['PS - PS - VIII A', 'PS - PS - VIII B', 'SS&OS LAB - SS&OS LAB - VI B']
INFO:tt_main:Displaying assigned subjects for VI B
INFO:tt_main:Subject assignments: ['CNC - CNC - Apoorva S', 'CGV - CGV - Srinath G M', 'CG LAB - CG LAB - Srinath G M, Narendra Babu C, Murthy S V N', 'SS&OS LAB - SS&OS LAB - Ajay N', 'PAP - PAP - Shashikanth T S', 'OR - OR - Vinutha K', 'SS&CD - SS&CD - Ajay N']
INFO:tt_main:Subject assignments
INFO:tt_main:Faculty subject allotments
INFO:tt_main:Displaying assigned subjects for Diwakar K M
INFO:tt_main:Faculty subject allotments: []
INFO:tt_main:Displaying assigned subjects for VI B
INFO:tt_main:Subject assignments: ['CNC - CNC - Apoorva S', 'CGV - CGV - Srinath G M', 'CG LAB - CG LAB - Srinath G M, Narendra Babu C, Murthy S V N', 'SS&OS LAB - SS&OS LAB - Ajay N', 'PAP - PAP - Shashikanth T S', 'OR - OR - Vinutha K', 'SS&CD - SS&CD - Ajay N', 'OS - OS - Diwakar K M']
INFO:tt_main:Subject assignments
INFO:tt_main:Faculty subject allotments
INFO:tt_main:Displaying assigned subjects for VI A
INFO:tt_main:Subject assignments: ['CNC - CNC - Harshavardhan', 'CGV - CGV - Sushmitha M', 'MC - MC - Rashmi K A', 'CG LAB - CG LAB - Sushmitha M, Vinutha K, Girish B G', 'SS&OS LAB - SS&OS LAB - Shrihari M R', 'PAP - PAP - Shashikanth T S', 'OR - OR - Girish B G', 'SS&CD - SS&CD - Shrihari M R', 'OS - OS - Bhararthi M']
INFO:tt_main:Displaying assigned subjects for VI B
INFO:tt_main:Subject assignments: ['CNC - CNC - Apoorva S', 'CGV - CGV - Srinath G M', 'CG LAB - CG LAB - Srinath G M, Narendra Babu C, Murthy S V N', 'SS&OS LAB - SS&OS LAB - Ajay N', 'PAP - PAP - Shashikanth T S', 'OR - OR - Vinutha K', 'SS&CD - SS&CD - Ajay N', 'OS - OS - Diwakar K M']
INFO:tt_main:Displaying assigned subjects for VI A
INFO:tt_main:Subject assignments: ['CNC - CNC - Harshavardhan', 'CGV - CGV - Sushmitha M', 'MC - MC - Rashmi K A', 'CG LAB - CG LAB - Sushmitha M, Vinutha K, Girish B G', 'SS&OS LAB - SS&OS LAB - Shrihari M R', 'PAP - PAP - Shashikanth T S', 'OR - OR - Girish B G', 'SS&CD - SS&CD - Shrihari M R', 'OS - OS - Bhararthi M']
INFO:tt_main:File Menu option clicked: Save As
DEBUG:tt_main:Save file dialog
INFO:tt_main:File name: D:/Projects/timetable-master/timetable-master/Sample Inputs/I2.json
INFO:tt_main:Saving as json file
DEBUG:tt_main:Success. Saved to D:/Projects/timetable-master/timetable-master/Sample Inputs/I2.json
DEBUG:tt_main:Third Window
INFO:tt_main:Semester: VI
INFO:tt_main:Subject constraints: {}
INFO:tt_main:Slot type: -
INFO:tt_main:Assigning subject constraints
INFO:tt_main:0 4
INFO:tt_main:Subject constraints: {'VI': {'A': {0: {4: '-'}}}}
INFO:tt_main:Assigning subject constraints
INFO:tt_main:1 4
INFO:tt_main:Subject constraints: {'VI': {'A': {0: {4: '-'}, 1: {4: '-'}}}}
INFO:tt_main:Assigning subject constraints
INFO:tt_main:2 4
INFO:tt_main:Subject constraints: {'VI': {'A': {0: {4: '-'}, 1: {4: '-'}, 2: {4: '-'}}}}
INFO:tt_main:Assigning subject constraints
INFO:tt_main:3 4
INFO:tt_main:Subject constraints: {'VI': {'A': {0: {4: '-'}, 1: {4: '-'}, 2: {4: '-'}, 3: {4: '-'}}}}
INFO:tt_main:Assigning subject constraints
INFO:tt_main:5 4
INFO:tt_main:Subject constraints: {'VI': {'A': {0: {4: '-'}, 1: {4: '-'}, 2: {4: '-'}, 3: {4: '-'}, 5: {4: '-'}}}}
INFO:tt_main:Assigning subject constraints
INFO:tt_main:4 4
INFO:tt_main:Subject constraints: {'VI': {'A': {0: {4: '-'}, 1: {4: '-'}, 2: {4: '-'}, 3: {4: '-'}, 5: {4: '-'}, 4: {4: '-'}}}}
INFO:tt_main:Assigning subject constraints
INFO:tt_main:2 3
INFO:tt_main:Subject constraints: {'VI': {'A': {0: {4: '-'}, 1: {4: '-'}, 2: {4: '-', 3: '-'}, 3: {4: '-'}, 5: {4: '-'}, 4: {4: '-'}}}}
INFO:tt_main:Slot type: Elective 1
INFO:tt_main:Assigning subject constraints
INFO:tt_main:0 1
INFO:tt_main:Subject constraints: {'VI': {'A': {0: {4: '-', 1: 'MC/PAP'}, 1: {4: '-'}, 2: {4: '-', 3: '-'}, 3: {4: '-'}, 5: {4: '-'}, 4: {4: '-'}}, 'B': {0: {1: 'MC/PAP'}}}}
INFO:tt_main:Assigning subject constraints
INFO:tt_main:0 1
INFO:tt_main:Elective 1 exists
INFO:tt_main:Subject constraints: {'VI': {'A': {0: {4: '-'}, 1: {4: '-'}, 2: {4: '-', 3: '-'}, 3: {4: '-'}, 5: {4: '-'}, 4: {4: '-'}}, 'B': {0: {}}}}
INFO:tt_main:Section B
INFO:tt_main:Displaying subject constraints for: VI B
INFO:tt_main:Subject constraints: {0: {}}
INFO:tt_main:Slot type: -
INFO:tt_main:Assigning subject constraints
INFO:tt_main:0 4
INFO:tt_main:Subject constraints: {'VI': {'A': {0: {4: '-'}, 1: {4: '-'}, 2: {4: '-', 3: '-'}, 3: {4: '-'}, 5: {4: '-'}, 4: {4: '-'}}, 'B': {0: {4: '-'}}}}
INFO:tt_main:Assigning subject constraints
INFO:tt_main:1 4
INFO:tt_main:Subject constraints: {'VI': {'A': {0: {4: '-'}, 1: {4: '-'}, 2: {4: '-', 3: '-'}, 3: {4: '-'}, 5: {4: '-'}, 4: {4: '-'}}, 'B': {0: {4: '-'}, 1: {4: '-'}}}}
INFO:tt_main:Assigning subject constraints
INFO:tt_main:2 4
INFO:tt_main:Subject constraints: {'VI': {'A': {0: {4: '-'}, 1: {4: '-'}, 2: {4: '-', 3: '-'}, 3: {4: '-'}, 5: {4: '-'}, 4: {4: '-'}}, 'B': {0: {4: '-'}, 1: {4: '-'}, 2: {4: '-'}}}}
INFO:tt_main:Assigning subject constraints
INFO:tt_main:3 4
INFO:tt_main:Subject constraints: {'VI': {'A': {0: {4: '-'}, 1: {4: '-'}, 2: {4: '-', 3: '-'}, 3: {4: '-'}, 5: {4: '-'}, 4: {4: '-'}}, 'B': {0: {4: '-'}, 1: {4: '-'}, 2: {4: '-'}, 3: {4: '-'}}}}
INFO:tt_main:Assigning subject constraints
INFO:tt_main:4 4
INFO:tt_main:Subject constraints: {'VI': {'A': {0: {4: '-'}, 1: {4: '-'}, 2: {4: '-', 3: '-'}, 3: {4: '-'}, 5: {4: '-'}, 4: {4: '-'}}, 'B': {0: {4: '-'}, 1: {4: '-'}, 2: {4: '-'}, 3: {4: '-'}, 4: {4: '-'}}}}
INFO:tt_main:Assigning subject constraints
INFO:tt_main:5 4
INFO:tt_main:Subject constraints: {'VI': {'A': {0: {4: '-'}, 1: {4: '-'}, 2: {4: '-', 3: '-'}, 3: {4: '-'}, 5: {4: '-'}, 4: {4: '-'}}, 'B': {0: {4: '-'}, 1: {4: '-'}, 2: {4: '-'}, 3: {4: '-'}, 4: {4: '-'}, 5: {4: '-'}}}}
INFO:tt_main:Assigning subject constraints
INFO:tt_main:2 3
INFO:tt_main:Subject constraints: {'VI': {'A': {0: {4: '-'}, 1: {4: '-'}, 2: {4: '-', 3: '-'}, 3: {4: '-'}, 5: {4: '-'}, 4: {4: '-'}}, 'B': {0: {4: '-'}, 1: {4: '-'}, 2: {4: '-', 3: '-'}, 3: {4: '-'}, 4: {4: '-'}, 5: {4: '-'}}}}
INFO:tt_main:Section A
INFO:tt_main:Displaying subject constraints for: VI A
INFO:tt_main:Subject constraints: {0: {4: '-'}, 1: {4: '-'}, 2: {4: '-', 3: '-'}, 3: {4: '-'}, 5: {4: '-'}, 4: {4: '-'}}
INFO:tt_main:VI A 0 4
INFO:tt_main:VI A 1 4
INFO:tt_main:VI A 2 4
INFO:tt_main:VI A 2 3
INFO:tt_main:VI A 3 4
INFO:tt_main:VI A 5 4
INFO:tt_main:VI A 4 4
INFO:tt_main:Slot type: CG LAB - CG LAB
INFO:tt_main:Assigning subject constraints
INFO:tt_main:1 0
INFO:tt_main:Subject constraints: {'VI': {'A': {0: {4: '-'}, 1: {4: '-', 0: 'CG LAB'}, 2: {4: '-', 3: '-'}, 3: {4: '-'}, 5: {4: '-'}, 4: {4: '-'}}, 'B': {0: {4: '-'}, 1: {4: '-'}, 2: {4: '-', 3: '-'}, 3: {4: '-'}, 4: {4: '-'}, 5: {4: '-'}}}}
INFO:tt_main:Assigning subject constraints
INFO:tt_main:1 1
INFO:tt_main:Subject constraints: {'VI': {'A': {0: {4: '-'}, 1: {4: '-', 0: 'CG LAB', 1: 'CG LAB'}, 2: {4: '-', 3: '-'}, 3: {4: '-'}, 5: {4: '-'}, 4: {4: '-'}}, 'B': {0: {4: '-'}, 1: {4: '-'}, 2: {4: '-', 3: '-'}, 3: {4: '-'}, 4: {4: '-'}, 5: {4: '-'}}}}
INFO:tt_main:Assigning subject constraints
INFO:tt_main:1 2
INFO:tt_main:Subject constraints: {'VI': {'A': {0: {4: '-'}, 1: {4: '-', 0: 'CG LAB', 1: 'CG LAB', 2: 'CG LAB'}, 2: {4: '-', 3: '-'}, 3: {4: '-'}, 5: {4: '-'}, 4: {4: '-'}}, 'B': {0: {4: '-'}, 1: {4: '-'}, 2: {4: '-', 3: '-'}, 3: {4: '-'}, 4: {4: '-'}, 5: {4: '-'}}}}
INFO:tt_main:Assigning subject constraints
INFO:tt_main:3 5
INFO:tt_main:Subject constraints: {'VI': {'A': {0: {4: '-'}, 1: {4: '-', 0: 'CG LAB', 1: 'CG LAB', 2: 'CG LAB'}, 2: {4: '-', 3: '-'}, 3: {4: '-', 5: 'CG LAB'}, 5: {4: '-'}, 4: {4: '-'}}, 'B': {0: {4: '-'}, 1: {4: '-'}, 2: {4: '-', 3: '-'}, 3: {4: '-'}, 4: {4: '-'}, 5: {4: '-'}}}}
INFO:tt_main:Assigning subject constraints
INFO:tt_main:3 6
INFO:tt_main:Subject constraints: {'VI': {'A': {0: {4: '-'}, 1: {4: '-', 0: 'CG LAB', 1: 'CG LAB', 2: 'CG LAB'}, 2: {4: '-', 3: '-'}, 3: {4: '-', 5: 'CG LAB', 6: 'CG LAB'}, 5: {4: '-'}, 4: {4: '-'}}, 'B': {0: {4: '-'}, 1: {4: '-'}, 2: {4: '-', 3: '-'}, 3: {4: '-'}, 4: {4: '-'}, 5: {4: '-'}}}}
INFO:tt_main:Assigning subject constraints
INFO:tt_main:3 7
INFO:tt_main:Subject constraints: {'VI': {'A': {0: {4: '-'}, 1: {4: '-', 0: 'CG LAB', 1: 'CG LAB', 2: 'CG LAB'}, 2: {4: '-', 3: '-'}, 3: {4: '-', 5: 'CG LAB', 6: 'CG LAB', 7: 'CG LAB'}, 5: {4: '-'}, 4: {4: '-'}}, 'B': {0: {4: '-'}, 1: {4: '-'}, 2: {4: '-', 3: '-'}, 3: {4: '-'}, 4: {4: '-'}, 5: {4: '-'}}}}
INFO:tt_main:Slot type: SS&OS LAB - SS&OS LAB
INFO:tt_main:Assigning subject constraints
INFO:tt_main:1 0
INFO:tt_main:Subject constraints: {'VI': {'A': {0: {4: '-'}, 1: {4: '-', 0: 'SS&OS LAB', 1: 'CG LAB', 2: 'CG LAB'}, 2: {4: '-', 3: '-'}, 3: {4: '-', 5: 'CG LAB', 6: 'CG LAB', 7: 'CG LAB'}, 5: {4: '-'}, 4: {4: '-'}}, 'B': {0: {4: '-'}, 1: {4: '-'}, 2: {4: '-', 3: '-'}, 3: {4: '-'}, 4: {4: '-'}, 5: {4: '-'}}}}
INFO:tt_main:Assigning subject constraints
INFO:tt_main:1 1
INFO:tt_main:Subject constraints: {'VI': {'A': {0: {4: '-'}, 1: {4: '-', 0: 'SS&OS LAB', 1: 'SS&OS LAB', 2: 'CG LAB'}, 2: {4: '-', 3: '-'}, 3: {4: '-', 5: 'CG LAB', 6: 'CG LAB', 7: 'CG LAB'}, 5: {4: '-'}, 4: {4: '-'}}, 'B': {0: {4: '-'}, 1: {4: '-'}, 2: {4: '-', 3: '-'}, 3: {4: '-'}, 4: {4: '-'}, 5: {4: '-'}}}}
INFO:tt_main:Assigning subject constraints
INFO:tt_main:1 2
INFO:tt_main:Subject constraints: {'VI': {'A': {0: {4: '-'}, 1: {4: '-', 0: 'SS&OS LAB', 1: 'SS&OS LAB', 2: 'SS&OS LAB'}, 2: {4: '-', 3: '-'}, 3: {4: '-', 5: 'CG LAB', 6: 'CG LAB', 7: 'CG LAB'}, 5: {4: '-'}, 4: {4: '-'}}, 'B': {0: {4: '-'}, 1: {4: '-'}, 2: {4: '-', 3: '-'}, 3: {4: '-'}, 4: {4: '-'}, 5: {4: '-'}}}}
INFO:tt_main:Section B
INFO:tt_main:Displaying subject constraints for: VI B
INFO:tt_main:Subject constraints: {0: {4: '-'}, 1: {4: '-'}, 2: {4: '-', 3: '-'}, 3: {4: '-'}, 4: {4: '-'}, 5: {4: '-'}}
INFO:tt_main:VI B 0 4
INFO:tt_main:VI B 1 4
INFO:tt_main:VI B 2 4
INFO:tt_main:VI B 2 3
INFO:tt_main:VI B 3 4
INFO:tt_main:VI B 4 4
INFO:tt_main:VI B 5 4
INFO:tt_main:Assigning subject constraints
INFO:tt_main:2 0
INFO:tt_main:Subject constraints: {'VI': {'A': {0: {4: '-'}, 1: {4: '-', 0: 'SS&OS LAB', 1: 'SS&OS LAB', 2: 'SS&OS LAB'}, 2: {4: '-', 3: '-'}, 3: {4: '-', 5: 'CG LAB', 6: 'CG LAB', 7: 'CG LAB'}, 5: {4: '-'}, 4: {4: '-'}}, 'B': {0: {4: '-'}, 1: {4: '-'}, 2: {4: '-', 3: '-', 0: 'SS&OS LAB'}, 3: {4: '-'}, 4: {4: '-'}, 5: {4: '-'}}}}
INFO:tt_main:Assigning subject constraints
INFO:tt_main:2 1
INFO:tt_main:Subject constraints: {'VI': {'A': {0: {4: '-'}, 1: {4: '-', 0: 'SS&OS LAB', 1: 'SS&OS LAB', 2: 'SS&OS LAB'}, 2: {4: '-', 3: '-'}, 3: {4: '-', 5: 'CG LAB', 6: 'CG LAB', 7: 'CG LAB'}, 5: {4: '-'}, 4: {4: '-'}}, 'B': {0: {4: '-'}, 1: {4: '-'}, 2: {4: '-', 3: '-', 0: 'SS&OS LAB', 1: 'SS&OS LAB'}, 3: {4: '-'}, 4: {4: '-'}, 5: {4: '-'}}}}
INFO:tt_main:Assigning subject constraints
INFO:tt_main:2 2
INFO:tt_main:Subject constraints: {'VI': {'A': {0: {4: '-'}, 1: {4: '-', 0: 'SS&OS LAB', 1: 'SS&OS LAB', 2: 'SS&OS LAB'}, 2: {4: '-', 3: '-'}, 3: {4: '-', 5: 'CG LAB', 6: 'CG LAB', 7: 'CG LAB'}, 5: {4: '-'}, 4: {4: '-'}}, 'B': {0: {4: '-'}, 1: {4: '-'}, 2: {4: '-', 3: '-', 0: 'SS&OS LAB', 1: 'SS&OS LAB', 2: 'SS&OS LAB'}, 3: {4: '-'}, 4: {4: '-'}, 5: {4: '-'}}}}
INFO:tt_main:Slot type: CG LAB - CG LAB
INFO:tt_main:Assigning subject constraints
INFO:tt_main:3 5
INFO:tt_main:Subject constraints: {'VI': {'A': {0: {4: '-'}, 1: {4: '-', 0: 'SS&OS LAB', 1: 'SS&OS LAB', 2: 'SS&OS LAB'}, 2: {4: '-', 3: '-'}, 3: {4: '-', 5: 'CG LAB', 6: 'CG LAB', 7: 'CG LAB'}, 5: {4: '-'}, 4: {4: '-'}}, 'B': {0: {4: '-'}, 1: {4: '-'}, 2: {4: '-', 3: '-', 0: 'SS&OS LAB', 1: 'SS&OS LAB', 2: 'SS&OS LAB'}, 3: {4: '-', 5: 'CG LAB'}, 4: {4: '-'}, 5: {4: '-'}}}}
INFO:tt_main:Assigning subject constraints
INFO:tt_main:3 5
INFO:tt_main:CG LAB exists
INFO:tt_main:Subject constraints: {'VI': {'A': {0: {4: '-'}, 1: {4: '-', 0: 'SS&OS LAB', 1: 'SS&OS LAB', 2: 'SS&OS LAB'}, 2: {4: '-', 3: '-'}, 3: {4: '-', 5: 'CG LAB', 6: 'CG LAB', 7: 'CG LAB'}, 5: {4: '-'}, 4: {4: '-'}}, 'B': {0: {4: '-'}, 1: {4: '-'}, 2: {4: '-', 3: '-', 0: 'SS&OS LAB', 1: 'SS&OS LAB', 2: 'SS&OS LAB'}, 3: {4: '-'}, 4: {4: '-'}, 5: {4: '-'}}}}
INFO:tt_main:Assigning subject constraints
INFO:tt_main:4 5
INFO:tt_main:Subject constraints: {'VI': {'A': {0: {4: '-'}, 1: {4: '-', 0: 'SS&OS LAB', 1: 'SS&OS LAB', 2: 'SS&OS LAB'}, 2: {4: '-', 3: '-'}, 3: {4: '-', 5: 'CG LAB', 6: 'CG LAB', 7: 'CG LAB'}, 5: {4: '-'}, 4: {4: '-'}}, 'B': {0: {4: '-'}, 1: {4: '-'}, 2: {4: '-', 3: '-', 0: 'SS&OS LAB', 1: 'SS&OS LAB', 2: 'SS&OS LAB'}, 3: {4: '-'}, 4: {4: '-', 5: 'CG LAB'}, 5: {4: '-'}}}}
INFO:tt_main:Assigning subject constraints
INFO:tt_main:4 6
INFO:tt_main:Subject constraints: {'VI': {'A': {0: {4: '-'}, 1: {4: '-', 0: 'SS&OS LAB', 1: 'SS&OS LAB', 2: 'SS&OS LAB'}, 2: {4: '-', 3: '-'}, 3: {4: '-', 5: 'CG LAB', 6: 'CG LAB', 7: 'CG LAB'}, 5: {4: '-'}, 4: {4: '-'}}, 'B': {0: {4: '-'}, 1: {4: '-'}, 2: {4: '-', 3: '-', 0: 'SS&OS LAB', 1: 'SS&OS LAB', 2: 'SS&OS LAB'}, 3: {4: '-'}, 4: {4: '-', 5: 'CG LAB', 6: 'CG LAB'}, 5: {4: '-'}}}}
INFO:tt_main:Assigning subject constraints
INFO:tt_main:5 7
INFO:tt_main:Subject constraints: {'VI': {'A': {0: {4: '-'}, 1: {4: '-', 0: 'SS&OS LAB', 1: 'SS&OS LAB', 2: 'SS&OS LAB'}, 2: {4: '-', 3: '-'}, 3: {4: '-', 5: 'CG LAB', 6: 'CG LAB', 7: 'CG LAB'}, 5: {4: '-'}, 4: {4: '-'}}, 'B': {0: {4: '-'}, 1: {4: '-'}, 2: {4: '-', 3: '-', 0: 'SS&OS LAB', 1: 'SS&OS LAB', 2: 'SS&OS LAB'}, 3: {4: '-'}, 4: {4: '-', 5: 'CG LAB', 6: 'CG LAB'}, 5: {4: '-', 7: 'CG LAB'}}}}
INFO:tt_main:Assigning subject constraints
INFO:tt_main:5 7
INFO:tt_main:CG LAB exists
INFO:tt_main:Subject constraints: {'VI': {'A': {0: {4: '-'}, 1: {4: '-', 0: 'SS&OS LAB', 1: 'SS&OS LAB', 2: 'SS&OS LAB'}, 2: {4: '-', 3: '-'}, 3: {4: '-', 5: 'CG LAB', 6: 'CG LAB', 7: 'CG LAB'}, 5: {4: '-'}, 4: {4: '-'}}, 'B': {0: {4: '-'}, 1: {4: '-'}, 2: {4: '-', 3: '-', 0: 'SS&OS LAB', 1: 'SS&OS LAB', 2: 'SS&OS LAB'}, 3: {4: '-'}, 4: {4: '-', 5: 'CG LAB', 6: 'CG LAB'}, 5: {4: '-'}}}}
INFO:tt_main:Assigning subject constraints
INFO:tt_main:4 7
INFO:tt_main:Subject constraints: {'VI': {'A': {0: {4: '-'}, 1: {4: '-', 0: 'SS&OS LAB', 1: 'SS&OS LAB', 2: 'SS&OS LAB'}, 2: {4: '-', 3: '-'}, 3: {4: '-', 5: 'CG LAB', 6: 'CG LAB', 7: 'CG LAB'}, 5: {4: '-'}, 4: {4: '-'}}, 'B': {0: {4: '-'}, 1: {4: '-'}, 2: {4: '-', 3: '-', 0: 'SS&OS LAB', 1: 'SS&OS LAB', 2: 'SS&OS LAB'}, 3: {4: '-'}, 4: {4: '-', 5: 'CG LAB', 6: 'CG LAB', 7: 'CG LAB'}, 5: {4: '-'}}}}
DEBUG:tt_main:Fourth Window
DEBUG:tt_main:Resetting Fifth Window
DEBUG:tt_main:Fifth Window
DEBUG:tt_main:Generating timetable...
Scheduling slots...
Alotting subjects to slots...
INFO:tt_algo:VI A                 9:00-10:00           10:00-10:50          10:50-11:00          11:00-11:50          11:50-12:40          12:40-1:30           1:30-2:20            2:20-3:10            3:10-4:00            
INFO:tt_algo:monday               -                    -                    -                    -                    -                    -                    -                    -                   
INFO:tt_algo:tuesday              SS&OS LAB            SS&OS LAB            SS&OS LAB            -                    -                    -                    -                    -                   
INFO:tt_algo:wednesday            -                    -                    -                    -                    -                    -                    -                    -                   
INFO:tt_algo:thursday             -                    -                    -                    -                    -                    CG LAB               CG LAB               CG LAB              
INFO:tt_algo:friday               -                    -                    -                    -                    -                    -                    -                    -                   
INFO:tt_algo:saturday             -                    -                    -                    -                   
INFO:tt_algo:

INFO:tt_algo:VI B                 9:00-10:00           10:00-10:50          10:50-11:00          11:00-11:50          11:50-12:40          12:40-1:30           1:30-2:20            2:20-3:10            3:10-4:00            
INFO:tt_algo:monday               -                    -                    -                    -                    -                    -                    -                    -                   
INFO:tt_algo:tuesday              -                    -                    -                    -                    -                    -                    -                    -                   
INFO:tt_algo:wednesday            SS&OS LAB            SS&OS LAB            SS&OS LAB            -                    -                    -                    -                    -                   
INFO:tt_algo:thursday             -                    -                    -                    -                    -                    -                    -                    -                   
INFO:tt_algo:friday               -                    -                    -                    -                    -                    CG LAB               CG LAB               CG LAB              
INFO:tt_algo:saturday             -                    -                    -                    -                   
INFO:tt_algo:

INFO:tt_algo:...generating...
INFO:tt_algo:
ERROR:tt_main:Logging an uncaught exception
Traceback (most recent call last):
  File "D:/Projects/timetable-master/timetable-master/ui_controller.py", line 1433, in generate_event
    self.timetables, self.faculty_timetables, dayclash = tt.produce_timetable(self, loc)
  File "D:\Projects\timetable-master\timetable-master\tt.py", line 329, in produce_timetable
    generate(timetables[sem][section], subjects[sem][section], faculty, location)
  File "D:\Projects\timetable-master\timetable-master\tt.py", line 76, in generate
    if faculty[subject[2]].final[day][time] != True and getnumhours(tt, subject, day)[0] < 1: # if teacher slot is not finalized and subject isnt already there that day
TypeError: unhashable type: 'list'
